2019-01-28T13:57:37.433Z - info: Website generation started at 21:57:31
2019-01-28T13:57:41.308Z - info: Building assets...
2019-01-28T13:57:44.962Z - info: Assets built
2019-01-28T13:57:44.962Z - info: Generating pages...
2019-01-28T13:59:19.596Z - info: Pages built
2019-01-28T13:59:39.126Z - info: Website generation complete! Total build time: 127.401s
2019-01-28T13:59:39.134Z - info: Generate Site durationMs=127409
2019-01-28T13:59:39.165Z - info: Serving "C:\repos\nus-te3201\te3201-2019-website\_site" at http://127.0.0.1:8080
2019-01-28T13:59:39.165Z - info: Press CTRL+C to stop ...
2019-01-28T13:59:39.181Z - info: Site data built
2019-01-28T14:06:25.299Z - info: [22:06:25] Reload for file add: C:\repos\nus-te3201\te3201-2019-website\programming\functions-scope\e-grader-main-function.md
2019-01-28T14:06:26.303Z - warn: Rebuilding all source files
2019-01-28T14:06:29.278Z - info: Assets removed
2019-01-28T14:06:29.278Z - info: Generating pages...
2019-01-28T14:08:17.210Z - info: Pages built
2019-01-28T14:09:47.748Z - info: [22:09:47] Reload for file change: C:\repos\nus-te3201\te3201-2019-website\programming\functions-scope\e-grader-main-function.md
2019-01-28T14:09:48.753Z - info: Rebuilding affected source files
2019-01-28T14:09:48.753Z - info: Rebuilding 0 pages
2019-01-28T14:09:48.753Z - info: Pages rebuilt
2019-01-28T14:09:48.761Z - info: Site data built
2019-01-28T14:09:59.807Z - info: [22:09:59] Reload for file change: C:\repos\nus-te3201\te3201-2019-website\programming\functions-scope\e-grader-main-function.md
2019-01-28T14:10:00.807Z - info: Rebuilding affected source files
2019-01-28T14:10:00.807Z - info: Rebuilding 0 pages
2019-01-28T14:10:00.811Z - info: Pages rebuilt
2019-01-28T14:10:00.815Z - info: Site data built
2019-01-28T14:11:26.168Z - info: [22:11:26] Reload for file add: C:\repos\nus-te3201\te3201-2019-website\programming\functions-scope\e-grader-addMainFunction.md
2019-01-28T14:11:26.268Z - info: [22:11:26] Reload for file deletion: C:\repos\nus-te3201\te3201-2019-website\programming\functions-scope\e-grader-main-function.md
2019-01-28T14:11:27.171Z - warn: Rebuilding all source files
2019-01-28T14:11:28.929Z - info: Assets removed
2019-01-28T14:11:28.929Z - info: Generating pages...
2019-01-28T14:12:46.551Z - info: [22:12:46] Reload for file change: C:\repos\nus-te3201\te3201-2019-website\programming\functions-scope\text.md
2019-01-28T14:12:46.806Z - info: [22:12:46] Reload for file change: C:\repos\nus-te3201\te3201-2019-website\programming\functions-scope\text.md
2019-01-28T14:12:52.706Z - info: Rebuilding affected source files
2019-01-28T14:12:52.707Z - info: Rebuilding 0 pages
2019-01-28T14:12:54.899Z - info: Pages rebuilt
2019-01-28T14:13:09.371Z - info: Site data built
2019-01-28T14:13:19.755Z - info: Pages built
2019-01-28T14:13:25.007Z - info: [22:13:25] Reload for file change: C:\repos\nus-te3201\te3201-2019-website\programming\functions-scope\e-grader-addMainFunction.md
2019-01-28T14:13:26.009Z - info: Rebuilding affected source files
2019-01-28T14:13:26.016Z - info: Rebuilding 4 pages
2019-01-28T14:13:32.778Z - info: Pages rebuilt
2019-01-28T14:13:32.903Z - info: Site data built
2019-01-28T14:18:55.585Z - info: [22:18:55] Reload for file change: C:\repos\nus-te3201\te3201-2019-website\programming\functions-scope\e-grader-addMainFunction.md
2019-01-28T14:18:56.587Z - info: Rebuilding affected source files
2019-01-28T14:18:56.589Z - info: Rebuilding 4 pages
2019-01-28T14:19:03.537Z - info: Pages rebuilt
2019-01-28T14:19:03.564Z - info: Site data built
2019-01-28T14:20:42.407Z - info: [22:20:42] Reload for file change: C:\repos\nus-te3201\te3201-2019-website\programming\functions-scope\e-grader-addMainFunction.md
2019-01-28T14:20:43.409Z - info: Rebuilding affected source files
2019-01-28T14:20:43.416Z - info: Rebuilding 4 pages
2019-01-28T14:20:50.478Z - info: Pages rebuilt
2019-01-28T14:20:50.490Z - info: Site data built
2019-01-28T14:22:34.307Z - info: [22:22:34] Reload for file change: C:\repos\nus-te3201\te3201-2019-website\programming\functions-scope\e-grader-addMainFunction.md
2019-01-28T14:22:35.311Z - info: Rebuilding affected source files
2019-01-28T14:22:35.318Z - info: Rebuilding 4 pages
2019-01-28T14:22:42.718Z - info: Pages rebuilt
2019-01-28T14:22:42.755Z - info: Site data built
2019-01-28T14:24:13.394Z - info: [22:24:13] Reload for file change: C:\repos\nus-te3201\te3201-2019-website\programming\functions-scope\e-grader-addMainFunction.md
2019-01-28T14:24:14.395Z - info: Rebuilding affected source files
2019-01-28T14:24:14.400Z - info: Rebuilding 4 pages
2019-01-28T14:24:21.199Z - info: Pages rebuilt
2019-01-28T14:24:21.220Z - info: Site data built
2019-01-28T14:24:57.174Z - info: [22:24:57] Reload for file change: C:\repos\nus-te3201\te3201-2019-website\programming\functions-scope\e-grader-addMainFunction.md
2019-01-28T14:24:58.179Z - info: Rebuilding affected source files
2019-01-28T14:24:58.185Z - info: Rebuilding 4 pages
2019-01-28T14:25:05.152Z - info: Pages rebuilt
2019-01-28T14:25:05.190Z - info: Site data built
2019-01-28T14:25:14.914Z - info: [22:25:14] Reload for file change: C:\repos\nus-te3201\te3201-2019-website\programming\functions-scope\e-grader-addMainFunction.md
2019-01-28T14:25:15.922Z - info: Rebuilding affected source files
2019-01-28T14:25:15.926Z - info: Rebuilding 4 pages
2019-01-28T14:25:20.408Z - info: Pages rebuilt
2019-01-28T14:25:20.520Z - info: Site data built
2019-01-28T14:27:44.308Z - info: [22:27:44] Reload for file add: C:\repos\nus-te3201\te3201-2019-website\programming\functions-scope\e-grader-restructureMainFunction.md
2019-01-28T14:27:45.310Z - warn: Rebuilding all source files
2019-01-28T14:27:47.664Z - info: Assets removed
2019-01-28T14:27:47.665Z - info: Generating pages...
2019-01-28T14:29:05.937Z - info: [22:29:05] Reload for file deletion: C:\repos\nus-te3201\te3201-2019-website\programming\functions-scope\e-grader-restructureMainFunction.md
2019-01-28T14:29:33.247Z - info: [22:29:33] Reload for file change: C:\repos\nus-te3201\te3201-2019-website\programming\functions-scope\text.md
2019-01-28T14:29:34.416Z - info: [22:29:34] Reload for file change: C:\repos\nus-te3201\te3201-2019-website\programming\functions-scope\text.md
2019-01-28T14:29:34.890Z - info: Rebuilding affected source files
2019-01-28T14:29:34.890Z - info: Rebuilding 0 pages
2019-01-28T14:29:34.937Z - info: Pages rebuilt
2019-01-28T14:29:35.857Z - info: [22:29:35] Reload for file add: C:\repos\nus-te3201\te3201-2019-website\programming\functions-scope\e-grader-restructureTheMainFunction.md
2019-01-28T14:29:38.838Z - info: Site data built
2019-01-28T14:29:43.998Z - info: Pages built
2019-01-28T14:29:43.998Z - warn: Rebuilding all source files
2019-01-28T14:29:45.923Z - info: Assets removed
2019-01-28T14:29:45.923Z - info: Generating pages...
2019-01-28T14:30:56.299Z - info: [22:30:56] Reload for file change: C:\repos\nus-te3201\te3201-2019-website\programming\functions-scope\e-grader-restructureTheMainFunction.md
2019-01-28T14:31:02.830Z - info: Rebuilding affected source files
2019-01-28T14:31:02.830Z - info: Rebuilding 0 pages
2019-01-28T14:31:03.281Z - info: Pages rebuilt
2019-01-28T14:31:18.369Z - info: Site data built
2019-01-28T14:31:28.964Z - info: Pages built
2019-01-28T14:32:18.244Z - info: [22:32:18] Reload for file change: C:\repos\nus-te3201\te3201-2019-website\programming\functions-scope\e-grader-analyzeInLoop.md
2019-01-28T14:32:19.245Z - info: Rebuilding affected source files
2019-01-28T14:32:19.246Z - info: Rebuilding 4 pages
2019-01-28T14:32:26.327Z - info: Pages rebuilt
2019-01-28T14:32:26.458Z - info: Site data built
2019-01-28T14:35:11.085Z - info: [22:35:11] Reload for file change: C:\repos\nus-te3201\te3201-2019-website\programming\functions-scope\e-grader-analyzeInLoop.md
2019-01-28T14:35:12.092Z - info: Rebuilding affected source files
2019-01-28T14:35:12.098Z - info: Rebuilding 4 pages
2019-01-28T14:35:19.344Z - info: Pages rebuilt
2019-01-28T14:35:19.360Z - info: Site data built
2019-01-28T14:37:56.202Z - info: [22:37:56] Reload for file change: C:\repos\nus-te3201\te3201-2019-website\programming\functions-scope\e-grader-restructureTheMainFunction.md
2019-01-28T14:37:57.206Z - info: Rebuilding affected source files
2019-01-28T14:37:57.215Z - info: Rebuilding 4 pages
2019-01-28T14:38:05.002Z - info: Pages rebuilt
2019-01-28T14:38:05.020Z - info: Site data built
2019-01-28T14:38:38.758Z - info: [22:38:38] Reload for file change: C:\repos\nus-te3201\te3201-2019-website\programming\functions-scope\e-grader-restructureTheMainFunction.md
2019-01-28T14:38:39.762Z - info: Rebuilding affected source files
2019-01-28T14:38:39.768Z - info: Rebuilding 4 pages
2019-01-28T14:38:46.220Z - info: Pages rebuilt
2019-01-28T14:38:46.240Z - info: Site data built
2019-01-28T14:50:01.654Z - info: [22:50:01] Reload for file change: C:\repos\nus-te3201\te3201-2019-website\programming\functions-scope\e-grader-restructureTheMainFunction.md
2019-01-28T14:50:02.659Z - info: Rebuilding affected source files
2019-01-28T14:50:02.695Z - info: Rebuilding 4 pages
2019-01-28T14:50:07.853Z - info: Pages rebuilt
2019-01-28T14:50:07.860Z - info: Site data built
2019-01-28T14:53:30.134Z - info: [22:53:30] Reload for file change: C:\repos\nus-te3201\te3201-2019-website\programming\functions-scope\e-grader-addMainFunction.md
2019-01-28T14:53:30.144Z - info: [22:53:30] Reload for file change: C:\repos\nus-te3201\te3201-2019-website\programming\functions-scope\e-grader-restructureTheMainFunction.md
2019-01-28T14:53:31.138Z - info: Rebuilding affected source files
2019-01-28T14:53:31.142Z - info: Rebuilding 4 pages
2019-01-28T14:53:38.072Z - info: Pages rebuilt
2019-01-28T14:53:38.096Z - info: Site data built
2019-01-28T15:13:21.161Z - info: Website generation started at 23:13:16
2019-01-28T15:13:23.529Z - info: Building assets...
