2019-02-24T04:48:53.915Z - info: Website generation started at 12:48:51 PM
2019-02-24T04:48:55.775Z - info: Building assets...
2019-02-24T04:48:57.601Z - info: Assets built
2019-02-24T04:48:57.601Z - info: Generating pages...
2019-02-24T04:49:50.726Z - info: Pages built
2019-02-24T04:50:01.034Z - info: Website generation complete! Total build time: 69.99s
2019-02-24T04:50:01.055Z - info: Generate Site durationMs=70011
2019-02-24T04:50:01.418Z - info: Serving "C:\repos\nus-te3201\te3201-2019-website\_site" at http://127.0.0.1:8080
2019-02-24T04:50:01.418Z - info: Press CTRL+C to stop ...
2019-02-24T04:50:01.452Z - info: Site data built
2019-02-24T04:51:51.045Z - info: [12:51:51 PM] Reload for file change: C:\repos\nus-te3201\te3201-2019-website\programming\monty\monty.mbdf
2019-02-24T04:51:52.048Z - info: Rebuilding affected source files
2019-02-24T04:51:52.051Z - info: Rebuilding 10 pages
2019-02-24T04:51:56.833Z - info: Pages rebuilt
2019-02-24T04:51:56.844Z - info: Site data built
2019-02-24T04:53:26.870Z - info: [12:53:26 PM] Reload for file change: C:\repos\nus-te3201\te3201-2019-website\programming\monty\monty.mbdf
2019-02-24T04:53:27.870Z - info: Rebuilding affected source files
2019-02-24T04:53:27.874Z - info: Rebuilding 10 pages
2019-02-24T04:53:32.686Z - info: Pages rebuilt
2019-02-24T04:53:32.702Z - info: Site data built
2019-02-24T04:57:23.854Z - info: [12:57:23 PM] Reload for file change: C:\repos\nus-te3201\te3201-2019-website\admin\te3201-admin.md
2019-02-24T04:57:24.856Z - info: Rebuilding affected source files
2019-02-24T04:57:24.857Z - info: Rebuilding 1 pages
2019-02-24T04:57:25.358Z - info: Pages rebuilt
2019-02-24T04:57:25.368Z - info: Site data built
2019-02-24T04:57:34.985Z - info: [12:57:34 PM] Reload for file change: C:\repos\nus-te3201\te3201-2019-website\admin\te3201-admin.md
2019-02-24T04:57:35.987Z - info: Rebuilding affected source files
2019-02-24T04:57:35.988Z - info: Rebuilding 1 pages
2019-02-24T04:57:36.326Z - info: Pages rebuilt
2019-02-24T04:57:36.333Z - info: Site data built
2019-02-24T04:58:38.778Z - info: [12:58:38 PM] Reload for file change: C:\repos\nus-te3201\te3201-2019-website\admin\te3201-admin.md
2019-02-24T04:58:39.779Z - info: Rebuilding affected source files
2019-02-24T04:58:39.781Z - info: Rebuilding 1 pages
2019-02-24T04:58:40.272Z - info: Pages rebuilt
2019-02-24T04:58:40.283Z - info: Site data built
2019-02-24T05:01:54.587Z - info: [1:01:54 PM] Reload for file change: C:\repos\nus-te3201\te3201-2019-website\admin\te3201-admin.md
2019-02-24T05:01:55.588Z - info: Rebuilding affected source files
2019-02-24T05:01:55.590Z - info: Rebuilding 1 pages
2019-02-24T05:01:55.685Z - error:  Error: No such file: C:\repos\nus-te3201\te3201-2019-website\programming\monty.mbdf
Missing reference in C:\repos\nus-te3201\te3201-2019-website\admin\te3201-admin.md
    at Parser._preprocess (C:\Users\dcsdcr\AppData\Roaming\npm\node_modules\markbind-cli\src\lib\markbind\src\parser.js:206:21)
    at element.children.element.children.map.e (C:\Users\dcsdcr\AppData\Roaming\npm\node_modules\markbind-cli\src\lib\markbind\src\parser.js:373:57)
    at Array.map (<anonymous>)
    at Parser._preprocess (C:\Users\dcsdcr\AppData\Roaming\npm\node_modules\markbind-cli\src\lib\markbind\src\parser.js:373:43)
    at element.children.element.children.map.e (C:\Users\dcsdcr\AppData\Roaming\npm\node_modules\markbind-cli\src\lib\markbind\src\parser.js:373:57)
    at Array.map (<anonymous>)
    at Parser._preprocess (C:\Users\dcsdcr\AppData\Roaming\npm\node_modules\markbind-cli\src\lib\markbind\src\parser.js:373:43)
    at element.children.element.children.map.e (C:\Users\dcsdcr\AppData\Roaming\npm\node_modules\markbind-cli\src\lib\markbind\src\parser.js:373:57)
    at Array.map (<anonymous>)
    at Parser._preprocess (C:\Users\dcsdcr\AppData\Roaming\npm\node_modules\markbind-cli\src\lib\markbind\src\parser.js:373:43)
    at element.children.element.children.map.e (C:\Users\dcsdcr\AppData\Roaming\npm\node_modules\markbind-cli\src\lib\markbind\src\parser.js:373:57)
    at Array.map (<anonymous>)
    at Parser._preprocess (C:\Users\dcsdcr\AppData\Roaming\npm\node_modules\markbind-cli\src\lib\markbind\src\parser.js:373:43)
    at dom.map (C:\Users\dcsdcr\AppData\Roaming\npm\node_modules\markbind-cli\src\lib\markbind\src\parser.js:474:28)
    at Array.map (<anonymous>)
    at DomHandler.htmlparser.DomHandler [as _callback] (C:\Users\dcsdcr\AppData\Roaming\npm\node_modules\markbind-cli\src\lib\markbind\src\parser.js:471:25)
2019-02-24T05:01:56.029Z - info: Pages rebuilt
2019-02-24T05:01:56.040Z - info: Site data built
2019-02-24T05:02:17.945Z - info: [1:02:17 PM] Reload for file change: C:\repos\nus-te3201\te3201-2019-website\admin\te3201-admin.md
2019-02-24T05:02:18.947Z - info: Rebuilding affected source files
2019-02-24T05:02:18.948Z - info: Rebuilding 1 pages
2019-02-24T05:02:19.298Z - info: Pages rebuilt
2019-02-24T05:02:19.309Z - info: Site data built
2019-02-24T05:03:30.000Z - info: [1:03:30 PM] Reload for file change: C:\repos\nus-te3201\te3201-2019-website\admin\te3201-admin.md
2019-02-24T05:03:31.011Z - info: Rebuilding affected source files
2019-02-24T05:03:31.012Z - info: Rebuilding 1 pages
2019-02-24T05:03:31.449Z - info: Pages rebuilt
2019-02-24T05:03:31.460Z - info: Site data built
2019-02-24T05:04:00.547Z - info: [1:04:00 PM] Reload for file change: C:\repos\nus-te3201\te3201-2019-website\admin\te3201-admin.md
2019-02-24T05:04:01.549Z - info: Rebuilding affected source files
2019-02-24T05:04:01.549Z - info: Rebuilding 1 pages
2019-02-24T05:04:01.936Z - info: Pages rebuilt
2019-02-24T05:04:01.946Z - info: Site data built
2019-02-24T05:04:49.730Z - info: [1:04:49 PM] Reload for file change: C:\repos\nus-te3201\te3201-2019-website\programming\monty\monty.mbdf
2019-02-24T05:04:50.739Z - info: Rebuilding affected source files
2019-02-24T05:04:50.742Z - info: Rebuilding 10 pages
2019-02-24T05:04:55.126Z - info: Pages rebuilt
2019-02-24T05:04:55.135Z - info: Site data built
2019-02-24T05:05:12.350Z - info: [1:05:12 PM] Reload for file change: C:\repos\nus-te3201\te3201-2019-website\programming\monty\monty.mbdf
2019-02-24T05:05:13.352Z - info: Rebuilding affected source files
2019-02-24T05:05:13.354Z - info: Rebuilding 10 pages
2019-02-24T05:05:17.716Z - info: Pages rebuilt
2019-02-24T05:05:17.726Z - info: Site data built
2019-02-24T05:06:24.126Z - info: [1:06:24 PM] Reload for file change: C:\repos\nus-te3201\te3201-2019-website\programming\toc\monty.md
2019-02-24T05:06:25.128Z - info: Rebuilding affected source files
2019-02-24T05:06:25.129Z - info: Rebuilding 1 pages
2019-02-24T05:06:25.305Z - info: Pages rebuilt
2019-02-24T05:06:25.318Z - info: Site data built
2019-02-24T05:07:34.620Z - info: [1:07:34 PM] Reload for file change: C:\repos\nus-te3201\te3201-2019-website\programming\toc\monty.md
2019-02-24T05:07:35.633Z - info: Rebuilding affected source files
2019-02-24T05:07:35.634Z - info: Rebuilding 1 pages
2019-02-24T05:07:35.771Z - info: Pages rebuilt
2019-02-24T05:07:35.779Z - info: Site data built
2019-02-24T05:07:52.100Z - info: [1:07:52 PM] Reload for file change: C:\repos\nus-te3201\te3201-2019-website\programming\monty\monty.mbdf
2019-02-24T05:07:53.101Z - info: Rebuilding affected source files
2019-02-24T05:07:53.103Z - info: Rebuilding 10 pages
2019-02-24T05:07:57.563Z - info: Pages rebuilt
2019-02-24T05:07:57.573Z - info: Site data built
2019-02-24T05:10:17.104Z - info: [1:10:17 PM] Reload for file change: C:\repos\nus-te3201\te3201-2019-website\programming\monty\monty.mbdf
2019-02-24T05:10:18.104Z - info: Rebuilding affected source files
2019-02-24T05:10:18.108Z - info: Rebuilding 10 pages
2019-02-24T05:10:22.602Z - info: Pages rebuilt
2019-02-24T05:10:22.612Z - info: Site data built
2019-02-24T05:11:07.788Z - info: [1:11:07 PM] Reload for file change: C:\repos\nus-te3201\te3201-2019-website\programming\monty\monty.mbdf
2019-02-24T05:11:08.792Z - info: Rebuilding affected source files
2019-02-24T05:11:08.794Z - info: Rebuilding 10 pages
2019-02-24T05:11:13.572Z - info: Pages rebuilt
2019-02-24T05:11:13.583Z - info: Site data built
2019-02-24T05:13:01.055Z - info: Website generation started at 1:12:58 PM
2019-02-24T05:13:02.898Z - info: Building assets...
