2019-02-08T05:04:00.141Z - info: Website generation started at 1:03:56 PM
2019-02-08T05:04:02.273Z - info: Building assets...
2019-02-08T05:04:04.298Z - info: Assets built
2019-02-08T05:04:04.298Z - info: Generating pages...
2019-02-08T05:04:53.288Z - info: Pages built
2019-02-08T05:05:02.764Z - info: Website generation complete! Total build time: 66.224s
2019-02-08T05:05:02.776Z - info: Generate Site durationMs=66236
2019-02-08T05:05:03.103Z - info: Serving "C:\repos\nus-te3201\te3201-2019-website\_site" at http://127.0.0.1:8080
2019-02-08T05:05:03.103Z - info: Press CTRL+C to stop ...
2019-02-08T05:05:03.136Z - info: Site data built
2019-02-08T05:09:29.021Z - info: Website generation started at 1:09:26 PM
2019-02-08T05:09:30.792Z - info: Building assets...
2019-02-08T05:09:32.576Z - info: Assets built
2019-02-08T05:09:32.576Z - info: Generating pages...
2019-02-08T05:10:24.059Z - info: Pages built
2019-02-08T05:10:33.847Z - info: Website generation complete! Total build time: 67.49s
2019-02-08T05:10:33.858Z - info: Generate Site durationMs=67501
2019-02-08T05:10:34.174Z - info: Serving "C:\repos\nus-te3201\te3201-2019-website\_site" at http://127.0.0.1:8080
2019-02-08T05:10:34.174Z - info: Press CTRL+C to stop ...
2019-02-08T05:10:34.206Z - info: Site data built
2019-02-08T11:23:26.510Z - info: Website generation started at 7:23:23 PM
2019-02-08T11:23:28.399Z - info: Building assets...
2019-02-08T11:23:30.406Z - info: Assets built
2019-02-08T11:23:30.406Z - info: Generating pages...
2019-02-08T11:24:22.971Z - info: Pages built
2019-02-08T11:24:33.315Z - info: Website generation complete! Total build time: 69.896s
2019-02-08T11:24:33.327Z - info: Generate Site durationMs=69908
2019-02-08T11:24:33.657Z - info: Serving "C:\repos\nus-te3201\te3201-2019-website\_site" at http://127.0.0.1:8080
2019-02-08T11:24:33.658Z - info: Press CTRL+C to stop ...
2019-02-08T11:24:33.690Z - info: Site data built
2019-02-08T11:31:30.252Z - info: [7:31:30 PM] Reload for file change: C:\repos\nus-te3201\te3201-2019-website\programming\lists-intro\text.md
2019-02-08T11:31:31.265Z - info: Rebuilding affected source files
2019-02-08T11:31:31.267Z - info: Rebuilding 2 pages
2019-02-08T11:31:32.259Z - info: Pages rebuilt
2019-02-08T11:31:32.271Z - info: Site data built
2019-02-08T11:32:25.365Z - info: [7:32:25 PM] Reload for file change: C:\repos\nus-te3201\te3201-2019-website\programming\lists-intro\text.md
2019-02-08T11:32:26.370Z - info: Rebuilding affected source files
2019-02-08T11:32:26.371Z - info: Rebuilding 2 pages
2019-02-08T11:32:27.108Z - info: Pages rebuilt
2019-02-08T11:32:27.118Z - info: Site data built
2019-02-08T11:35:55.216Z - info: [7:35:55 PM] Reload for file change: C:\repos\nus-te3201\te3201-2019-website\programming\lists-intro\text.md
2019-02-08T11:35:56.220Z - info: Rebuilding affected source files
2019-02-08T11:35:56.222Z - info: Rebuilding 2 pages
2019-02-08T11:35:57.007Z - info: Pages rebuilt
2019-02-08T11:35:57.016Z - info: Site data built
2019-02-08T11:36:11.616Z - info: [7:36:11 PM] Reload for file change: C:\repos\nus-te3201\te3201-2019-website\programming\lists-intro\text.md
2019-02-08T11:36:12.627Z - info: Rebuilding affected source files
2019-02-08T11:36:12.628Z - info: Rebuilding 2 pages
2019-02-08T11:36:13.348Z - info: Pages rebuilt
2019-02-08T11:36:13.357Z - info: Site data built
2019-02-08T11:37:42.843Z - info: [7:37:42 PM] Reload for file change: C:\repos\nus-te3201\te3201-2019-website\_markbind\boilerplates\inputOutput.md
2019-02-08T11:37:43.844Z - info: Rebuilding affected source files
2019-02-08T11:37:43.846Z - info: Rebuilding 6 pages
2019-02-08T11:37:48.167Z - info: Pages rebuilt
2019-02-08T11:37:48.188Z - info: Site data built
2019-02-08T11:39:14.444Z - info: [7:39:14 PM] Reload for file change: C:\repos\nus-te3201\te3201-2019-website\programming\lists-intro\e-countries.md
2019-02-08T11:39:15.444Z - info: Rebuilding affected source files
2019-02-08T11:39:15.445Z - info: Rebuilding 2 pages
2019-02-08T11:39:16.254Z - info: Pages rebuilt
2019-02-08T11:39:16.263Z - info: Site data built
2019-02-08T11:39:49.370Z - info: [7:39:49 PM] Reload for file change: C:\repos\nus-te3201\te3201-2019-website\_markbind\boilerplates\inputOutput.md
2019-02-08T11:39:50.371Z - info: Rebuilding affected source files
2019-02-08T11:39:50.372Z - info: Rebuilding 6 pages
2019-02-08T11:39:54.238Z - info: Pages rebuilt
2019-02-08T11:39:54.261Z - info: Site data built
2019-02-08T11:40:05.786Z - info: [7:40:05 PM] Reload for file change: C:\repos\nus-te3201\te3201-2019-website\_markbind\boilerplates\inputOutput.md
2019-02-08T11:40:06.787Z - info: Rebuilding affected source files
2019-02-08T11:40:06.789Z - info: Rebuilding 6 pages
2019-02-08T11:40:10.986Z - info: Pages rebuilt
2019-02-08T11:40:10.997Z - info: Site data built
2019-02-08T11:41:50.224Z - info: [7:41:50 PM] Reload for file change: C:\repos\nus-te3201\te3201-2019-website\programming\lists-intro\text.md
2019-02-08T11:41:51.225Z - info: Rebuilding affected source files
2019-02-08T11:41:51.227Z - info: Rebuilding 2 pages
2019-02-08T11:41:52.067Z - info: Pages rebuilt
2019-02-08T11:41:52.079Z - info: Site data built
2019-02-08T11:42:03.214Z - info: [7:42:03 PM] Reload for file change: C:\repos\nus-te3201\te3201-2019-website\_markbind\boilerplates\inputOutput.md
2019-02-08T11:42:04.215Z - info: Rebuilding affected source files
2019-02-08T11:42:04.216Z - info: Rebuilding 6 pages
2019-02-08T11:42:08.269Z - info: Pages rebuilt
2019-02-08T11:42:08.291Z - info: Site data built
2019-02-08T11:43:43.470Z - info: [7:43:43 PM] Reload for file change: C:\repos\nus-te3201\te3201-2019-website\programming\lists-intro\text.md
2019-02-08T11:43:44.470Z - info: Rebuilding affected source files
2019-02-08T11:43:44.471Z - info: Rebuilding 2 pages
2019-02-08T11:43:45.334Z - info: Pages rebuilt
2019-02-08T11:43:45.342Z - info: Site data built
2019-02-08T11:44:31.307Z - info: [7:44:31 PM] Reload for file change: C:\repos\nus-te3201\te3201-2019-website\programming\lists-intro\text.md
2019-02-08T11:44:32.307Z - info: Rebuilding affected source files
2019-02-08T11:44:32.308Z - info: Rebuilding 2 pages
2019-02-08T11:44:33.158Z - info: Pages rebuilt
2019-02-08T11:44:33.167Z - info: Site data built
2019-02-08T11:47:29.538Z - info: [7:47:29 PM] Reload for file change: C:\repos\nus-te3201\te3201-2019-website\programming\lists-intro\text.md
2019-02-08T11:47:30.539Z - info: Rebuilding affected source files
2019-02-08T11:47:30.540Z - info: Rebuilding 2 pages
2019-02-08T11:47:31.357Z - info: Pages rebuilt
2019-02-08T11:47:31.364Z - info: Site data built
2019-02-08T11:49:05.788Z - info: [7:49:05 PM] Reload for file change: C:\repos\nus-te3201\te3201-2019-website\programming\lists-intro\e-getHeadTail.md
2019-02-08T11:49:06.790Z - info: Rebuilding affected source files
2019-02-08T11:49:06.795Z - info: Rebuilding 2 pages
2019-02-08T11:49:07.434Z - info: Pages rebuilt
2019-02-08T11:49:07.441Z - info: Site data built
2019-02-08T11:53:32.615Z - info: Website generation started at 7:53:29 PM
2019-02-08T11:53:34.576Z - info: Building assets...
2019-02-08T11:53:36.478Z - info: Assets built
2019-02-08T11:53:36.479Z - info: Generating pages...
2019-02-08T11:54:30.336Z - info: Pages built
2019-02-08T11:54:40.837Z - info: Website generation complete! Total build time: 71.448s
2019-02-08T11:54:40.850Z - info: Generate Site durationMs=71461
2019-02-08T11:54:41.191Z - info: Serving "C:\repos\nus-te3201\te3201-2019-website\_site" at http://127.0.0.1:8080
2019-02-08T11:54:41.191Z - info: Press CTRL+C to stop ...
2019-02-08T11:54:41.222Z - info: Site data built
2019-02-08T11:56:19.364Z - info: [7:56:19 PM] Reload for file change: C:\repos\nus-te3201\te3201-2019-website\programming\lists-intro\e-getHeadTail.md
2019-02-08T11:56:20.366Z - info: Rebuilding affected source files
2019-02-08T11:56:20.370Z - info: Rebuilding 2 pages
2019-02-08T11:56:21.320Z - info: Pages rebuilt
2019-02-08T11:56:21.329Z - info: Site data built
2019-02-08T11:58:07.321Z - info: [7:58:07 PM] Reload for file change: C:\repos\nus-te3201\te3201-2019-website\programming\lists-intro\e-getHeadTail.md
2019-02-08T11:58:08.323Z - info: Rebuilding affected source files
2019-02-08T11:58:08.324Z - info: Rebuilding 2 pages
2019-02-08T11:58:09.210Z - info: Pages rebuilt
2019-02-08T11:58:09.221Z - info: Site data built
2019-02-08T11:58:23.433Z - info: [7:58:23 PM] Reload for file change: C:\repos\nus-te3201\te3201-2019-website\programming\lists-intro\e-getHeadTail.md
2019-02-08T11:58:24.434Z - info: Rebuilding affected source files
2019-02-08T11:58:24.435Z - info: Rebuilding 2 pages
2019-02-08T11:58:25.391Z - info: Pages rebuilt
2019-02-08T11:58:25.402Z - info: Site data built
2019-02-08T11:58:30.312Z - info: [7:58:30 PM] Reload for file change: C:\repos\nus-te3201\te3201-2019-website\programming\lists-intro\e-getHeadTail.md
2019-02-08T11:58:31.312Z - info: Rebuilding affected source files
2019-02-08T11:58:31.313Z - info: Rebuilding 2 pages
2019-02-08T11:58:32.077Z - info: Pages rebuilt
2019-02-08T11:58:32.089Z - info: Site data built
2019-02-08T12:02:01.038Z - info: [8:02:01 PM] Reload for file change: C:\repos\nus-te3201\te3201-2019-website\programming\objectReferences\text.md
2019-02-08T12:02:02.039Z - info: Rebuilding affected source files
2019-02-08T12:02:02.041Z - info: Rebuilding 2 pages
2019-02-08T12:02:02.834Z - info: Pages rebuilt
2019-02-08T12:02:02.842Z - info: Site data built
2019-02-08T12:02:16.642Z - info: [8:02:16 PM] Reload for file change: C:\repos\nus-te3201\te3201-2019-website\programming\objectReferences\text.md
2019-02-08T12:02:17.642Z - info: Rebuilding affected source files
2019-02-08T12:02:17.643Z - info: Rebuilding 2 pages
2019-02-08T12:02:18.420Z - info: Pages rebuilt
2019-02-08T12:02:18.428Z - info: Site data built
2019-02-08T12:02:30.114Z - info: [8:02:30 PM] Reload for file change: C:\repos\nus-te3201\te3201-2019-website\programming\objectReferences\text.md
2019-02-08T12:02:31.114Z - info: Rebuilding affected source files
2019-02-08T12:02:31.115Z - info: Rebuilding 2 pages
2019-02-08T12:02:31.971Z - info: Pages rebuilt
2019-02-08T12:02:31.980Z - info: Site data built
2019-02-08T12:05:30.282Z - info: [8:05:30 PM] Reload for file change: C:\repos\nus-te3201\te3201-2019-website\programming\objectReferences\text.md
2019-02-08T12:05:31.283Z - info: Rebuilding affected source files
2019-02-08T12:05:31.284Z - info: Rebuilding 2 pages
2019-02-08T12:05:32.169Z - info: Pages rebuilt
2019-02-08T12:05:32.177Z - info: Site data built
2019-02-08T12:06:04.330Z - info: [8:06:04 PM] Reload for file change: C:\repos\nus-te3201\te3201-2019-website\programming\objectReferences\text.md
2019-02-08T12:06:05.331Z - info: Rebuilding affected source files
2019-02-08T12:06:05.332Z - info: Rebuilding 2 pages
2019-02-08T12:06:06.115Z - info: Pages rebuilt
2019-02-08T12:06:06.123Z - info: Site data built
2019-02-08T12:09:18.446Z - info: [8:09:18 PM] Reload for file change: C:\repos\nus-te3201\te3201-2019-website\programming\objectReferences\text.md
2019-02-08T12:09:19.448Z - info: Rebuilding affected source files
2019-02-08T12:09:19.449Z - info: Rebuilding 2 pages
2019-02-08T12:09:20.307Z - info: Pages rebuilt
2019-02-08T12:09:20.315Z - info: Site data built
2019-02-08T12:12:20.547Z - info: [8:12:20 PM] Reload for file change: C:\repos\nus-te3201\te3201-2019-website\programming\objectReferences\text.md
2019-02-08T12:12:21.547Z - info: Rebuilding affected source files
2019-02-08T12:12:21.548Z - info: Rebuilding 2 pages
2019-02-08T12:12:22.120Z - info: Pages rebuilt
2019-02-08T12:12:22.127Z - info: Site data built
2019-02-08T12:12:50.227Z - info: [8:12:50 PM] Reload for file change: C:\repos\nus-te3201\te3201-2019-website\programming\objectReferences\text.md
2019-02-08T12:12:51.228Z - info: Rebuilding affected source files
2019-02-08T12:12:51.229Z - info: Rebuilding 2 pages
2019-02-08T12:12:52.191Z - info: Pages rebuilt
2019-02-08T12:12:52.198Z - info: Site data built
2019-02-08T12:13:34.576Z - info: Website generation started at 8:13:31 PM
2019-02-08T12:13:36.377Z - info: Building assets...
2019-02-08T12:13:38.307Z - info: Assets built
2019-02-08T12:13:38.308Z - info: Generating pages...
2019-02-08T12:14:33.796Z - info: Pages built
2019-02-08T12:14:44.519Z - info: Website generation complete! Total build time: 72.886s
2019-02-08T12:14:44.540Z - info: Generate Site durationMs=72908
2019-02-08T12:14:44.898Z - info: Serving "C:\repos\nus-te3201\te3201-2019-website\_site" at http://127.0.0.1:8080
2019-02-08T12:14:44.898Z - info: Press CTRL+C to stop ...
2019-02-08T12:14:44.933Z - info: Site data built
2019-02-08T12:15:58.277Z - info: [8:15:58 PM] Reload for file change: C:\repos\nus-te3201\te3201-2019-website\programming\objectReferences\text.md
2019-02-08T12:15:59.278Z - info: Rebuilding affected source files
2019-02-08T12:15:59.279Z - info: Rebuilding 2 pages
2019-02-08T12:16:00.228Z - info: Pages rebuilt
2019-02-08T12:16:00.238Z - info: Site data built
