2019-01-01T11:13:48.174Z - info: Website generation started at 7:13:44 PM
2019-01-01T11:13:49.852Z - info: Building assets...
2019-01-01T11:13:51.582Z - info: Assets built
2019-01-01T11:13:51.583Z - info: Generating pages...
2019-01-01T11:15:00.586Z - info: Pages built
2019-01-01T11:15:00.705Z - info: Site data built
2019-01-01T11:15:00.705Z - info: Website generation complete! Total build time: 75.902s
2019-01-01T11:15:00.720Z - info: Generate Site durationMs=75917
2019-01-01T11:15:01.111Z - info: Serving "C:\repos\nus-cs2103-AY1819S2\cs2103-website\_site" at http://127.0.0.1:8080
2019-01-01T11:15:01.111Z - info: Press CTRL+C to stop ...
2019-01-01T11:21:42.819Z - info: [7:21:42 PM] Reload for file change: C:\repos\nus-cs2103-AY1819S2\cs2103-website\schedule\index.md
2019-01-01T11:21:43.822Z - verbose: Rebuild affected paths: C:\repos\nus-cs2103-AY1819S2\cs2103-website\schedule\index.md
2019-01-01T11:21:43.823Z - info: Rebuilding 2 pages
2019-01-01T11:21:46.012Z - info: Pages rebuilt
2019-01-01T11:21:46.029Z - info: Site data built
2019-01-01T11:23:30.743Z - info: [7:23:30 PM] Reload for file change: C:\repos\nus-cs2103-AY1819S2\cs2103-website\_markbind\variables.md
2019-01-01T11:23:30.750Z - info: [7:23:30 PM] Reload for file change: C:\repos\nus-cs2103-AY1819S2\cs2103-website\schedule\index.md
2019-01-01T11:23:31.743Z - verbose: Rebuild affected paths: C:\repos\nus-cs2103-AY1819S2\cs2103-website\_markbind\variables.md,C:\repos\nus-cs2103-AY1819S2\cs2103-website\schedule\index.md
2019-01-01T11:23:31.845Z - warn: Rebuilding all pages as variables file was changed, or the --force-reload flag was set
2019-01-01T11:23:31.933Z - info: Rebuilding 709 pages
2019-01-01T11:24:22.238Z - info: Pages rebuilt
2019-01-01T11:24:22.251Z - info: Site data built
2019-01-01T11:25:16.609Z - info: [7:25:16 PM] Reload for file change: C:\repos\nus-cs2103-AY1819S2\cs2103-website\schedule\index.md
2019-01-01T11:25:17.608Z - verbose: Rebuild affected paths: C:\repos\nus-cs2103-AY1819S2\cs2103-website\schedule\index.md
2019-01-01T11:25:17.610Z - info: Rebuilding 2 pages
2019-01-01T11:25:19.591Z - info: Pages rebuilt
2019-01-01T11:25:19.599Z - info: Site data built
2019-01-01T11:25:35.608Z - info: [7:25:35 PM] Reload for file change: C:\repos\nus-cs2103-AY1819S2\cs2103-website\schedule\index.md
2019-01-01T11:25:36.609Z - verbose: Rebuild affected paths: C:\repos\nus-cs2103-AY1819S2\cs2103-website\schedule\index.md
2019-01-01T11:25:36.610Z - info: Rebuilding 2 pages
2019-01-01T11:25:38.549Z - info: Pages rebuilt
2019-01-01T11:25:38.560Z - info: Site data built
2019-01-01T11:26:53.560Z - info: [7:26:53 PM] Reload for file add: C:\repos\nus-cs2103-AY1819S2\cs2103-website\schedule\week1\notices.md
2019-01-01T11:26:54.562Z - verbose: Rebuild affected paths: C:\repos\nus-cs2103-AY1819S2\cs2103-website\schedule\week1\notices.md
2019-01-01T11:26:54.563Z - info: Rebuilding 0 pages
2019-01-01T11:26:54.564Z - info: Pages rebuilt
2019-01-01T11:26:54.572Z - info: Site data built
2019-01-01T11:27:07.194Z - info: [7:27:07 PM] Reload for file change: C:\repos\nus-cs2103-AY1819S2\cs2103-website\schedule\week1\notices.md
2019-01-01T11:27:07.199Z - info: [7:27:07 PM] Reload for file change: C:\repos\nus-cs2103-AY1819S2\cs2103-website\schedule\week1\todo.md
2019-01-01T11:27:08.196Z - verbose: Rebuild affected paths: C:\repos\nus-cs2103-AY1819S2\cs2103-website\schedule\week1\notices.md,C:\repos\nus-cs2103-AY1819S2\cs2103-website\schedule\week1\todo.md
2019-01-01T11:27:08.200Z - info: Rebuilding 4 pages
2019-01-01T11:27:11.010Z - info: Pages rebuilt
2019-01-01T11:27:11.021Z - info: Site data built
2019-01-01T11:28:02.215Z - info: [7:28:02 PM] Reload for file change: C:\repos\nus-cs2103-AY1819S2\cs2103-website\common\macros.njk
2019-01-01T11:28:03.220Z - info: Assets built
2019-01-01T11:29:54.654Z - info: Website generation started at 7:29:51 PM
2019-01-01T11:29:56.089Z - info: Building assets...
2019-01-01T11:29:57.395Z - info: Assets built
2019-01-01T11:29:57.395Z - info: Generating pages...
2019-01-01T11:30:59.430Z - info: Pages built
2019-01-01T11:30:59.541Z - info: Site data built
2019-01-01T11:30:59.541Z - info: Website generation complete! Total build time: 67.896s
2019-01-01T11:30:59.553Z - info: Generate Site durationMs=67908
2019-01-01T11:30:59.886Z - info: Serving "C:\repos\nus-cs2103-AY1819S2\cs2103-website\_site" at http://127.0.0.1:8080
2019-01-01T11:30:59.886Z - info: Press CTRL+C to stop ...
2019-01-01T11:44:31.255Z - info: Website generation started at 7:44:28 PM
2019-01-01T11:44:32.804Z - info: Building assets...
2019-01-01T11:44:34.426Z - info: Assets built
2019-01-01T11:44:34.426Z - info: Generating pages...
2019-01-01T11:45:44.906Z - info: Pages built
2019-01-01T11:45:45.020Z - info: Site data built
2019-01-01T11:45:45.020Z - info: Website generation complete! Total build time: 76.775s
2019-01-01T11:45:45.032Z - info: Generate Site durationMs=76787
2019-01-01T11:45:45.374Z - info: Serving "C:\repos\nus-cs2103-AY1819S2\cs2103-website\_site" at http://127.0.0.1:8080
2019-01-01T11:45:45.374Z - info: Press CTRL+C to stop ...
