2019-03-18T06:42:33.701Z - info: Website generation started at 2:42:30 PM
2019-03-18T06:42:36.491Z - info: Building assets...
2019-03-18T06:42:39.124Z - info: Assets built
2019-03-18T06:42:39.124Z - info: Generating pages...
2019-03-18T06:43:45.040Z - info: Pages built
2019-03-18T06:43:56.859Z - info: Website generation complete! Total build time: 86.81s
2019-03-18T06:43:57.247Z - info: Serving "C:\repos\nus-te3201\te3201-2019-website\_site" at http://127.0.0.1:8080
2019-03-18T06:43:57.247Z - info: Press CTRL+C to stop ...
2019-03-18T06:43:57.272Z - info: Site data built
2019-03-18T06:47:56.907Z - info: [2:47:56 PM] Reload for file change: C:\repos\nus-te3201\te3201-2019-website\programming\ide\e-setupPycharmProject.md
2019-03-18T06:47:57.915Z - info: Rebuilding affected source files
2019-03-18T06:47:57.917Z - info: Rebuilding 2 pages
2019-03-18T06:47:58.657Z - info: Pages rebuilt
2019-03-18T06:47:58.662Z - info: Site data built
2019-03-18T06:49:53.981Z - info: [2:49:53 PM] Reload for file change: C:\repos\nus-te3201\te3201-2019-website\programming\ide\e-setupPycharmProject.md
2019-03-18T06:49:54.984Z - info: Rebuilding affected source files
2019-03-18T06:49:54.985Z - info: Rebuilding 2 pages
2019-03-18T06:49:55.649Z - info: Pages rebuilt
2019-03-18T06:49:55.655Z - info: Site data built
2019-03-18T06:52:48.197Z - info: Website generation started at 2:52:44 PM
2019-03-18T06:52:50.289Z - info: Building assets...
2019-03-18T06:52:52.342Z - info: Assets built
2019-03-18T06:52:52.343Z - info: Generating pages...
2019-03-18T06:53:47.935Z - info: Pages built
2019-03-18T06:53:58.094Z - info: Website generation complete! Total build time: 73.282s
2019-03-18T06:53:58.450Z - info: Serving "C:\repos\nus-te3201\te3201-2019-website\_site" at http://127.0.0.1:8080
2019-03-18T06:53:58.450Z - info: Press CTRL+C to stop ...
2019-03-18T06:53:58.472Z - info: Site data built
2019-03-18T07:11:23.709Z - info: [3:11:23 PM] Reload for file change: C:\repos\nus-te3201\te3201-2019-website\programming\ide\e-setupPycharmProject.md
2019-03-18T07:11:24.728Z - info: Rebuilding affected source files
2019-03-18T07:11:24.730Z - info: Rebuilding 2 pages
2019-03-18T07:11:25.449Z - info: Pages rebuilt
2019-03-18T07:11:25.456Z - info: Site data built
2019-03-18T07:12:16.621Z - info: [3:12:16 PM] Reload for file change: C:\repos\nus-te3201\te3201-2019-website\programming\ide\e-setupPycharmProject.md
2019-03-18T07:12:17.621Z - info: Rebuilding affected source files
2019-03-18T07:12:17.622Z - info: Rebuilding 2 pages
2019-03-18T07:12:18.296Z - info: Pages rebuilt
2019-03-18T07:12:18.299Z - info: Site data built
2019-03-18T07:13:37.419Z - info: [3:13:37 PM] Reload for file change: C:\repos\nus-te3201\te3201-2019-website\programming\ide\e-setupPycharmProject.md
2019-03-18T07:13:38.430Z - info: Rebuilding affected source files
2019-03-18T07:13:38.432Z - info: Rebuilding 2 pages
2019-03-18T07:13:39.180Z - info: Pages rebuilt
2019-03-18T07:13:39.185Z - info: Site data built
2019-03-18T12:34:49.109Z - info: Website generation started at 8:34:45 PM
2019-03-18T12:34:51.283Z - info: Building assets...
