2019-03-23T03:17:56.509Z - info: Website generation started at 11:17:50
2019-03-23T03:18:01.557Z - info: Building assets...
2019-03-23T03:18:04.644Z - info: Assets built
2019-03-23T03:18:04.644Z - info: Generating pages...
2019-03-23T03:19:53.751Z - info: Pages built
2019-03-23T03:20:15.333Z - info: Website generation complete! Total build time: 144.875s
2019-03-23T03:20:15.489Z - info: Serving "C:\repos\nus-te3201\te3201-2019-website\_site" at http://127.0.0.1:8080
2019-03-23T03:20:15.489Z - info: Press CTRL+C to stop ...
2019-03-23T03:20:15.541Z - info: Site data built
2019-03-23T03:32:17.488Z - info: [11:32:17] Reload for file change: C:\repos\nus-te3201\te3201-2019-website\programming\monty\monty.mbdf
2019-03-23T03:32:18.502Z - info: Rebuilding affected source files
2019-03-23T03:32:18.518Z - info: Rebuilding 13 pages
2019-03-23T03:32:31.721Z - info: Pages rebuilt
2019-03-23T03:32:31.821Z - info: Site data built
2019-03-23T03:32:57.737Z - info: [11:32:57] Reload for file add: C:\repos\nus-te3201\te3201-2019-website\schedule\week10\project-te3201.md
2019-03-23T03:32:58.738Z - warn: Rebuilding all source files
2019-03-23T03:33:00.886Z - info: Assets removed
2019-03-23T03:33:00.887Z - info: Generating pages...
2019-03-23T03:34:22.147Z - info: [11:34:22] Reload for file change: C:\repos\nus-te3201\te3201-2019-website\schedule\week10\project-te3201.md
2019-03-23T03:34:28.123Z - info: Rebuilding affected source files
2019-03-23T03:34:28.124Z - info: Rebuilding 0 pages
2019-03-23T03:34:29.252Z - info: Pages rebuilt
2019-03-23T03:34:45.761Z - info: Site data built
2019-03-23T03:34:53.959Z - info: Pages built
2019-03-23T03:46:26.489Z - info: [11:46:26] Reload for file change: C:\repos\nus-te3201\te3201-2019-website\programming\monty\monty.mbdf
2019-03-23T03:46:27.492Z - info: Rebuilding affected source files
2019-03-23T03:46:27.508Z - info: Rebuilding 14 pages
2019-03-23T03:46:39.654Z - info: Pages rebuilt
2019-03-23T03:46:39.666Z - info: Site data built
2019-03-23T03:47:50.835Z - info: [11:47:50] Reload for file change: C:\repos\nus-te3201\te3201-2019-website\programming\monty\monty.mbdf
2019-03-23T03:47:51.839Z - info: Rebuilding affected source files
2019-03-23T03:47:51.855Z - info: Rebuilding 14 pages
2019-03-23T03:48:05.036Z - info: Pages rebuilt
2019-03-23T03:48:05.048Z - info: Site data built
2019-03-23T04:06:58.464Z - info: Website generation started at 12:06:53
2019-03-23T04:07:03.503Z - info: Building assets...
