2018-12-25T07:05:47.454Z - info: Website generation started at 3:05:44 PM
2018-12-25T07:05:49.327Z - info: Building assets...
2018-12-25T07:05:51.062Z - info: Assets built
2018-12-25T07:05:51.062Z - info: Generating pages...
2018-12-25T07:06:52.027Z - info: Pages built
2018-12-25T07:06:52.136Z - info: Site data built
2018-12-25T07:06:52.136Z - info: Website generation complete! Total build time: 67.737s
2018-12-25T07:06:52.147Z - info: Generate Site durationMs=67747
2018-12-25T07:06:52.473Z - info: Serving "C:\repos\nus-cs2103-AY1819S2\cs2103-website\_site" at http://127.0.0.1:8080
2018-12-25T07:06:52.473Z - info: Press CTRL+C to stop ...
2018-12-25T07:08:09.040Z - info: [3:08:09 PM] Reload for file change: C:\repos\nus-cs2103-AY1819S2\cs2103-website\book\uml\sequenceDiagrams\objectDeletion\text.md
2018-12-25T07:08:10.042Z - verbose: Rebuild affected paths: C:\repos\nus-cs2103-AY1819S2\cs2103-website\book\uml\sequenceDiagrams\objectDeletion\text.md
2018-12-25T07:08:10.046Z - info: Rebuilding 8 pages
2018-12-25T07:08:14.871Z - info: Pages rebuilt
2018-12-25T07:08:14.882Z - info: Site data built
2018-12-25T07:08:39.438Z - info: [3:08:39 PM] Reload for file change: C:\repos\nus-cs2103-AY1819S2\cs2103-website\book\uml\sequenceDiagrams\objectDeletion\text.md
2018-12-25T07:08:40.439Z - verbose: Rebuild affected paths: C:\repos\nus-cs2103-AY1819S2\cs2103-website\book\uml\sequenceDiagrams\objectDeletion\text.md
2018-12-25T07:08:40.445Z - info: Rebuilding 8 pages
2018-12-25T07:08:45.331Z - info: Pages rebuilt
2018-12-25T07:08:45.348Z - info: Site data built
2018-12-25T07:09:36.210Z - info: Website generation started at 3:09:33 PM
2018-12-25T07:09:37.557Z - info: Building assets...
2018-12-25T07:09:38.837Z - info: Assets built
2018-12-25T07:09:38.837Z - info: Generating pages...
2018-12-25T07:09:38.839Z - warn:  Error: website-base/schedule/week7/index.html does not exist
    at Site.generatePages (C:\Users\dcsdcr\AppData\Roaming\npm\node_modules\markbind-cli\src\Site.js:593:29)
    at Promise (C:\Users\dcsdcr\AppData\Roaming\npm\node_modules\markbind-cli\src\Site.js:477:10)
    at Promise._execute (C:\Users\dcsdcr\AppData\Roaming\npm\node_modules\markbind-cli\node_modules\bluebird\js\release\debuggability.js:313:9)
    at Promise._resolveFromExecutor (C:\Users\dcsdcr\AppData\Roaming\npm\node_modules\markbind-cli\node_modules\bluebird\js\release\promise.js:483:18)
    at new Promise (C:\Users\dcsdcr\AppData\Roaming\npm\node_modules\markbind-cli\node_modules\bluebird\js\release\promise.js:79:10)
    at Site.buildSourceFiles (C:\Users\dcsdcr\AppData\Roaming\npm\node_modules\markbind-cli\src\Site.js:475:10)
    at readSiteConfig.then.then.then.then.then (C:\Users\dcsdcr\AppData\Roaming\npm\node_modules\markbind-cli\src\Site.js:454:24)
    at tryCatcher (C:\Users\dcsdcr\AppData\Roaming\npm\node_modules\markbind-cli\node_modules\bluebird\js\release\util.js:16:23)
    at Promise._settlePromiseFromHandler (C:\Users\dcsdcr\AppData\Roaming\npm\node_modules\markbind-cli\node_modules\bluebird\js\release\promise.js:512:31)
    at Promise._settlePromise (C:\Users\dcsdcr\AppData\Roaming\npm\node_modules\markbind-cli\node_modules\bluebird\js\release\promise.js:569:18)
    at Promise._settlePromise0 (C:\Users\dcsdcr\AppData\Roaming\npm\node_modules\markbind-cli\node_modules\bluebird\js\release\promise.js:614:10)
    at Promise._settlePromises (C:\Users\dcsdcr\AppData\Roaming\npm\node_modules\markbind-cli\node_modules\bluebird\js\release\promise.js:694:18)
    at _drainQueueStep (C:\Users\dcsdcr\AppData\Roaming\npm\node_modules\markbind-cli\node_modules\bluebird\js\release\async.js:138:12)
    at _drainQueue (C:\Users\dcsdcr\AppData\Roaming\npm\node_modules\markbind-cli\node_modules\bluebird\js\release\async.js:131:9)
    at Async._drainQueues (C:\Users\dcsdcr\AppData\Roaming\npm\node_modules\markbind-cli\node_modules\bluebird\js\release\async.js:147:5)
    at Immediate.Async.drainQueues [as _onImmediate] (C:\Users\dcsdcr\AppData\Roaming\npm\node_modules\markbind-cli\node_modules\bluebird\js\release\async.js:17:14)
2018-12-25T07:09:39.109Z - warn:  Error: website-base/schedule/week7/index.html does not exist
    at Site.generatePages (C:\Users\dcsdcr\AppData\Roaming\npm\node_modules\markbind-cli\src\Site.js:593:29)
    at Promise (C:\Users\dcsdcr\AppData\Roaming\npm\node_modules\markbind-cli\src\Site.js:477:10)
    at Promise._execute (C:\Users\dcsdcr\AppData\Roaming\npm\node_modules\markbind-cli\node_modules\bluebird\js\release\debuggability.js:313:9)
    at Promise._resolveFromExecutor (C:\Users\dcsdcr\AppData\Roaming\npm\node_modules\markbind-cli\node_modules\bluebird\js\release\promise.js:483:18)
    at new Promise (C:\Users\dcsdcr\AppData\Roaming\npm\node_modules\markbind-cli\node_modules\bluebird\js\release\promise.js:79:10)
    at Site.buildSourceFiles (C:\Users\dcsdcr\AppData\Roaming\npm\node_modules\markbind-cli\src\Site.js:475:10)
    at readSiteConfig.then.then.then.then.then (C:\Users\dcsdcr\AppData\Roaming\npm\node_modules\markbind-cli\src\Site.js:454:24)
    at tryCatcher (C:\Users\dcsdcr\AppData\Roaming\npm\node_modules\markbind-cli\node_modules\bluebird\js\release\util.js:16:23)
    at Promise._settlePromiseFromHandler (C:\Users\dcsdcr\AppData\Roaming\npm\node_modules\markbind-cli\node_modules\bluebird\js\release\promise.js:512:31)
    at Promise._settlePromise (C:\Users\dcsdcr\AppData\Roaming\npm\node_modules\markbind-cli\node_modules\bluebird\js\release\promise.js:569:18)
    at Promise._settlePromise0 (C:\Users\dcsdcr\AppData\Roaming\npm\node_modules\markbind-cli\node_modules\bluebird\js\release\promise.js:614:10)
    at Promise._settlePromises (C:\Users\dcsdcr\AppData\Roaming\npm\node_modules\markbind-cli\node_modules\bluebird\js\release\promise.js:694:18)
    at _drainQueueStep (C:\Users\dcsdcr\AppData\Roaming\npm\node_modules\markbind-cli\node_modules\bluebird\js\release\async.js:138:12)
    at _drainQueue (C:\Users\dcsdcr\AppData\Roaming\npm\node_modules\markbind-cli\node_modules\bluebird\js\release\async.js:131:9)
    at Async._drainQueues (C:\Users\dcsdcr\AppData\Roaming\npm\node_modules\markbind-cli\node_modules\bluebird\js\release\async.js:147:5)
    at Immediate.Async.drainQueues [as _onImmediate] (C:\Users\dcsdcr\AppData\Roaming\npm\node_modules\markbind-cli\node_modules\bluebird\js\release\async.js:17:14)
2018-12-25T07:09:39.110Z - info: Generate Site durationMs=5551
2018-12-25T07:09:39.111Z - error: website-base/schedule/week7/index.html does not exist
2018-12-25T07:10:02.457Z - info: Website generation started at 3:10:02 PM
2018-12-25T07:10:03.811Z - info: Building assets...
2018-12-25T07:10:04.972Z - info: Assets built
2018-12-25T07:10:04.973Z - info: Generating pages...
2018-12-25T07:10:04.975Z - warn:  Error: schedule/week7/index.html does not exist
    at Site.generatePages (C:\Users\dcsdcr\AppData\Roaming\npm\node_modules\markbind-cli\src\Site.js:593:29)
    at Promise (C:\Users\dcsdcr\AppData\Roaming\npm\node_modules\markbind-cli\src\Site.js:477:10)
    at Promise._execute (C:\Users\dcsdcr\AppData\Roaming\npm\node_modules\markbind-cli\node_modules\bluebird\js\release\debuggability.js:313:9)
    at Promise._resolveFromExecutor (C:\Users\dcsdcr\AppData\Roaming\npm\node_modules\markbind-cli\node_modules\bluebird\js\release\promise.js:483:18)
    at new Promise (C:\Users\dcsdcr\AppData\Roaming\npm\node_modules\markbind-cli\node_modules\bluebird\js\release\promise.js:79:10)
    at Site.buildSourceFiles (C:\Users\dcsdcr\AppData\Roaming\npm\node_modules\markbind-cli\src\Site.js:475:10)
    at readSiteConfig.then.then.then.then.then (C:\Users\dcsdcr\AppData\Roaming\npm\node_modules\markbind-cli\src\Site.js:454:24)
    at tryCatcher (C:\Users\dcsdcr\AppData\Roaming\npm\node_modules\markbind-cli\node_modules\bluebird\js\release\util.js:16:23)
    at Promise._settlePromiseFromHandler (C:\Users\dcsdcr\AppData\Roaming\npm\node_modules\markbind-cli\node_modules\bluebird\js\release\promise.js:512:31)
    at Promise._settlePromise (C:\Users\dcsdcr\AppData\Roaming\npm\node_modules\markbind-cli\node_modules\bluebird\js\release\promise.js:569:18)
    at Promise._settlePromise0 (C:\Users\dcsdcr\AppData\Roaming\npm\node_modules\markbind-cli\node_modules\bluebird\js\release\promise.js:614:10)
    at Promise._settlePromises (C:\Users\dcsdcr\AppData\Roaming\npm\node_modules\markbind-cli\node_modules\bluebird\js\release\promise.js:694:18)
    at _drainQueueStep (C:\Users\dcsdcr\AppData\Roaming\npm\node_modules\markbind-cli\node_modules\bluebird\js\release\async.js:138:12)
    at _drainQueue (C:\Users\dcsdcr\AppData\Roaming\npm\node_modules\markbind-cli\node_modules\bluebird\js\release\async.js:131:9)
    at Async._drainQueues (C:\Users\dcsdcr\AppData\Roaming\npm\node_modules\markbind-cli\node_modules\bluebird\js\release\async.js:147:5)
    at Immediate.Async.drainQueues [as _onImmediate] (C:\Users\dcsdcr\AppData\Roaming\npm\node_modules\markbind-cli\node_modules\bluebird\js\release\async.js:17:14)
2018-12-25T07:10:05.249Z - warn:  Error: schedule/week7/index.html does not exist
    at Site.generatePages (C:\Users\dcsdcr\AppData\Roaming\npm\node_modules\markbind-cli\src\Site.js:593:29)
    at Promise (C:\Users\dcsdcr\AppData\Roaming\npm\node_modules\markbind-cli\src\Site.js:477:10)
    at Promise._execute (C:\Users\dcsdcr\AppData\Roaming\npm\node_modules\markbind-cli\node_modules\bluebird\js\release\debuggability.js:313:9)
    at Promise._resolveFromExecutor (C:\Users\dcsdcr\AppData\Roaming\npm\node_modules\markbind-cli\node_modules\bluebird\js\release\promise.js:483:18)
    at new Promise (C:\Users\dcsdcr\AppData\Roaming\npm\node_modules\markbind-cli\node_modules\bluebird\js\release\promise.js:79:10)
    at Site.buildSourceFiles (C:\Users\dcsdcr\AppData\Roaming\npm\node_modules\markbind-cli\src\Site.js:475:10)
    at readSiteConfig.then.then.then.then.then (C:\Users\dcsdcr\AppData\Roaming\npm\node_modules\markbind-cli\src\Site.js:454:24)
    at tryCatcher (C:\Users\dcsdcr\AppData\Roaming\npm\node_modules\markbind-cli\node_modules\bluebird\js\release\util.js:16:23)
    at Promise._settlePromiseFromHandler (C:\Users\dcsdcr\AppData\Roaming\npm\node_modules\markbind-cli\node_modules\bluebird\js\release\promise.js:512:31)
    at Promise._settlePromise (C:\Users\dcsdcr\AppData\Roaming\npm\node_modules\markbind-cli\node_modules\bluebird\js\release\promise.js:569:18)
    at Promise._settlePromise0 (C:\Users\dcsdcr\AppData\Roaming\npm\node_modules\markbind-cli\node_modules\bluebird\js\release\promise.js:614:10)
    at Promise._settlePromises (C:\Users\dcsdcr\AppData\Roaming\npm\node_modules\markbind-cli\node_modules\bluebird\js\release\promise.js:694:18)
    at _drainQueueStep (C:\Users\dcsdcr\AppData\Roaming\npm\node_modules\markbind-cli\node_modules\bluebird\js\release\async.js:138:12)
    at _drainQueue (C:\Users\dcsdcr\AppData\Roaming\npm\node_modules\markbind-cli\node_modules\bluebird\js\release\async.js:131:9)
    at Async._drainQueues (C:\Users\dcsdcr\AppData\Roaming\npm\node_modules\markbind-cli\node_modules\bluebird\js\release\async.js:147:5)
    at Immediate.Async.drainQueues [as _onImmediate] (C:\Users\dcsdcr\AppData\Roaming\npm\node_modules\markbind-cli\node_modules\bluebird\js\release\async.js:17:14)
2018-12-25T07:10:05.250Z - info: Generate Site durationMs=2802
2018-12-25T07:10:05.251Z - error: schedule/week7/index.html does not exist
2018-12-25T07:10:49.072Z - info: Website generation started at 3:10:49 PM
2018-12-25T07:10:50.431Z - info: Building assets...
2018-12-25T07:10:51.579Z - info: Assets built
2018-12-25T07:10:51.579Z - info: Generating pages...
2018-12-25T07:10:53.158Z - info: Pages built
2018-12-25T07:10:53.236Z - info: Site data built
2018-12-25T07:10:53.236Z - info: Website generation complete! Total build time: 4.173s
2018-12-25T07:10:53.248Z - info: Generate Site durationMs=4184
2018-12-25T07:10:53.573Z - info: Serving "C:\repos\nus-cs2103-AY1819S2\cs2103-website\_site" at http://127.0.0.1:8080
2018-12-25T07:10:53.574Z - info: Press CTRL+C to stop ...
2018-12-25T07:11:16.182Z - info: [3:11:16 PM] Reload for file change: C:\repos\nus-cs2103-AY1819S2\cs2103-website\book\uml\sequenceDiagrams\objectDeletion\text.md
2018-12-25T07:11:17.185Z - verbose: Rebuild affected paths: C:\repos\nus-cs2103-AY1819S2\cs2103-website\book\uml\sequenceDiagrams\objectDeletion\text.md
2018-12-25T07:11:17.186Z - info: Rebuilding 1 pages
2018-12-25T07:11:18.556Z - info: Pages rebuilt
2018-12-25T07:11:18.567Z - info: Site data built
2018-12-25T07:11:38.604Z - info: [3:11:38 PM] Reload for file change: C:\repos\nus-cs2103-AY1819S2\cs2103-website\book\uml\sequenceDiagrams\objectDeletion\text.md
2018-12-25T07:11:39.606Z - verbose: Rebuild affected paths: C:\repos\nus-cs2103-AY1819S2\cs2103-website\book\uml\sequenceDiagrams\objectDeletion\text.md
2018-12-25T07:11:39.607Z - info: Rebuilding 1 pages
2018-12-25T07:11:40.804Z - info: Pages rebuilt
2018-12-25T07:11:40.821Z - info: Site data built
2018-12-25T07:18:11.309Z - info: Website generation started at 3:18:10 PM
2018-12-25T07:18:12.641Z - info: Building assets...
2018-12-25T07:18:13.981Z - info: Assets built
2018-12-25T07:18:13.981Z - info: Generating pages...
2018-12-25T07:19:11.397Z - info: Pages built
2018-12-25T07:19:11.507Z - info: Site data built
2018-12-25T07:19:11.507Z - info: Website generation complete! Total build time: 61.291s
2018-12-25T07:19:11.526Z - info: Generate Site durationMs=61310
2018-12-25T07:19:11.869Z - info: Serving "C:\repos\nus-cs2103-AY1819S2\cs2103-website\_site" at http://127.0.0.1:8080
2018-12-25T07:19:11.870Z - info: Press CTRL+C to stop ...
2018-12-25T07:19:58.238Z - info: [3:19:58 PM] Reload for file change: C:\repos\nus-cs2103-AY1819S2\cs2103-website\schedule\index.md
2018-12-25T07:19:59.240Z - verbose: Rebuild affected paths: C:\repos\nus-cs2103-AY1819S2\cs2103-website\schedule\index.md
2018-12-25T07:19:59.242Z - info: Rebuilding 2 pages
2018-12-25T07:20:01.230Z - info: Pages rebuilt
2018-12-25T07:20:01.241Z - info: Site data built
2018-12-25T07:20:42.739Z - info: [3:20:42 PM] Reload for file change: C:\repos\nus-cs2103-AY1819S2\cs2103-website\schedule\index.md
2018-12-25T07:20:43.742Z - verbose: Rebuild affected paths: C:\repos\nus-cs2103-AY1819S2\cs2103-website\schedule\index.md
2018-12-25T07:20:43.745Z - info: Rebuilding 2 pages
2018-12-25T07:20:45.731Z - info: Pages rebuilt
2018-12-25T07:20:45.743Z - info: Site data built
