2019-01-13T05:11:15.318Z - info: Website generation started at 1:11:12 PM
2019-01-13T05:11:17.276Z - info: Building assets...
2019-01-13T05:11:19.223Z - info: Assets built
2019-01-13T05:11:19.223Z - info: Generating pages...
2019-01-13T05:12:09.290Z - info: Pages built
2019-01-13T05:12:09.406Z - info: Site data built
2019-01-13T05:12:09.407Z - info: Website generation complete! Total build time: 57.264s
2019-01-13T05:12:09.435Z - info: Generate Site durationMs=57293
2019-01-13T05:12:10.970Z - info: Serving "C:\repos\nus-te3201\te3201-2019-website\_site" at http://127.0.0.1:64675
2019-01-13T05:12:10.970Z - info: Press CTRL+C to stop ...
2019-01-13T05:15:27.803Z - info: [1:15:27 PM] Reload for file change: C:\repos\nus-te3201\te3201-2019-website\programming\if\text.md
2019-01-13T05:15:28.806Z - verbose: Rebuild affected paths: C:\repos\nus-te3201\te3201-2019-website\programming\if\text.md
2019-01-13T05:15:28.807Z - info: Rebuilding 2 pages
2019-01-13T05:15:29.515Z - info: Pages rebuilt
2019-01-13T05:15:29.524Z - info: Site data built
2019-01-13T05:17:14.517Z - info: [1:17:14 PM] Reload for file change: C:\repos\nus-te3201\te3201-2019-website\programming\if\text.md
2019-01-13T05:17:15.518Z - verbose: Rebuild affected paths: C:\repos\nus-te3201\te3201-2019-website\programming\if\text.md
2019-01-13T05:17:15.521Z - info: Rebuilding 2 pages
2019-01-13T05:17:16.203Z - info: Pages rebuilt
2019-01-13T05:17:16.212Z - info: Site data built
2019-01-13T05:19:02.469Z - info: [1:19:02 PM] Reload for file change: C:\repos\nus-te3201\te3201-2019-website\programming\if\text.md
2019-01-13T05:19:03.470Z - verbose: Rebuild affected paths: C:\repos\nus-te3201\te3201-2019-website\programming\if\text.md
2019-01-13T05:19:03.472Z - info: Rebuilding 2 pages
2019-01-13T05:19:04.156Z - info: Pages rebuilt
2019-01-13T05:19:04.168Z - info: Site data built
2019-01-13T05:19:37.334Z - info: [1:19:37 PM] Reload for file change: C:\repos\nus-te3201\te3201-2019-website\programming\if\text.md
2019-01-13T05:19:38.335Z - verbose: Rebuild affected paths: C:\repos\nus-te3201\te3201-2019-website\programming\if\text.md
2019-01-13T05:19:38.336Z - info: Rebuilding 2 pages
2019-01-13T05:19:38.911Z - info: Pages rebuilt
2019-01-13T05:19:38.918Z - info: Site data built
2019-01-13T05:19:51.694Z - info: [1:19:51 PM] Reload for file change: C:\repos\nus-te3201\te3201-2019-website\programming\if\text.md
2019-01-13T05:19:52.696Z - verbose: Rebuild affected paths: C:\repos\nus-te3201\te3201-2019-website\programming\if\text.md
2019-01-13T05:19:52.698Z - info: Rebuilding 2 pages
2019-01-13T05:19:53.288Z - info: Pages rebuilt
2019-01-13T05:19:53.295Z - info: Site data built
2019-01-13T05:20:13.399Z - info: [1:20:13 PM] Reload for file change: C:\repos\nus-te3201\te3201-2019-website\programming\if\text.md
2019-01-13T05:20:14.401Z - verbose: Rebuild affected paths: C:\repos\nus-te3201\te3201-2019-website\programming\if\text.md
2019-01-13T05:20:14.404Z - info: Rebuilding 2 pages
2019-01-13T05:20:15.037Z - info: Pages rebuilt
2019-01-13T05:20:15.044Z - info: Site data built
2019-01-13T05:20:30.814Z - info: [1:20:30 PM] Reload for file change: C:\repos\nus-te3201\te3201-2019-website\programming\if\text.md
2019-01-13T05:20:31.814Z - verbose: Rebuild affected paths: C:\repos\nus-te3201\te3201-2019-website\programming\if\text.md
2019-01-13T05:20:31.815Z - info: Rebuilding 2 pages
2019-01-13T05:20:32.392Z - info: Pages rebuilt
2019-01-13T05:20:32.399Z - info: Site data built
2019-01-13T05:20:45.386Z - info: [1:20:45 PM] Reload for file change: C:\repos\nus-te3201\te3201-2019-website\programming\if\text.md
2019-01-13T05:20:46.389Z - verbose: Rebuild affected paths: C:\repos\nus-te3201\te3201-2019-website\programming\if\text.md
2019-01-13T05:20:46.390Z - info: Rebuilding 2 pages
2019-01-13T05:20:46.914Z - info: Pages rebuilt
2019-01-13T05:20:46.920Z - info: Site data built
2019-01-13T05:21:18.189Z - info: [1:21:18 PM] Reload for file change: C:\repos\nus-te3201\te3201-2019-website\programming\if\text.md
2019-01-13T05:21:19.194Z - verbose: Rebuild affected paths: C:\repos\nus-te3201\te3201-2019-website\programming\if\text.md
2019-01-13T05:21:19.196Z - info: Rebuilding 2 pages
2019-01-13T05:21:19.829Z - info: Pages rebuilt
2019-01-13T05:21:19.836Z - info: Site data built
2019-01-13T05:22:49.960Z - info: [1:22:49 PM] Reload for file change: C:\repos\nus-te3201\te3201-2019-website\programming\if\text.md
2019-01-13T05:22:50.960Z - verbose: Rebuild affected paths: C:\repos\nus-te3201\te3201-2019-website\programming\if\text.md
2019-01-13T05:22:50.961Z - info: Rebuilding 2 pages
2019-01-13T05:22:51.608Z - info: Pages rebuilt
2019-01-13T05:22:51.615Z - info: Site data built
2019-01-13T05:23:39.040Z - info: [1:23:39 PM] Reload for file change: C:\repos\nus-te3201\te3201-2019-website\programming\if\text.md
2019-01-13T05:23:40.042Z - verbose: Rebuild affected paths: C:\repos\nus-te3201\te3201-2019-website\programming\if\text.md
2019-01-13T05:23:40.044Z - info: Rebuilding 2 pages
2019-01-13T05:23:40.684Z - info: Pages rebuilt
2019-01-13T05:23:40.691Z - info: Site data built
2019-01-13T05:25:23.257Z - info: [1:25:23 PM] Reload for file change: C:\repos\nus-te3201\te3201-2019-website\programming\if\text.md
2019-01-13T05:25:24.258Z - verbose: Rebuild affected paths: C:\repos\nus-te3201\te3201-2019-website\programming\if\text.md
2019-01-13T05:25:24.260Z - info: Rebuilding 2 pages
2019-01-13T05:25:24.875Z - info: Pages rebuilt
2019-01-13T05:25:24.883Z - info: Site data built
2019-01-13T05:25:52.944Z - info: [1:25:52 PM] Reload for file change: C:\repos\nus-te3201\te3201-2019-website\programming\if\text.md
2019-01-13T05:25:53.944Z - verbose: Rebuild affected paths: C:\repos\nus-te3201\te3201-2019-website\programming\if\text.md
2019-01-13T05:25:53.946Z - info: Rebuilding 2 pages
2019-01-13T05:25:54.560Z - info: Pages rebuilt
2019-01-13T05:25:54.568Z - info: Site data built
2019-01-13T05:26:17.613Z - info: [1:26:17 PM] Reload for file change: C:\repos\nus-te3201\te3201-2019-website\programming\if\text.md
2019-01-13T05:26:18.613Z - verbose: Rebuild affected paths: C:\repos\nus-te3201\te3201-2019-website\programming\if\text.md
2019-01-13T05:26:18.614Z - info: Rebuilding 2 pages
2019-01-13T05:26:19.141Z - info: Pages rebuilt
2019-01-13T05:26:19.148Z - info: Site data built
2019-01-13T05:30:19.806Z - info: [1:30:19 PM] Reload for file change: C:\repos\nus-te3201\te3201-2019-website\programming\if\text.md
2019-01-13T05:30:20.808Z - verbose: Rebuild affected paths: C:\repos\nus-te3201\te3201-2019-website\programming\if\text.md
2019-01-13T05:30:20.810Z - info: Rebuilding 2 pages
2019-01-13T05:30:21.406Z - info: Pages rebuilt
2019-01-13T05:30:21.412Z - info: Site data built
2019-01-13T05:31:01.902Z - info: [1:31:01 PM] Reload for file change: C:\repos\nus-te3201\te3201-2019-website\programming\if\text.md
2019-01-13T05:31:02.903Z - verbose: Rebuild affected paths: C:\repos\nus-te3201\te3201-2019-website\programming\if\text.md
2019-01-13T05:31:02.904Z - info: Rebuilding 2 pages
2019-01-13T05:31:03.453Z - info: Pages rebuilt
2019-01-13T05:31:03.460Z - info: Site data built
2019-01-13T05:56:22.679Z - info: [1:56:22 PM] Reload for file change: C:\repos\nus-te3201\te3201-2019-website\index.md
2019-01-13T05:56:23.680Z - verbose: Rebuild affected paths: C:\repos\nus-te3201\te3201-2019-website\index.md
2019-01-13T05:56:23.682Z - info: Rebuilding 1 pages
2019-01-13T05:56:23.707Z - error:  Error: No such segment 'main' in file: C:\repos\nus-te3201\te3201-2019-website\admin\index.md
Missing reference in C:\repos\nus-te3201\te3201-2019-website\index.md
    at Parser._preprocess (C:\Users\dcsdcr\AppData\Roaming\npm\node_modules\markbind-cli\src\lib\markbind\src\parser.js:228:25)
    at element.children.element.children.map.e (C:\Users\dcsdcr\AppData\Roaming\npm\node_modules\markbind-cli\src\lib\markbind\src\parser.js:284:57)
    at Array.map (<anonymous>)
    at Parser._preprocess (C:\Users\dcsdcr\AppData\Roaming\npm\node_modules\markbind-cli\src\lib\markbind\src\parser.js:284:43)
    at dom.map (C:\Users\dcsdcr\AppData\Roaming\npm\node_modules\markbind-cli\src\lib\markbind\src\parser.js:384:28)
    at Array.map (<anonymous>)
    at DomHandler.htmlparser.DomHandler [as _callback] (C:\Users\dcsdcr\AppData\Roaming\npm\node_modules\markbind-cli\src\lib\markbind\src\parser.js:381:25)
    at DomHandler._handleCallback.DomHandler.onerror (C:\Users\dcsdcr\AppData\Roaming\npm\node_modules\markbind-cli\node_modules\domhandler\index.js:52:8)
    at DomHandler.onend (C:\Users\dcsdcr\AppData\Roaming\npm\node_modules\markbind-cli\node_modules\domhandler\index.js:46:7)
    at Parser.onend (C:\Users\dcsdcr\AppData\Roaming\npm\node_modules\markbind-cli\node_modules\htmlparser2\lib\Parser.js:310:32)
    at Tokenizer._finish (C:\Users\dcsdcr\AppData\Roaming\npm\node_modules\markbind-cli\node_modules\htmlparser2\lib\Tokenizer.js:853:12)
    at Tokenizer.end (C:\Users\dcsdcr\AppData\Roaming\npm\node_modules\markbind-cli\node_modules\htmlparser2\lib\Tokenizer.js:844:25)
    at Parser.end (C:\Users\dcsdcr\AppData\Roaming\npm\node_modules\markbind-cli\node_modules\htmlparser2\lib\Parser.js:338:18)
    at Parser.parseComplete (C:\Users\dcsdcr\AppData\Roaming\npm\node_modules\markbind-cli\node_modules\htmlparser2\lib\Parser.js:330:7)
    at fs.readFile (C:\Users\dcsdcr\AppData\Roaming\npm\node_modules\markbind-cli\src\lib\markbind\src\parser.js:420:16)
    at FSReqWrap.readFileAfterClose [as oncomplete] (internal/fs/read_file_context.js:53:3)
2019-01-13T05:56:23.717Z - info: [1:56:23 PM] Reload for file change: C:\repos\nus-te3201\te3201-2019-website\admin\index.md
2019-01-13T05:56:23.746Z - info: Pages rebuilt
2019-01-13T05:56:23.753Z - info: Site data built
2019-01-13T05:56:24.717Z - verbose: Rebuild affected paths: C:\repos\nus-te3201\te3201-2019-website\admin\index.md
2019-01-13T05:56:24.718Z - info: Rebuilding 1 pages
2019-01-13T05:56:24.743Z - error:  Error: No such segment 'main' in file: C:\repos\nus-te3201\te3201-2019-website\admin\index.md
Missing reference in C:\repos\nus-te3201\te3201-2019-website\index.md
    at Parser._preprocess (C:\Users\dcsdcr\AppData\Roaming\npm\node_modules\markbind-cli\src\lib\markbind\src\parser.js:228:25)
    at element.children.element.children.map.e (C:\Users\dcsdcr\AppData\Roaming\npm\node_modules\markbind-cli\src\lib\markbind\src\parser.js:284:57)
    at Array.map (<anonymous>)
    at Parser._preprocess (C:\Users\dcsdcr\AppData\Roaming\npm\node_modules\markbind-cli\src\lib\markbind\src\parser.js:284:43)
    at dom.map (C:\Users\dcsdcr\AppData\Roaming\npm\node_modules\markbind-cli\src\lib\markbind\src\parser.js:384:28)
    at Array.map (<anonymous>)
    at DomHandler.htmlparser.DomHandler [as _callback] (C:\Users\dcsdcr\AppData\Roaming\npm\node_modules\markbind-cli\src\lib\markbind\src\parser.js:381:25)
    at DomHandler._handleCallback.DomHandler.onerror (C:\Users\dcsdcr\AppData\Roaming\npm\node_modules\markbind-cli\node_modules\domhandler\index.js:52:8)
    at DomHandler.onend (C:\Users\dcsdcr\AppData\Roaming\npm\node_modules\markbind-cli\node_modules\domhandler\index.js:46:7)
    at Parser.onend (C:\Users\dcsdcr\AppData\Roaming\npm\node_modules\markbind-cli\node_modules\htmlparser2\lib\Parser.js:310:32)
    at Tokenizer._finish (C:\Users\dcsdcr\AppData\Roaming\npm\node_modules\markbind-cli\node_modules\htmlparser2\lib\Tokenizer.js:853:12)
    at Tokenizer.end (C:\Users\dcsdcr\AppData\Roaming\npm\node_modules\markbind-cli\node_modules\htmlparser2\lib\Tokenizer.js:844:25)
    at Parser.end (C:\Users\dcsdcr\AppData\Roaming\npm\node_modules\markbind-cli\node_modules\htmlparser2\lib\Parser.js:338:18)
    at Parser.parseComplete (C:\Users\dcsdcr\AppData\Roaming\npm\node_modules\markbind-cli\node_modules\htmlparser2\lib\Parser.js:330:7)
    at fs.readFile (C:\Users\dcsdcr\AppData\Roaming\npm\node_modules\markbind-cli\src\lib\markbind\src\parser.js:420:16)
    at FSReqWrap.readFileAfterClose [as oncomplete] (internal/fs/read_file_context.js:53:3)
2019-01-13T05:56:24.777Z - info: Pages rebuilt
2019-01-13T05:56:24.785Z - info: Site data built
2019-01-13T05:57:12.792Z - info: [1:57:12 PM] Reload for file change: C:\repos\nus-te3201\te3201-2019-website\index.md
2019-01-13T05:57:13.793Z - verbose: Rebuild affected paths: C:\repos\nus-te3201\te3201-2019-website\index.md
2019-01-13T05:57:13.795Z - info: Rebuilding 1 pages
2019-01-13T05:57:13.818Z - error:  Error: No such file: C:\repos\nus-te3201\te3201-2019-website\admin\te3201-index.md
Missing reference in C:\repos\nus-te3201\te3201-2019-website\index.md
    at Parser._preprocess (C:\Users\dcsdcr\AppData\Roaming\npm\node_modules\markbind-cli\src\lib\markbind\src\parser.js:145:21)
    at element.children.element.children.map.e (C:\Users\dcsdcr\AppData\Roaming\npm\node_modules\markbind-cli\src\lib\markbind\src\parser.js:284:57)
    at Array.map (<anonymous>)
    at Parser._preprocess (C:\Users\dcsdcr\AppData\Roaming\npm\node_modules\markbind-cli\src\lib\markbind\src\parser.js:284:43)
    at dom.map (C:\Users\dcsdcr\AppData\Roaming\npm\node_modules\markbind-cli\src\lib\markbind\src\parser.js:384:28)
    at Array.map (<anonymous>)
    at DomHandler.htmlparser.DomHandler [as _callback] (C:\Users\dcsdcr\AppData\Roaming\npm\node_modules\markbind-cli\src\lib\markbind\src\parser.js:381:25)
    at DomHandler._handleCallback.DomHandler.onerror (C:\Users\dcsdcr\AppData\Roaming\npm\node_modules\markbind-cli\node_modules\domhandler\index.js:52:8)
    at DomHandler.onend (C:\Users\dcsdcr\AppData\Roaming\npm\node_modules\markbind-cli\node_modules\domhandler\index.js:46:7)
    at Parser.onend (C:\Users\dcsdcr\AppData\Roaming\npm\node_modules\markbind-cli\node_modules\htmlparser2\lib\Parser.js:310:32)
    at Tokenizer._finish (C:\Users\dcsdcr\AppData\Roaming\npm\node_modules\markbind-cli\node_modules\htmlparser2\lib\Tokenizer.js:853:12)
    at Tokenizer.end (C:\Users\dcsdcr\AppData\Roaming\npm\node_modules\markbind-cli\node_modules\htmlparser2\lib\Tokenizer.js:844:25)
    at Parser.end (C:\Users\dcsdcr\AppData\Roaming\npm\node_modules\markbind-cli\node_modules\htmlparser2\lib\Parser.js:338:18)
    at Parser.parseComplete (C:\Users\dcsdcr\AppData\Roaming\npm\node_modules\markbind-cli\node_modules\htmlparser2\lib\Parser.js:330:7)
    at fs.readFile (C:\Users\dcsdcr\AppData\Roaming\npm\node_modules\markbind-cli\src\lib\markbind\src\parser.js:420:16)
    at FSReqWrap.readFileAfterClose [as oncomplete] (internal/fs/read_file_context.js:53:3)
2019-01-13T05:57:13.856Z - info: Pages rebuilt
2019-01-13T05:57:13.862Z - info: Site data built
2019-01-13T05:58:00.457Z - info: [1:58:00 PM] Reload for file change: C:\repos\nus-te3201\te3201-2019-website\index.md
2019-01-13T05:58:01.458Z - verbose: Rebuild affected paths: C:\repos\nus-te3201\te3201-2019-website\index.md
2019-01-13T05:58:01.461Z - info: Rebuilding 1 pages
2019-01-13T05:58:01.777Z - info: Pages rebuilt
2019-01-13T05:58:01.784Z - info: Site data built
2019-01-13T05:58:24.697Z - info: [1:58:24 PM] Reload for file change: C:\repos\nus-te3201\te3201-2019-website\index.md
2019-01-13T05:58:25.700Z - verbose: Rebuild affected paths: C:\repos\nus-te3201\te3201-2019-website\index.md
2019-01-13T05:58:25.700Z - info: Rebuilding 1 pages
2019-01-13T05:58:25.870Z - info: Pages rebuilt
2019-01-13T05:58:25.877Z - info: Site data built
2019-01-13T06:01:37.534Z - info: [2:01:37 PM] Reload for file change: C:\repos\nus-te3201\te3201-2019-website\admin\moduleExpectations.md
2019-01-13T06:01:38.535Z - verbose: Rebuild affected paths: C:\repos\nus-te3201\te3201-2019-website\admin\moduleExpectations.md
2019-01-13T06:01:38.538Z - info: Rebuilding 1 pages
2019-01-13T06:01:38.882Z - info: Pages rebuilt
2019-01-13T06:01:38.891Z - info: Site data built
2019-01-13T06:02:06.339Z - info: [2:02:06 PM] Reload for file change: C:\repos\nus-te3201\te3201-2019-website\admin\moduleExpectations.md
2019-01-13T06:02:07.340Z - verbose: Rebuild affected paths: C:\repos\nus-te3201\te3201-2019-website\admin\moduleExpectations.md
2019-01-13T06:02:07.341Z - info: Rebuilding 1 pages
2019-01-13T06:02:07.596Z - info: Pages rebuilt
2019-01-13T06:02:07.605Z - info: Site data built
2019-01-13T06:03:47.921Z - info: [2:03:47 PM] Reload for file change: C:\repos\nus-te3201\te3201-2019-website\admin\te3201-admin.md
2019-01-13T06:03:48.922Z - verbose: Rebuild affected paths: C:\repos\nus-te3201\te3201-2019-website\admin\te3201-admin.md
2019-01-13T06:03:48.923Z - info: Rebuilding 1 pages
2019-01-13T06:03:49.257Z - info: Pages rebuilt
2019-01-13T06:03:49.267Z - info: Site data built
2019-01-13T06:04:29.924Z - info: [2:04:29 PM] Reload for file change: C:\repos\nus-te3201\te3201-2019-website\admin\te3201-admin.md
2019-01-13T06:04:30.926Z - verbose: Rebuild affected paths: C:\repos\nus-te3201\te3201-2019-website\admin\te3201-admin.md
2019-01-13T06:04:30.927Z - info: Rebuilding 1 pages
2019-01-13T06:04:31.181Z - info: Pages rebuilt
2019-01-13T06:04:31.189Z - info: Site data built
2019-01-13T06:05:11.909Z - info: [2:05:11 PM] Reload for file change: C:\repos\nus-te3201\te3201-2019-website\admin\te3201-admin.md
2019-01-13T06:05:12.911Z - verbose: Rebuild affected paths: C:\repos\nus-te3201\te3201-2019-website\admin\te3201-admin.md
2019-01-13T06:05:12.912Z - info: Rebuilding 1 pages
2019-01-13T06:05:13.241Z - info: Pages rebuilt
2019-01-13T06:05:13.249Z - info: Site data built
2019-01-13T06:05:33.340Z - info: [2:05:33 PM] Reload for file change: C:\repos\nus-te3201\te3201-2019-website\admin\te3201-admin.md
2019-01-13T06:05:34.342Z - verbose: Rebuild affected paths: C:\repos\nus-te3201\te3201-2019-website\admin\te3201-admin.md
2019-01-13T06:05:34.343Z - info: Rebuilding 1 pages
2019-01-13T06:05:34.663Z - info: Pages rebuilt
2019-01-13T06:05:34.669Z - info: Site data built
2019-01-13T07:15:38.024Z - info: Website generation started at 3:15:34 PM
2019-01-13T07:15:39.830Z - info: Building assets...
2019-01-13T07:15:41.523Z - info: Assets built
2019-01-13T07:15:41.524Z - info: Generating pages...
2019-01-13T07:16:27.068Z - info: Pages built
2019-01-13T07:16:27.178Z - info: Site data built
2019-01-13T07:16:27.178Z - info: Website generation complete! Total build time: 52.349s
2019-01-13T07:16:27.206Z - info: Generate Site durationMs=52377
2019-01-13T07:16:27.555Z - info: Serving "C:\repos\nus-te3201\te3201-2019-website\_site" at http://127.0.0.1:8080
2019-01-13T07:16:27.555Z - info: Press CTRL+C to stop ...
2019-01-13T07:20:20.367Z - info: Website generation started at 3:20:17 PM
2019-01-13T07:20:22.140Z - info: Building assets...
