2019-02-18T06:12:03.182Z - info: Website generation started at 2:11:59 PM
2019-02-18T06:12:05.202Z - info: Building assets...
2019-02-18T06:12:07.196Z - info: Assets built
2019-02-18T06:12:07.197Z - info: Generating pages...
2019-02-18T06:13:05.311Z - info: Pages built
2019-02-18T06:13:15.954Z - info: Website generation complete! Total build time: 75.974s
2019-02-18T06:13:15.975Z - info: Generate Site durationMs=75995
2019-02-18T06:13:16.347Z - info: Serving "C:\repos\nus-te3201\te3201-2019-website\_site" at http://127.0.0.1:8080
2019-02-18T06:13:16.347Z - info: Press CTRL+C to stop ...
2019-02-18T06:13:16.379Z - info: Site data built
2019-02-18T06:15:19.065Z - info: [2:15:19 PM] Reload for file change: C:\repos\nus-te3201\te3201-2019-website\programming\files-paths\text.md
2019-02-18T06:15:20.074Z - info: Rebuilding affected source files
2019-02-18T06:15:20.075Z - info: Rebuilding 2 pages
2019-02-18T06:15:20.808Z - info: Pages rebuilt
2019-02-18T06:15:20.817Z - info: Site data built
2019-02-18T06:15:30.886Z - info: [2:15:30 PM] Reload for file change: C:\repos\nus-te3201\te3201-2019-website\programming\files-paths\text.md
2019-02-18T06:15:31.904Z - info: Rebuilding affected source files
2019-02-18T06:15:31.906Z - info: Rebuilding 2 pages
2019-02-18T06:15:32.577Z - info: Pages rebuilt
2019-02-18T06:15:32.588Z - info: Site data built
2019-02-18T06:15:43.751Z - info: [2:15:43 PM] Reload for file change: C:\repos\nus-te3201\te3201-2019-website\programming\files-paths\text.md
2019-02-18T06:15:44.754Z - info: Rebuilding affected source files
2019-02-18T06:15:44.755Z - info: Rebuilding 2 pages
2019-02-18T06:15:45.400Z - info: Pages rebuilt
2019-02-18T06:15:45.410Z - info: Site data built
2019-02-18T06:16:04.564Z - info: [2:16:04 PM] Reload for file change: C:\repos\nus-te3201\te3201-2019-website\programming\files-paths\text.md
2019-02-18T06:16:05.564Z - info: Rebuilding affected source files
2019-02-18T06:16:05.566Z - info: Rebuilding 2 pages
2019-02-18T06:16:06.336Z - info: Pages rebuilt
2019-02-18T06:16:06.349Z - info: Site data built
2019-02-18T06:16:24.437Z - info: [2:16:24 PM] Reload for file change: C:\repos\nus-te3201\te3201-2019-website\programming\files-paths\text.md
2019-02-18T06:16:25.438Z - info: Rebuilding affected source files
2019-02-18T06:16:25.440Z - info: Rebuilding 2 pages
2019-02-18T06:16:26.132Z - info: Pages rebuilt
2019-02-18T06:16:26.142Z - info: Site data built
2019-02-18T06:19:31.040Z - info: [2:19:31 PM] Reload for file change: C:\repos\nus-te3201\te3201-2019-website\programming\strings-workingWith\text.md
2019-02-18T06:19:31.045Z - info: [2:19:31 PM] Reload for file change: C:\repos\nus-te3201\te3201-2019-website\programming\files-reading\text.md
2019-02-18T06:19:31.049Z - info: [2:19:31 PM] Reload for file change: C:\repos\nus-te3201\te3201-2019-website\programming\dictionaries-intro\text.md
2019-02-18T06:19:31.053Z - info: [2:19:31 PM] Reload for file change: C:\repos\nus-te3201\te3201-2019-website\programming\lists-methods\text.md
2019-02-18T06:19:31.059Z - info: [2:19:31 PM] Reload for file change: C:\repos\nus-te3201\te3201-2019-website\programming\strings-methods\text.md
2019-02-18T06:19:31.065Z - info: [2:19:31 PM] Reload for file change: C:\repos\nus-te3201\te3201-2019-website\programming\lists-intro\text.md
2019-02-18T06:19:31.070Z - info: [2:19:31 PM] Reload for file change: C:\repos\nus-te3201\te3201-2019-website\programming\functions-parameters\text.md
2019-02-18T06:19:31.075Z - info: [2:19:31 PM] Reload for file change: C:\repos\nus-te3201\te3201-2019-website\programming\oop-classLevelMembers\text.md
2019-02-18T06:19:31.081Z - info: [2:19:31 PM] Reload for file change: C:\repos\nus-te3201\te3201-2019-website\programming\oop-visibility\text.md
2019-02-18T06:19:31.086Z - info: [2:19:31 PM] Reload for file change: C:\repos\nus-te3201\te3201-2019-website\programming\for\text.md
2019-02-18T06:19:31.089Z - info: [2:19:31 PM] Reload for file change: C:\repos\nus-te3201\te3201-2019-website\programming\functions-return\text.md
2019-02-18T06:19:31.093Z - info: [2:19:31 PM] Reload for file change: C:\repos\nus-te3201\te3201-2019-website\programming\errors-exceptions-handling\text.md
2019-02-18T06:19:31.099Z - info: [2:19:31 PM] Reload for file change: C:\repos\nus-te3201\te3201-2019-website\programming\lists-workingWith\text.md
2019-02-18T06:19:31.104Z - info: [2:19:31 PM] Reload for file change: C:\repos\nus-te3201\te3201-2019-website\programming\usingFunctions\text.md
2019-02-18T06:19:31.107Z - info: [2:19:31 PM] Reload for file change: C:\repos\nus-te3201\te3201-2019-website\programming\dictionaries-nested\text.md
2019-02-18T06:19:31.113Z - info: [2:19:31 PM] Reload for file change: C:\repos\nus-te3201\te3201-2019-website\programming\oop-classes\text.md
2019-02-18T06:19:31.118Z - info: [2:19:31 PM] Reload for file change: C:\repos\nus-te3201\te3201-2019-website\programming\if\text.md
2019-02-18T06:19:31.124Z - info: [2:19:31 PM] Reload for file change: C:\repos\nus-te3201\te3201-2019-website\programming\variables\text.md
2019-02-18T06:19:31.128Z - info: [2:19:31 PM] Reload for file change: C:\repos\nus-te3201\te3201-2019-website\programming\thirdparty\text.md
2019-02-18T06:19:31.132Z - info: [2:19:31 PM] Reload for file change: C:\repos\nus-te3201\te3201-2019-website\programming\import\text.md
2019-02-18T06:19:31.137Z - info: [2:19:31 PM] Reload for file change: C:\repos\nus-te3201\te3201-2019-website\programming\while\text.md
2019-02-18T06:19:31.140Z - info: [2:19:31 PM] Reload for file change: C:\repos\nus-te3201\te3201-2019-website\programming\oop-inheritance\text.md
2019-02-18T06:19:31.147Z - info: [2:19:31 PM] Reload for file change: C:\repos\nus-te3201\te3201-2019-website\programming\dictionaries-workingWith\text.md
2019-02-18T06:19:31.154Z - info: [2:19:31 PM] Reload for file change: C:\repos\nus-te3201\te3201-2019-website\programming\functions-scope\text.md
2019-02-18T06:19:31.159Z - info: [2:19:31 PM] Reload for file change: C:\repos\nus-te3201\te3201-2019-website\programming\errors-exceptions-raising\text.md
2019-02-18T06:19:31.164Z - info: [2:19:31 PM] Reload for file change: C:\repos\nus-te3201\te3201-2019-website\programming\files-csv\text.md
2019-02-18T06:19:31.168Z - info: [2:19:31 PM] Reload for file change: C:\repos\nus-te3201\te3201-2019-website\programming\strings-literals\text.md
2019-02-18T06:19:31.173Z - info: [2:19:31 PM] Reload for file change: C:\repos\nus-te3201\te3201-2019-website\programming\objectReferences\text.md
2019-02-18T06:19:31.179Z - info: [2:19:31 PM] Reload for file change: C:\repos\nus-te3201\te3201-2019-website\programming\methods\text.md
2019-02-18T06:19:31.183Z - info: [2:19:31 PM] Reload for file change: C:\repos\nus-te3201\te3201-2019-website\programming\functions-def\text.md
2019-02-18T06:19:31.188Z - info: [2:19:31 PM] Reload for file change: C:\repos\nus-te3201\te3201-2019-website\programming\files-writing\text.md
2019-02-18T06:19:32.041Z - info: Rebuilding affected source files
2019-02-18T06:19:32.052Z - info: Rebuilding 22 pages
2019-02-18T06:19:40.372Z - info: Pages rebuilt
2019-02-18T06:19:40.385Z - info: Site data built
2019-02-18T06:20:56.800Z - info: [2:20:56 PM] Reload for file add: C:\repos\nus-te3201\te3201-2019-website\_markbind\boilerplates\exercisePanel.md
2019-02-18T06:20:57.810Z - warn: Rebuilding all source files
2019-02-18T06:20:59.442Z - info: Assets removed
2019-02-18T06:20:59.442Z - info: Generating pages...
2019-02-18T06:21:51.957Z - info: Pages built
2019-02-18T06:23:39.326Z - info: [2:23:39 PM] Reload for file change: C:\repos\nus-te3201\te3201-2019-website\_markbind\boilerplates\exercisePanel.md
2019-02-18T06:23:39.329Z - info: [2:23:39 PM] Reload for file change: C:\repos\nus-te3201\te3201-2019-website\programming\files-paths\text.md
2019-02-18T06:23:40.346Z - info: Rebuilding affected source files
2019-02-18T06:23:40.348Z - info: Rebuilding 2 pages
2019-02-18T06:23:41.071Z - info: Pages rebuilt
2019-02-18T06:23:41.079Z - info: Site data built
2019-02-18T06:36:19.593Z - info: [2:36:19 PM] Reload for file change: C:\repos\nus-te3201\te3201-2019-website\programming\files-reading\text.md
2019-02-18T06:36:19.598Z - info: [2:36:19 PM] Reload for file change: C:\repos\nus-te3201\te3201-2019-website\programming\files-csv\text.md
2019-02-18T06:36:20.593Z - info: Rebuilding affected source files
2019-02-18T06:36:20.594Z - info: Rebuilding 2 pages
2019-02-18T06:36:21.196Z - info: Pages rebuilt
2019-02-18T06:36:21.202Z - info: Site data built
2019-02-18T06:41:45.890Z - info: [2:41:45 PM] Reload for file change: C:\repos\nus-te3201\te3201-2019-website\programming\lists-methods\text.md
2019-02-18T06:41:45.894Z - info: [2:41:45 PM] Reload for file change: C:\repos\nus-te3201\te3201-2019-website\programming\strings-workingWith\text.md
2019-02-18T06:41:45.898Z - info: [2:41:45 PM] Reload for file change: C:\repos\nus-te3201\te3201-2019-website\programming\dictionaries-intro\text.md
2019-02-18T06:41:45.902Z - info: [2:41:45 PM] Reload for file change: C:\repos\nus-te3201\te3201-2019-website\programming\strings-methods\text.md
2019-02-18T06:41:45.906Z - info: [2:41:45 PM] Reload for file change: C:\repos\nus-te3201\te3201-2019-website\programming\lists-intro\text.md
2019-02-18T06:41:45.910Z - info: [2:41:45 PM] Reload for file change: C:\repos\nus-te3201\te3201-2019-website\programming\functions-parameters\text.md
2019-02-18T06:41:45.914Z - info: [2:41:45 PM] Reload for file change: C:\repos\nus-te3201\te3201-2019-website\programming\oop-classLevelMembers\text.md
2019-02-18T06:41:45.920Z - info: [2:41:45 PM] Reload for file change: C:\repos\nus-te3201\te3201-2019-website\programming\oop-visibility\text.md
2019-02-18T06:41:45.924Z - info: [2:41:45 PM] Reload for file change: C:\repos\nus-te3201\te3201-2019-website\programming\for\text.md
2019-02-18T06:41:45.928Z - info: [2:41:45 PM] Reload for file change: C:\repos\nus-te3201\te3201-2019-website\programming\functions-return\text.md
2019-02-18T06:41:45.932Z - info: [2:41:45 PM] Reload for file change: C:\repos\nus-te3201\te3201-2019-website\programming\errors-exceptions-handling\text.md
2019-02-18T06:41:45.937Z - info: [2:41:45 PM] Reload for file change: C:\repos\nus-te3201\te3201-2019-website\programming\lists-workingWith\text.md
2019-02-18T06:41:45.942Z - info: [2:41:45 PM] Reload for file change: C:\repos\nus-te3201\te3201-2019-website\programming\usingFunctions\text.md
2019-02-18T06:41:45.945Z - info: [2:41:45 PM] Reload for file change: C:\repos\nus-te3201\te3201-2019-website\programming\dictionaries-nested\text.md
2019-02-18T06:41:45.956Z - info: [2:41:45 PM] Reload for file change: C:\repos\nus-te3201\te3201-2019-website\programming\oop-classes\text.md
2019-02-18T06:41:45.961Z - info: [2:41:45 PM] Reload for file change: C:\repos\nus-te3201\te3201-2019-website\programming\if\text.md
2019-02-18T06:41:45.966Z - info: [2:41:45 PM] Reload for file change: C:\repos\nus-te3201\te3201-2019-website\programming\variables\text.md
2019-02-18T06:41:45.971Z - info: [2:41:45 PM] Reload for file change: C:\repos\nus-te3201\te3201-2019-website\programming\thirdparty\text.md
2019-02-18T06:41:45.974Z - info: [2:41:45 PM] Reload for file change: C:\repos\nus-te3201\te3201-2019-website\programming\import\text.md
2019-02-18T06:41:45.978Z - info: [2:41:45 PM] Reload for file change: C:\repos\nus-te3201\te3201-2019-website\programming\while\text.md
2019-02-18T06:41:45.982Z - info: [2:41:45 PM] Reload for file change: C:\repos\nus-te3201\te3201-2019-website\programming\oop-inheritance\text.md
2019-02-18T06:41:45.985Z - info: [2:41:45 PM] Reload for file change: C:\repos\nus-te3201\te3201-2019-website\programming\dictionaries-workingWith\text.md
2019-02-18T06:41:45.990Z - info: [2:41:45 PM] Reload for file change: C:\repos\nus-te3201\te3201-2019-website\programming\functions-scope\text.md
2019-02-18T06:41:45.994Z - info: [2:41:45 PM] Reload for file change: C:\repos\nus-te3201\te3201-2019-website\programming\errors-exceptions-raising\text.md
2019-02-18T06:41:45.999Z - info: [2:41:45 PM] Reload for file change: C:\repos\nus-te3201\te3201-2019-website\programming\strings-literals\text.md
2019-02-18T06:41:46.005Z - info: [2:41:46 PM] Reload for file change: C:\repos\nus-te3201\te3201-2019-website\programming\objectReferences\text.md
2019-02-18T06:41:46.011Z - info: [2:41:46 PM] Reload for file change: C:\repos\nus-te3201\te3201-2019-website\programming\methods\text.md
2019-02-18T06:41:46.014Z - info: [2:41:46 PM] Reload for file change: C:\repos\nus-te3201\te3201-2019-website\programming\functions-def\text.md
2019-02-18T06:41:46.019Z - info: [2:41:46 PM] Reload for file change: C:\repos\nus-te3201\te3201-2019-website\programming\files-writing\text.md
2019-02-18T06:41:46.901Z - info: Rebuilding affected source files
2019-02-18T06:41:46.910Z - info: Rebuilding 22 pages
2019-02-18T06:41:54.904Z - info: Pages rebuilt
2019-02-18T06:41:54.912Z - info: Site data built
2019-02-18T06:48:50.300Z - info: Website generation started at 2:48:47 PM
2019-02-18T06:48:52.074Z - info: Building assets...
2019-02-18T06:48:53.833Z - info: Assets built
2019-02-18T06:48:53.834Z - info: Generating pages...
2019-02-18T06:49:44.818Z - info: Pages built
2019-02-18T06:49:54.237Z - info: Website generation complete! Total build time: 66.646s
2019-02-18T06:49:54.237Z - info: Build success!
2019-02-18T06:49:54.237Z - info: Generate Site durationMs=66647
2019-02-18T06:49:54.244Z - info: Site data built
2019-02-18T06:50:45.585Z - info: Deployed!
2019-02-18T07:27:37.708Z - info: Website generation started at 3:27:35 PM
2019-02-18T07:27:39.379Z - info: Building assets...
2019-02-18T07:27:41.203Z - info: Assets built
2019-02-18T07:27:41.203Z - info: Generating pages...
2019-02-18T07:28:29.847Z - info: Pages built
2019-02-18T07:28:39.182Z - info: Website generation complete! Total build time: 64.157s
2019-02-18T07:28:39.183Z - info: Build success!
2019-02-18T07:28:39.183Z - info: Generate Site durationMs=64158
2019-02-18T07:28:39.189Z - info: Site data built
2019-02-18T07:29:19.975Z - info: Deployed!
