2019-04-02T04:19:45.214Z - info: Website generation started at 12:19:39 PM
2019-04-02T04:19:48.755Z - info: Building assets...
2019-04-02T04:19:51.466Z - info: Assets built
2019-04-02T04:19:51.467Z - info: Generating pages...
2019-04-02T04:21:28.941Z - info: Pages built
2019-04-02T04:21:45.923Z - info: Website generation complete! Total build time: 125.962s
2019-04-02T04:21:46.303Z - info: Serving "C:\repos\nus-te3201\te3201-2019-website\_site" at http://127.0.0.1:8080
2019-04-02T04:21:46.303Z - info: Press CTRL+C to stop ...
2019-04-02T04:21:46.325Z - info: Site data built
2019-04-02T04:23:16.193Z - info: [12:23:16 PM] Reload for file change: C:\repos\nus-te3201\te3201-2019-website\_markbind\headers\header.md
2019-04-02T04:23:17.195Z - info: Rebuilding affected source files
2019-04-02T04:23:17.243Z - info: Rebuilding 68 pages
2019-04-02T04:23:42.805Z - info: Pages rebuilt
2019-04-02T04:23:42.817Z - info: Site data built
2019-04-02T04:24:11.062Z - info: [12:24:11 PM] Reload for file change: C:\repos\nus-te3201\te3201-2019-website\_markbind\headers\header.md
2019-04-02T04:24:12.064Z - info: Rebuilding affected source files
2019-04-02T04:24:12.086Z - info: Rebuilding 68 pages
2019-04-02T04:24:37.162Z - info: Pages rebuilt
2019-04-02T04:24:37.173Z - info: Site data built
2019-04-02T04:25:19.733Z - info: [12:25:19 PM] Reload for file change: C:\repos\nus-te3201\te3201-2019-website\_markbind\headers\header.md
2019-04-02T04:25:20.735Z - info: Rebuilding affected source files
2019-04-02T04:25:20.750Z - info: Rebuilding 68 pages
2019-04-02T04:25:47.086Z - info: Pages rebuilt
2019-04-02T04:25:47.095Z - info: Site data built
2019-04-02T04:25:50.580Z - info: [12:25:50 PM] Reload for file change: C:\repos\nus-te3201\te3201-2019-website\_markbind\headers\header.md
2019-04-02T04:25:51.581Z - info: Rebuilding affected source files
2019-04-02T04:25:51.590Z - info: Rebuilding 68 pages
2019-04-02T04:26:17.423Z - info: Pages rebuilt
2019-04-02T04:26:17.431Z - info: Site data built
2019-04-02T04:27:08.071Z - info: [12:27:08 PM] Reload for file change: C:\repos\nus-te3201\te3201-2019-website\_markbind\headers\header.md
2019-04-02T04:27:09.072Z - info: Rebuilding affected source files
2019-04-02T04:27:09.081Z - info: Rebuilding 68 pages
2019-04-02T04:27:36.349Z - info: Pages rebuilt
2019-04-02T04:27:36.360Z - info: Site data built
2019-04-02T04:55:12.959Z - info: [12:55:12 PM] Reload for file change: C:\repos\nus-te3201\te3201-2019-website\_markbind\headers\header.md
2019-04-02T04:55:13.961Z - info: Rebuilding affected source files
2019-04-02T04:55:13.974Z - info: Rebuilding 68 pages
2019-04-02T04:55:38.422Z - info: Pages rebuilt
2019-04-02T04:55:38.431Z - info: Site data built
2019-04-02T04:57:07.480Z - info: [12:57:07 PM] Reload for file change: C:\repos\nus-te3201\te3201-2019-website\_markbind\headers\header.md
2019-04-02T04:57:08.481Z - info: Rebuilding affected source files
2019-04-02T04:57:08.489Z - info: Rebuilding 68 pages
2019-04-02T04:57:33.923Z - info: Pages rebuilt
2019-04-02T04:57:33.929Z - info: Site data built
2019-04-02T05:06:13.141Z - info: Website generation started at 1:06:08 PM
2019-04-02T05:06:17.618Z - info: Building assets...
