2019-01-08T14:37:33.470Z - info: Website generation started at 22:37:28
2019-01-08T14:37:36.211Z - info: Building assets...
2019-01-08T14:37:38.228Z - info: Assets built
2019-01-08T14:37:38.229Z - info: Generating pages...
2019-01-08T14:39:03.309Z - info: Pages built
2019-01-08T14:39:03.378Z - info: Site data built
2019-01-08T14:39:03.378Z - info: Website generation complete! Total build time: 94.527s
2019-01-08T14:39:03.392Z - info: Generate Site durationMs=94541
2019-01-08T14:39:03.417Z - info: Serving "C:\repos\nus-te3201\te3201-2019-website\_site" at http://127.0.0.1:8080
2019-01-08T14:39:03.417Z - info: Press CTRL+C to stop ...
2019-01-08T14:42:43.125Z - info: [22:42:43] Reload for file change: C:\repos\nus-te3201\te3201-2019-website\schedule\index.md
2019-01-08T14:42:44.128Z - verbose: Rebuild affected paths: C:\repos\nus-te3201\te3201-2019-website\schedule\index.md
2019-01-08T14:42:44.131Z - info: Rebuilding 2 pages
2019-01-08T14:42:44.898Z - info: Pages rebuilt
2019-01-08T14:42:44.908Z - info: Site data built
2019-01-08T14:43:53.253Z - info: [22:43:53] Reload for file change: C:\repos\nus-te3201\te3201-2019-website\schedule\index.md
2019-01-08T14:43:54.256Z - verbose: Rebuild affected paths: C:\repos\nus-te3201\te3201-2019-website\schedule\index.md
2019-01-08T14:43:54.258Z - info: Rebuilding 2 pages
2019-01-08T14:43:54.752Z - info: Pages rebuilt
2019-01-08T14:43:54.757Z - info: Site data built
2019-01-08T14:47:34.035Z - info: [22:47:34] Reload for file change: C:\repos\nus-te3201\te3201-2019-website\schedule\index.md
2019-01-08T14:47:35.037Z - verbose: Rebuild affected paths: C:\repos\nus-te3201\te3201-2019-website\schedule\index.md
2019-01-08T14:47:35.040Z - info: Rebuilding 2 pages
2019-01-08T14:47:35.894Z - info: Pages rebuilt
2019-01-08T14:47:35.899Z - info: Site data built
2019-01-08T14:49:44.133Z - info: [22:49:44] Reload for file change: C:\repos\nus-te3201\te3201-2019-website\schedule\index.md
2019-01-08T14:49:45.147Z - verbose: Rebuild affected paths: C:\repos\nus-te3201\te3201-2019-website\schedule\index.md
2019-01-08T14:49:45.166Z - info: Rebuilding 2 pages
2019-01-08T14:49:46.227Z - info: Pages rebuilt
2019-01-08T14:49:46.231Z - info: Site data built
2019-01-08T14:50:44.136Z - info: [22:50:44] Reload for file change: C:\repos\nus-te3201\te3201-2019-website\schedule\index.md
2019-01-08T14:50:45.141Z - verbose: Rebuild affected paths: C:\repos\nus-te3201\te3201-2019-website\schedule\index.md
2019-01-08T14:50:45.144Z - info: Rebuilding 2 pages
2019-01-08T14:50:45.782Z - info: Pages rebuilt
2019-01-08T14:50:45.786Z - info: Site data built
2019-01-08T14:54:17.415Z - info: [22:54:17] Reload for file change: C:\repos\nus-te3201\te3201-2019-website\schedule\index.md
2019-01-08T14:54:17.425Z - info: [22:54:17] Reload for file change: C:\repos\nus-te3201\te3201-2019-website\se-book-adapted\config.njk
2019-01-08T14:54:18.416Z - verbose: Rebuild affected paths: C:\repos\nus-te3201\te3201-2019-website\schedule\index.md
2019-01-08T14:54:18.421Z - info: Rebuilding 2 pages
2019-01-08T14:54:18.947Z - info: Assets built
2019-01-08T14:54:18.949Z - info: Pages rebuilt
2019-01-08T14:54:18.957Z - info: Site data built
2019-01-08T14:57:33.006Z - info: [22:57:33] Reload for file change: C:\repos\nus-te3201\te3201-2019-website\schedule\index.md
2019-01-08T14:57:34.007Z - verbose: Rebuild affected paths: C:\repos\nus-te3201\te3201-2019-website\schedule\index.md
2019-01-08T14:57:34.009Z - info: Rebuilding 2 pages
2019-01-08T14:57:35.093Z - info: Pages rebuilt
2019-01-08T14:57:35.116Z - info: Site data built
2019-01-08T15:00:32.384Z - info: [23:00:32] Reload for file change: C:\repos\nus-te3201\te3201-2019-website\schedule\index.md
2019-01-08T15:00:33.388Z - verbose: Rebuild affected paths: C:\repos\nus-te3201\te3201-2019-website\schedule\index.md
2019-01-08T15:00:33.390Z - info: Rebuilding 2 pages
2019-01-08T15:00:34.253Z - info: Pages rebuilt
2019-01-08T15:00:34.259Z - info: Site data built
2019-01-08T15:01:23.877Z - info: [23:01:23] Reload for file change: C:\repos\nus-te3201\te3201-2019-website\schedule\index.md
2019-01-08T15:01:24.878Z - verbose: Rebuild affected paths: C:\repos\nus-te3201\te3201-2019-website\schedule\index.md
2019-01-08T15:01:24.886Z - info: Rebuilding 2 pages
2019-01-08T15:01:25.398Z - info: Pages rebuilt
2019-01-08T15:01:25.403Z - info: Site data built
2019-01-08T15:03:28.372Z - info: [23:03:28] Reload for file change: C:\repos\nus-te3201\te3201-2019-website\schedule\index.md
2019-01-08T15:03:29.374Z - verbose: Rebuild affected paths: C:\repos\nus-te3201\te3201-2019-website\schedule\index.md
2019-01-08T15:03:29.376Z - info: Rebuilding 2 pages
2019-01-08T15:03:30.054Z - info: Pages rebuilt
2019-01-08T15:03:30.056Z - info: Site data built
2019-01-08T15:03:51.729Z - info: [23:03:51] Reload for file change: C:\repos\nus-te3201\te3201-2019-website\schedule\index.md
2019-01-08T15:03:52.732Z - verbose: Rebuild affected paths: C:\repos\nus-te3201\te3201-2019-website\schedule\index.md
2019-01-08T15:03:52.735Z - info: Rebuilding 2 pages
2019-01-08T15:03:53.324Z - info: Pages rebuilt
2019-01-08T15:03:53.332Z - info: Site data built
2019-01-08T15:14:59.480Z - info: [23:14:59] Reload for file change: C:\repos\nus-te3201\te3201-2019-website\schedule\index.md
2019-01-08T15:15:00.485Z - verbose: Rebuild affected paths: C:\repos\nus-te3201\te3201-2019-website\schedule\index.md
2019-01-08T15:15:00.499Z - info: Rebuilding 2 pages
2019-01-08T15:15:01.145Z - info: Pages rebuilt
2019-01-08T15:15:01.149Z - info: Site data built
2019-01-08T15:16:19.456Z - info: [23:16:19] Reload for file change: C:\repos\nus-te3201\te3201-2019-website\schedule\index.md
2019-01-08T15:16:20.481Z - verbose: Rebuild affected paths: C:\repos\nus-te3201\te3201-2019-website\schedule\index.md
2019-01-08T15:16:20.486Z - info: Rebuilding 2 pages
2019-01-08T15:16:21.144Z - info: Pages rebuilt
2019-01-08T15:16:21.149Z - info: Site data built
2019-01-08T15:19:20.506Z - info: [23:19:20] Reload for file change: C:\repos\nus-te3201\te3201-2019-website\schedule\index.md
2019-01-08T15:19:21.507Z - verbose: Rebuild affected paths: C:\repos\nus-te3201\te3201-2019-website\schedule\index.md
2019-01-08T15:19:21.509Z - info: Rebuilding 2 pages
2019-01-08T15:19:22.013Z - info: Pages rebuilt
2019-01-08T15:19:22.023Z - info: Site data built
2019-01-08T15:20:44.978Z - info: Website generation started at 23:20:40
2019-01-08T15:20:47.056Z - info: Building assets...
2019-01-08T15:20:49.102Z - info: Assets built
2019-01-08T15:20:49.102Z - info: Generating pages...
2019-01-08T15:22:09.249Z - info: Pages built
2019-01-08T15:22:09.350Z - info: Site data built
2019-01-08T15:22:09.351Z - info: Website generation complete! Total build time: 88.641s
2019-01-08T15:22:09.367Z - info: Generate Site durationMs=88657
2019-01-08T15:22:09.391Z - info: Serving "C:\repos\nus-te3201\te3201-2019-website\_site" at http://127.0.0.1:8080
2019-01-08T15:22:09.391Z - info: Press CTRL+C to stop ...
2019-01-08T15:30:28.043Z - info: [23:30:28] Reload for file change: C:\repos\nus-te3201\te3201-2019-website\se-book-adapted\config.njk
2019-01-08T15:30:29.090Z - info: Assets built
2019-01-08T15:33:01.837Z - info: [23:33:01] Reload for file change: C:\repos\nus-te3201\te3201-2019-website\schedule\index.md
2019-01-08T15:33:02.841Z - verbose: Rebuild affected paths: C:\repos\nus-te3201\te3201-2019-website\schedule\index.md
2019-01-08T15:33:02.888Z - info: Rebuilding 2 pages
2019-01-08T15:33:12.692Z - info: Website generation started at 23:33:08
2019-01-08T15:33:14.374Z - info: Building assets...
2019-01-08T15:33:16.054Z - info: Assets built
2019-01-08T15:33:16.054Z - info: Generating pages...
2019-01-08T15:34:24.442Z - info: Pages built
2019-01-08T15:34:24.504Z - info: Site data built
2019-01-08T15:34:24.504Z - info: Website generation complete! Total build time: 75.543s
2019-01-08T15:34:24.504Z - info: Generate Site durationMs=75543
2019-01-08T15:34:24.536Z - info: Serving "C:\repos\nus-te3201\te3201-2019-website\_site" at http://127.0.0.1:8080
2019-01-08T15:34:24.536Z - info: Press CTRL+C to stop ...
2019-01-08T15:43:29.725Z - info: [23:43:29] Reload for file add: C:\repos\nus-te3201\te3201-2019-website\se-book-adapted\css\te3201.css
2019-01-08T15:43:30.735Z - info: Assets built
2019-01-08T15:44:53.744Z - info: [23:44:53] Reload for file change: C:\repos\nus-te3201\te3201-2019-website\css\main.css
2019-01-08T15:44:53.763Z - info: [23:44:53] Reload for file change: C:\repos\nus-te3201\te3201-2019-website\se-book-adapted\chapters\chapter.njk
2019-01-08T15:44:53.775Z - info: [23:44:53] Reload for file change: C:\repos\nus-te3201\te3201-2019-website\se-book-adapted\css\te3201.css
2019-01-08T15:44:54.763Z - info: Assets built
2019-01-08T15:45:46.579Z - info: [23:45:46] Reload for file change: C:\repos\nus-te3201\te3201-2019-website\se-book-adapted\css\te3201.css
2019-01-08T15:45:47.593Z - info: Assets built
2019-01-08T15:47:58.793Z - info: Website generation started at 23:47:54
2019-01-08T15:48:01.253Z - info: Building assets...
2019-01-08T15:48:03.285Z - info: Assets built
2019-01-08T15:48:03.286Z - info: Generating pages...
2019-01-08T15:49:20.384Z - info: Pages built
2019-01-08T15:49:20.469Z - info: Site data built
2019-01-08T15:49:20.469Z - info: Website generation complete! Total build time: 86.305s
2019-01-08T15:49:20.485Z - info: Generate Site durationMs=86321
2019-01-08T15:49:20.518Z - info: Serving "C:\repos\nus-te3201\te3201-2019-website\_site" at http://127.0.0.1:8080
2019-01-08T15:49:20.518Z - info: Press CTRL+C to stop ...
2019-01-08T15:51:52.530Z - info: [23:51:52] Reload for file change: C:\repos\nus-te3201\te3201-2019-website\se-book-adapted\chapters\chapter.njk
2019-01-08T15:51:53.560Z - info: Assets built
2019-01-08T15:52:19.586Z - info: Website generation started at 23:52:15
2019-01-08T15:52:21.976Z - info: Building assets...
2019-01-08T15:52:24.277Z - info: Assets built
2019-01-08T15:52:24.277Z - info: Generating pages...
2019-01-08T15:53:59.041Z - info: Pages built
2019-01-08T15:53:59.169Z - info: Site data built
2019-01-08T15:53:59.173Z - info: Website generation complete! Total build time: 103.796s
2019-01-08T15:53:59.189Z - info: Generate Site durationMs=103816
2019-01-08T15:53:59.209Z - info: Serving "C:\repos\nus-te3201\te3201-2019-website\_site" at http://127.0.0.1:8080
2019-01-08T15:53:59.213Z - info: Press CTRL+C to stop ...
2019-01-08T15:57:29.382Z - info: [23:57:29] Reload for file change: C:\repos\nus-te3201\te3201-2019-website\se-book-adapted\css\te3201.css
2019-01-08T15:57:30.402Z - info: Assets built
