2019-01-05T05:26:43.506Z - info: Website generation started at 1:26:40 PM
2019-01-05T05:26:45.059Z - info: Building assets...
2019-01-05T05:26:46.595Z - info: Assets built
2019-01-05T05:26:46.595Z - info: Generating pages...
2019-01-05T05:27:47.195Z - info: Pages built
2019-01-05T05:27:47.304Z - info: Site data built
2019-01-05T05:27:47.304Z - info: Website generation complete! Total build time: 66.544s
2019-01-05T05:27:47.315Z - info: Generate Site durationMs=66555
2019-01-05T05:27:47.657Z - info: Serving "C:\repos\nus-cs2103-AY1819S2\cs2103-website\_site" at http://127.0.0.1:8080
2019-01-05T05:27:47.657Z - info: Press CTRL+C to stop ...
2019-01-05T05:29:51.076Z - info: [1:29:51 PM] Reload for file change: C:\repos\nus-cs2103-AY1819S2\cs2103-website\schedule\index.md
2019-01-05T05:29:52.078Z - verbose: Rebuild affected paths: C:\repos\nus-cs2103-AY1819S2\cs2103-website\schedule\index.md
2019-01-05T05:29:52.079Z - warn: Rebuilding all pages as variables file was changed, or the --force-reload flag was set
2019-01-05T05:29:52.190Z - info: Rebuilding 712 pages
2019-01-05T05:30:45.496Z - info: Pages rebuilt
2019-01-05T05:30:45.508Z - info: Site data built
2019-01-05T05:33:50.820Z - info: Website generation started at 1:33:47 PM
2019-01-05T05:33:52.518Z - info: Building assets...
2019-01-05T05:33:54.070Z - info: Assets built
2019-01-05T05:33:54.071Z - info: Generating pages...
2019-01-05T05:34:57.493Z - info: Pages built
2019-01-05T05:34:57.607Z - info: Site data built
2019-01-05T05:34:57.607Z - info: Website generation complete! Total build time: 69.762s
2019-01-05T05:34:57.619Z - info: Generate Site durationMs=69774
2019-01-05T05:34:57.970Z - info: Serving "C:\repos\nus-cs2103-AY1819S2\cs2103-website\_site" at http://127.0.0.1:8080
2019-01-05T05:34:57.970Z - info: Press CTRL+C to stop ...
2019-01-05T05:35:15.561Z - info: [1:35:15 PM] Reload for file change: C:\repos\nus-cs2103-AY1819S2\cs2103-website\schedule\index.md
2019-01-05T05:35:16.563Z - verbose: Rebuild affected paths: C:\repos\nus-cs2103-AY1819S2\cs2103-website\schedule\index.md
2019-01-05T05:35:16.566Z - info: Rebuilding 2 pages
2019-01-05T05:35:18.749Z - info: Pages rebuilt
2019-01-05T05:35:18.760Z - info: Site data built
2019-01-05T09:03:20.063Z - info: Website generation started at 5:03:17 PM
2019-01-05T09:03:21.641Z - info: Building assets...
2019-01-05T09:03:23.086Z - info: Assets built
2019-01-05T09:03:23.087Z - info: Generating pages...
2019-01-05T09:04:24.556Z - info: Pages built
2019-01-05T09:04:24.670Z - info: Site data built
2019-01-05T09:04:24.671Z - info: Website generation complete! Total build time: 67.406s
2019-01-05T09:04:24.683Z - info: Generate Site durationMs=67418
2019-01-05T09:04:25.030Z - info: Serving "C:\repos\nus-te3201\te3201-2019-website\_site" at http://127.0.0.1:8080
2019-01-05T09:04:25.030Z - info: Press CTRL+C to stop ...
2019-01-05T09:04:47.957Z - info: [5:04:47 PM] Reload for file change: C:\repos\nus-te3201\te3201-2019-website\_markbind\variables.md
2019-01-05T09:04:48.960Z - verbose: Rebuild affected paths: C:\repos\nus-te3201\te3201-2019-website\_markbind\variables.md
2019-01-05T09:04:49.037Z - warn: Rebuilding all pages as variables file was changed, or the --force-reload flag was set
2019-01-05T09:04:49.113Z - info: Rebuilding 712 pages
2019-01-05T09:05:37.899Z - info: Pages rebuilt
2019-01-05T09:05:37.907Z - info: Site data built
2019-01-05T09:05:41.148Z - info: [5:05:41 PM] Reload for file change: C:\repos\nus-te3201\te3201-2019-website\_markbind\variables.md
2019-01-05T09:05:42.149Z - verbose: Rebuild affected paths: C:\repos\nus-te3201\te3201-2019-website\_markbind\variables.md
2019-01-05T09:05:42.216Z - warn: Rebuilding all pages as variables file was changed, or the --force-reload flag was set
2019-01-05T09:05:42.293Z - info: Rebuilding 712 pages
2019-01-05T09:06:30.382Z - info: Pages rebuilt
2019-01-05T09:06:30.390Z - info: Site data built
2019-01-05T09:10:00.506Z - info: [5:10:00 PM] Reload for file change: C:\repos\nus-te3201\te3201-2019-website\_markbind\variables.md
2019-01-05T09:10:01.508Z - verbose: Rebuild affected paths: C:\repos\nus-te3201\te3201-2019-website\_markbind\variables.md
2019-01-05T09:10:01.598Z - warn: Rebuilding all pages as variables file was changed, or the --force-reload flag was set
2019-01-05T09:10:01.681Z - info: Rebuilding 712 pages
2019-01-05T09:10:36.329Z - info: [5:10:36 PM] Reload for file change: C:\repos\nus-te3201\te3201-2019-website\te3201-2019-website.iml
2019-01-05T09:10:41.844Z - info: Assets built
2019-01-05T09:10:55.073Z - info: Pages rebuilt
2019-01-05T09:10:55.084Z - info: Site data built
2019-01-05T09:12:03.605Z - info: [5:12:03 PM] Reload for file change: C:\repos\nus-te3201\te3201-2019-website\common\header.md
2019-01-05T09:12:04.609Z - verbose: Rebuild affected paths: C:\repos\nus-te3201\te3201-2019-website\common\header.md
2019-01-05T09:12:04.620Z - info: Rebuilding 93 pages
2019-01-05T09:12:30.360Z - info: Pages rebuilt
2019-01-05T09:12:30.368Z - info: Site data built
2019-01-05T09:15:41.892Z - info: [5:15:41 PM] Reload for file change: C:\repos\nus-te3201\te3201-2019-website\site.json
2019-01-05T09:15:42.898Z - info: Assets built
2019-01-05T09:17:02.445Z - info: Website generation started at 5:16:59 PM
2019-01-05T09:17:04.102Z - info: Building assets...
