2019-01-21T14:18:52.228Z - info: Website generation started at 22:18:39
2019-01-21T14:18:56.256Z - info: Building assets...
2019-01-21T14:18:59.515Z - info: Assets built
2019-01-21T14:18:59.515Z - info: Generating pages...
2019-01-21T14:20:21.289Z - info: Pages built
2019-01-21T14:20:43.879Z - info: Website generation complete! Total build time: 124.654s
2019-01-21T14:20:43.899Z - info: Generate Site durationMs=124674
2019-01-21T14:20:43.939Z - info: Serving "C:\repos\nus-te3201\te3201-2019-website\_site" at http://127.0.0.1:8080
2019-01-21T14:20:43.939Z - info: Press CTRL+C to stop ...
2019-01-21T14:20:43.967Z - info: Site data built
2019-01-21T14:23:42.090Z - info: [22:23:42] Reload for file change: C:\repos\nus-te3201\te3201-2019-website\schedule\week1\project-te3201.md
2019-01-21T14:23:43.098Z - verbose: Rebuild affected paths: C:\repos\nus-te3201\te3201-2019-website\schedule\week1\project-te3201.md
2019-01-21T14:23:43.102Z - info: Rebuilding 1 pages
2019-01-21T14:24:03.296Z - info: Pages rebuilt
2019-01-21T14:24:03.392Z - info: Site data built
2019-01-21T14:24:34.045Z - info: [22:24:34] Reload for file change: C:\repos\nus-te3201\te3201-2019-website\schedule\week1\project-te3201.md
2019-01-21T14:24:35.058Z - verbose: Rebuild affected paths: C:\repos\nus-te3201\te3201-2019-website\schedule\week1\project-te3201.md
2019-01-21T14:24:35.058Z - info: Rebuilding 1 pages
2019-01-21T14:24:56.045Z - info: Pages rebuilt
2019-01-21T14:24:56.053Z - info: Site data built
2019-01-21T14:26:37.940Z - info: [22:26:37] Reload for file change: C:\repos\nus-te3201\te3201-2019-website\schedule\week1\project-te3201.md
2019-01-21T14:26:37.956Z - info: [22:26:37] Reload for file change: C:\repos\nus-te3201\te3201-2019-website\schedule\week2\project-te3201.md
2019-01-21T14:26:38.950Z - verbose: Rebuild affected paths: C:\repos\nus-te3201\te3201-2019-website\schedule\week1\project-te3201.md,C:\repos\nus-te3201\te3201-2019-website\schedule\week2\project-te3201.md
2019-01-21T14:26:38.962Z - info: Rebuilding 4 pages
2019-01-21T14:27:06.431Z - info: Pages rebuilt
2019-01-21T14:27:06.516Z - info: Site data built
2019-01-21T14:29:50.117Z - info: [22:29:50] Reload for file change: C:\repos\nus-te3201\te3201-2019-website\admin\te3201-admin.md
2019-01-21T14:29:51.131Z - verbose: Rebuild affected paths: C:\repos\nus-te3201\te3201-2019-website\admin\te3201-admin.md
2019-01-21T14:29:51.131Z - info: Rebuilding 1 pages
2019-01-21T14:30:10.460Z - info: Pages rebuilt
2019-01-21T14:30:10.558Z - info: Site data built
2019-01-21T14:33:51.265Z - info: [22:33:51] Reload for file change: C:\repos\nus-te3201\te3201-2019-website\admin\te3201-admin.md
2019-01-21T14:33:52.273Z - verbose: Rebuild affected paths: C:\repos\nus-te3201\te3201-2019-website\admin\te3201-admin.md
2019-01-21T14:33:52.273Z - info: Rebuilding 1 pages
2019-01-21T14:34:15.761Z - info: Pages rebuilt
2019-01-21T14:34:15.860Z - info: Site data built
2019-01-21T14:36:32.374Z - info: [22:36:32] Reload for file change: C:\repos\nus-te3201\te3201-2019-website\admin\te3201-admin.md
2019-01-21T14:36:33.391Z - verbose: Rebuild affected paths: C:\repos\nus-te3201\te3201-2019-website\admin\te3201-admin.md
2019-01-21T14:36:33.391Z - info: Rebuilding 1 pages
2019-01-21T14:37:01.564Z - info: Pages rebuilt
2019-01-21T14:37:01.692Z - info: Site data built
2019-01-21T14:40:20.027Z - info: [22:40:20] Reload for file change: C:\repos\nus-te3201\te3201-2019-website\admin\te3201-admin.md
2019-01-21T14:40:20.105Z - info: [22:40:20] Reload for file change: C:\repos\nus-te3201\te3201-2019-website\admin\te3201-admin.md
2019-01-21T14:40:21.044Z - verbose: Rebuild affected paths: C:\repos\nus-te3201\te3201-2019-website\admin\te3201-admin.md
2019-01-21T14:40:21.048Z - info: Rebuilding 1 pages
2019-01-21T14:40:44.404Z - info: Pages rebuilt
2019-01-21T14:40:44.502Z - info: Site data built
2019-01-21T14:41:24.505Z - info: [22:41:24] Reload for file change: C:\repos\nus-te3201\te3201-2019-website\admin\te3201-admin.md
2019-01-21T14:41:25.526Z - verbose: Rebuild affected paths: C:\repos\nus-te3201\te3201-2019-website\admin\te3201-admin.md
2019-01-21T14:41:25.526Z - info: Rebuilding 1 pages
2019-01-21T14:41:53.137Z - info: Pages rebuilt
2019-01-21T14:41:53.220Z - info: Site data built
2019-01-21T14:59:15.548Z - info: [22:59:15] Reload for file change: C:\repos\nus-te3201\te3201-2019-website\programming\monty\monty.mbdf
2019-01-21T14:59:16.565Z - verbose: Rebuild affected paths: C:\repos\nus-te3201\te3201-2019-website\programming\monty\monty.mbdf
2019-01-21T14:59:16.565Z - info: Rebuilding 6 pages
2019-01-21T14:59:41.304Z - info: Pages rebuilt
2019-01-21T14:59:41.388Z - info: Site data built
2019-01-21T15:00:22.586Z - info: [23:00:22] Reload for file change: C:\repos\nus-te3201\te3201-2019-website\programming\monty\monty.mbdf
2019-01-21T15:00:23.646Z - verbose: Rebuild affected paths: C:\repos\nus-te3201\te3201-2019-website\programming\monty\monty.mbdf
2019-01-21T15:00:23.653Z - info: Rebuilding 6 pages
2019-01-21T15:00:48.605Z - info: Pages rebuilt
2019-01-21T15:00:48.613Z - info: Site data built
2019-01-21T15:01:34.678Z - info: [23:01:34] Reload for file change: C:\repos\nus-te3201\te3201-2019-website\programming\monty\monty.mbdf
2019-01-21T15:01:35.683Z - verbose: Rebuild affected paths: C:\repos\nus-te3201\te3201-2019-website\programming\monty\monty.mbdf
2019-01-21T15:01:35.690Z - info: Rebuilding 6 pages
2019-01-21T15:02:00.933Z - info: Pages rebuilt
2019-01-21T15:02:00.944Z - info: Site data built
2019-01-21T15:02:44.088Z - info: [23:02:44] Reload for file change: C:\repos\nus-te3201\te3201-2019-website\programming\monty\monty.mbdf
2019-01-21T15:02:45.093Z - verbose: Rebuild affected paths: C:\repos\nus-te3201\te3201-2019-website\programming\monty\monty.mbdf
2019-01-21T15:02:45.095Z - info: Rebuilding 6 pages
2019-01-21T15:02:48.071Z - info: [23:02:48] Reload for file change: C:\repos\nus-te3201\te3201-2019-website\programming\toc\monty.md
2019-01-21T15:02:48.071Z - info: [23:02:48] Reload for file change: C:\repos\nus-te3201\te3201-2019-website\schedule\index.md
2019-01-21T15:02:48.071Z - info: [23:02:48] Reload for file change: C:\repos\nus-te3201\te3201-2019-website\common\header.md
2019-01-21T15:02:48.072Z - info: [23:02:48] Reload for file change: C:\repos\nus-te3201\te3201-2019-website\programming\booleans\text.md
2019-01-21T15:02:48.072Z - info: [23:02:48] Reload for file change: C:\repos\nus-te3201\te3201-2019-website\programming\if\text.md
2019-01-21T15:02:48.072Z - info: [23:02:48] Reload for file change: C:\repos\nus-te3201\te3201-2019-website\programming\while\text.md
2019-01-21T15:02:48.072Z - info: [23:02:48] Reload for file change: C:\repos\nus-te3201\te3201-2019-website\programming\for\text.md
2019-01-21T15:02:48.072Z - info: [23:02:48] Reload for file change: C:\repos\nus-te3201\te3201-2019-website\programming\import\text.md
2019-01-21T15:02:48.073Z - info: [23:02:48] Reload for file change: C:\repos\nus-te3201\te3201-2019-website\programming\exit\text.md
2019-01-21T15:02:48.073Z - info: [23:02:48] Reload for file change: C:\repos\nus-te3201\te3201-2019-website\admin\usingThisWebsite.md
2019-01-21T15:02:48.074Z - info: [23:02:48] Reload for file change: C:\repos\nus-te3201\te3201-2019-website\_markbind\navigation\adminSiteNav-te3201.md
2019-01-21T15:02:48.091Z - info: [23:02:48] Reload for file change: C:\repos\nus-te3201\te3201-2019-website\programming\programs\text.md
2019-01-21T15:02:48.091Z - info: [23:02:48] Reload for file change: C:\repos\nus-te3201\te3201-2019-website\programming\environment\text.md
2019-01-21T15:02:48.092Z - info: [23:02:48] Reload for file change: C:\repos\nus-te3201\te3201-2019-website\programming\shell\text.md
2019-01-21T15:02:48.092Z - info: [23:02:48] Reload for file change: C:\repos\nus-te3201\te3201-2019-website\programming\operators\text.md
2019-01-21T15:02:48.092Z - info: [23:02:48] Reload for file change: C:\repos\nus-te3201\te3201-2019-website\programming\types\text.md
2019-01-21T15:02:48.092Z - info: [23:02:48] Reload for file change: C:\repos\nus-te3201\te3201-2019-website\programming\variables\text.md
2019-01-21T15:02:48.092Z - info: [23:02:48] Reload for file change: C:\repos\nus-te3201\te3201-2019-website\programming\scripts\text.md
2019-01-21T15:02:48.093Z - info: [23:02:48] Reload for file change: C:\repos\nus-te3201\te3201-2019-website\programming\comments\text.md
2019-01-21T15:02:48.093Z - info: [23:02:48] Reload for file change: C:\repos\nus-te3201\te3201-2019-website\programming\usingFunctions\text.md
2019-01-21T15:02:48.093Z - info: [23:02:48] Reload for file change: C:\repos\nus-te3201\te3201-2019-website\schedule\week1\topics.md
2019-01-21T15:02:48.093Z - info: [23:02:48] Reload for file change: C:\repos\nus-te3201\te3201-2019-website\schedule\python-topics.md
2019-01-21T15:02:48.093Z - info: [23:02:48] Reload for file change: C:\repos\nus-te3201\te3201-2019-website\programming\if\e-even.md
2019-01-21T15:02:48.093Z - info: [23:02:48] Reload for file change: C:\repos\nus-te3201\te3201-2019-website\programming\if\e-grades.md
2019-01-21T15:02:48.094Z - info: [23:02:48] Reload for file change: C:\repos\nus-te3201\te3201-2019-website\programming\if\e-gradeAnalyzerExtended.md
2019-01-21T15:02:48.094Z - info: [23:02:48] Reload for file change: C:\repos\nus-te3201\te3201-2019-website\programming\while\e-vending-oneCoin.md
2019-01-21T15:02:48.094Z - info: [23:02:48] Reload for file change: C:\repos\nus-te3201\te3201-2019-website\programming\while\e-vending-multipleCoins.md
2019-01-21T15:02:48.094Z - info: [23:02:48] Reload for file change: C:\repos\nus-te3201\te3201-2019-website\programming\while\e-vending-allowAbort.md
2019-01-21T15:02:48.094Z - info: [23:02:48] Reload for file change: C:\repos\nus-te3201\te3201-2019-website\programming\while\e-vending-legitCoins.md
2019-01-21T15:02:48.094Z - info: [23:02:48] Reload for file change: C:\repos\nus-te3201\te3201-2019-website\programming\for\e-multiplicationTable.md
2019-01-21T15:02:48.094Z - info: [23:02:48] Reload for file change: C:\repos\nus-te3201\te3201-2019-website\programming\for\e-multiplicationTableExtended.md
2019-01-21T15:02:48.095Z - info: [23:02:48] Reload for file change: C:\repos\nus-te3201\te3201-2019-website\programming\for\e-threeDiceThrows.md
2019-01-21T15:02:48.095Z - info: [23:02:48] Reload for file change: C:\repos\nus-te3201\te3201-2019-website\programming\import\e-circleArea.md
2019-01-21T15:02:48.095Z - info: [23:02:48] Reload for file change: C:\repos\nus-te3201\te3201-2019-website\admin\moduleExpectations.md
2019-01-21T15:02:48.095Z - info: [23:02:48] Reload for file change: C:\repos\nus-te3201\te3201-2019-website\admin\exams.md
2019-01-21T15:02:48.095Z - info: [23:02:48] Reload for file change: C:\repos\nus-te3201\te3201-2019-website\_markbind\navigation\programming-sitenav.md
2019-01-21T15:02:48.106Z - info: [23:02:48] Reload for file change: C:\repos\nus-te3201\te3201-2019-website\programming\variables\e-circle.md
2019-01-21T15:02:48.107Z - info: [23:02:48] Reload for file change: C:\repos\nus-te3201\te3201-2019-website\programming\usingFunctions\e-lengthOfName.md
2019-01-21T15:03:16.032Z - info: Pages rebuilt
2019-01-21T15:03:16.117Z - info: Site data built
2019-01-21T15:03:16.159Z - verbose: Rebuild affected paths: C:\repos\nus-te3201\te3201-2019-website\programming\toc\monty.md,C:\repos\nus-te3201\te3201-2019-website\schedule\index.md,C:\repos\nus-te3201\te3201-2019-website\common\header.md,C:\repos\nus-te3201\te3201-2019-website\programming\booleans\text.md,C:\repos\nus-te3201\te3201-2019-website\programming\if\text.md,C:\repos\nus-te3201\te3201-2019-website\programming\while\text.md,C:\repos\nus-te3201\te3201-2019-website\programming\for\text.md,C:\repos\nus-te3201\te3201-2019-website\programming\import\text.md,C:\repos\nus-te3201\te3201-2019-website\programming\exit\text.md,C:\repos\nus-te3201\te3201-2019-website\admin\usingThisWebsite.md,C:\repos\nus-te3201\te3201-2019-website\_markbind\navigation\adminSiteNav-te3201.md,C:\repos\nus-te3201\te3201-2019-website\programming\programs\text.md,C:\repos\nus-te3201\te3201-2019-website\programming\environment\text.md,C:\repos\nus-te3201\te3201-2019-website\programming\shell\text.md,C:\repos\nus-te3201\te3201-2019-website\programming\operators\text.md,C:\repos\nus-te3201\te3201-2019-website\programming\types\text.md,C:\repos\nus-te3201\te3201-2019-website\programming\variables\text.md,C:\repos\nus-te3201\te3201-2019-website\programming\scripts\text.md,C:\repos\nus-te3201\te3201-2019-website\programming\comments\text.md,C:\repos\nus-te3201\te3201-2019-website\programming\usingFunctions\text.md,C:\repos\nus-te3201\te3201-2019-website\schedule\week1\topics.md,C:\repos\nus-te3201\te3201-2019-website\schedule\python-topics.md,C:\repos\nus-te3201\te3201-2019-website\programming\if\e-even.md,C:\repos\nus-te3201\te3201-2019-website\programming\if\e-grades.md,C:\repos\nus-te3201\te3201-2019-website\programming\if\e-gradeAnalyzerExtended.md,C:\repos\nus-te3201\te3201-2019-website\programming\while\e-vending-oneCoin.md,C:\repos\nus-te3201\te3201-2019-website\programming\while\e-vending-multipleCoins.md,C:\repos\nus-te3201\te3201-2019-website\programming\while\e-vending-allowAbort.md,C:\repos\nus-te3201\te3201-2019-website\programming\while\e-vending-legitCoins.md,C:\repos\nus-te3201\te3201-2019-website\programming\for\e-multiplicationTable.md,C:\repos\nus-te3201\te3201-2019-website\programming\for\e-multiplicationTableExtended.md,C:\repos\nus-te3201\te3201-2019-website\programming\for\e-threeDiceThrows.md,C:\repos\nus-te3201\te3201-2019-website\programming\import\e-circleArea.md,C:\repos\nus-te3201\te3201-2019-website\admin\moduleExpectations.md,C:\repos\nus-te3201\te3201-2019-website\admin\exams.md,C:\repos\nus-te3201\te3201-2019-website\_markbind\navigation\programming-sitenav.md,C:\repos\nus-te3201\te3201-2019-website\programming\variables\e-circle.md,C:\repos\nus-te3201\te3201-2019-website\programming\usingFunctions\e-lengthOfName.md
2019-01-21T15:03:16.182Z - info: Rebuilding 66 pages
2019-01-21T15:03:34.200Z - info: [23:03:34] Reload for file change: C:\repos\nus-te3201\te3201-2019-website\schedule\summary.md
2019-01-21T15:03:34.201Z - info: [23:03:34] Reload for file change: C:\repos\nus-te3201\te3201-2019-website\se-book-adapted\index.md
2019-01-21T15:03:34.201Z - info: [23:03:34] Reload for file change: C:\repos\nus-te3201\te3201-2019-website\programming\index.md
2019-01-21T15:03:34.201Z - info: [23:03:34] Reload for file change: C:\repos\nus-te3201\te3201-2019-website\programming\toc\errors.md
2019-01-21T15:03:34.205Z - info: [23:03:34] Reload for file change: C:\repos\nus-te3201\te3201-2019-website\programming\oop-inheritance\text.md
2019-01-21T15:03:34.206Z - info: [23:03:34] Reload for file change: C:\repos\nus-te3201\te3201-2019-website\programming\unittesting\text.md
2019-01-21T15:03:34.206Z - info: [23:03:34] Reload for file change: C:\repos\nus-te3201\te3201-2019-website\programming\functions-def\text.md
2019-01-21T15:03:34.206Z - info: [23:03:34] Reload for file change: C:\repos\nus-te3201\te3201-2019-website\programming\functions-parameters\text.md
2019-01-21T15:03:34.206Z - info: [23:03:34] Reload for file change: C:\repos\nus-te3201\te3201-2019-website\programming\functions-return\text.md
2019-01-21T15:03:34.206Z - info: [23:03:34] Reload for file change: C:\repos\nus-te3201\te3201-2019-website\programming\functions-scope\text.md
2019-01-21T15:03:34.206Z - info: [23:03:34] Reload for file change: C:\repos\nus-te3201\te3201-2019-website\programming\lists-intro\text.md
2019-01-21T15:03:34.207Z - info: [23:03:34] Reload for file change: C:\repos\nus-te3201\te3201-2019-website\programming\objectReferences\text.md
2019-01-21T15:03:34.207Z - info: [23:03:34] Reload for file change: C:\repos\nus-te3201\te3201-2019-website\programming\lists-workingWith\text.md
2019-01-21T15:03:34.207Z - info: [23:03:34] Reload for file change: C:\repos\nus-te3201\te3201-2019-website\programming\methods\text.md
2019-01-21T15:03:34.207Z - info: [23:03:34] Reload for file change: C:\repos\nus-te3201\te3201-2019-website\programming\lists-methods\text.md
2019-01-21T15:03:34.207Z - info: [23:03:34] Reload for file change: C:\repos\nus-te3201\te3201-2019-website\programming\dictionaries-intro\text.md
2019-01-21T15:03:34.207Z - info: [23:03:34] Reload for file change: C:\repos\nus-te3201\te3201-2019-website\programming\dictionaries-workingWith\text.md
2019-01-21T15:03:34.207Z - info: [23:03:34] Reload for file change: C:\repos\nus-te3201\te3201-2019-website\programming\dictionaries-nested\text.md
2019-01-21T15:03:34.208Z - info: [23:03:34] Reload for file change: C:\repos\nus-te3201\te3201-2019-website\programming\errors-intro\text.md
2019-01-21T15:03:34.208Z - info: [23:03:34] Reload for file change: C:\repos\nus-te3201\te3201-2019-website\programming\errors-syntax\text.md
2019-01-21T15:03:34.208Z - info: [23:03:34] Reload for file change: C:\repos\nus-te3201\te3201-2019-website\programming\errors-exceptions-handling\text.md
2019-01-21T15:03:34.208Z - info: [23:03:34] Reload for file change: C:\repos\nus-te3201\te3201-2019-website\programming\errors-exceptions-raising\text.md
2019-01-21T15:03:34.208Z - info: [23:03:34] Reload for file change: C:\repos\nus-te3201\te3201-2019-website\programming\strings-literals\text.md
2019-01-21T15:03:34.208Z - info: [23:03:34] Reload for file change: C:\repos\nus-te3201\te3201-2019-website\programming\strings-workingWith\text.md
2019-01-21T15:03:34.209Z - info: [23:03:34] Reload for file change: C:\repos\nus-te3201\te3201-2019-website\programming\strings-methods\text.md
2019-01-21T15:03:34.209Z - info: [23:03:34] Reload for file change: C:\repos\nus-te3201\te3201-2019-website\programming\files-paths\text.md
2019-01-21T15:03:34.209Z - info: [23:03:34] Reload for file change: C:\repos\nus-te3201\te3201-2019-website\programming\files-reading\text.md
2019-01-21T15:03:34.209Z - info: [23:03:34] Reload for file change: C:\repos\nus-te3201\te3201-2019-website\programming\files-writing\text.md
2019-01-21T15:03:34.209Z - info: [23:03:34] Reload for file change: C:\repos\nus-te3201\te3201-2019-website\programming\files-csv\text.md
2019-01-21T15:03:34.210Z - info: [23:03:34] Reload for file change: C:\repos\nus-te3201\te3201-2019-website\programming\oop-classes\text.md
2019-01-21T15:03:34.210Z - info: [23:03:34] Reload for file change: C:\repos\nus-te3201\te3201-2019-website\programming\oop-classLevelMembers\text.md
2019-01-21T15:03:34.210Z - info: [23:03:34] Reload for file change: C:\repos\nus-te3201\te3201-2019-website\programming\oop-visibility\text.md
2019-01-21T15:03:34.211Z - info: [23:03:34] Reload for file change: C:\repos\nus-te3201\te3201-2019-website\programming\thirdparty\text.md
2019-01-21T15:03:34.242Z - info: [23:03:34] Reload for file change: C:\repos\nus-te3201\te3201-2019-website\programming\toc\expressions-types-variables.md
2019-01-21T15:03:34.242Z - info: [23:03:34] Reload for file change: C:\repos\nus-te3201\te3201-2019-website\programming\toc\flowcontrol.md
2019-01-21T15:03:34.243Z - info: [23:03:34] Reload for file change: C:\repos\nus-te3201\te3201-2019-website\programming\toc\dictionaries.md
2019-01-21T15:03:34.243Z - info: [23:03:34] Reload for file change: C:\repos\nus-te3201\te3201-2019-website\programming\toc\files.md
2019-01-21T15:03:34.243Z - info: [23:03:34] Reload for file change: C:\repos\nus-te3201\te3201-2019-website\programming\toc\functions.md
2019-01-21T15:03:34.243Z - info: [23:03:34] Reload for file change: C:\repos\nus-te3201\te3201-2019-website\programming\toc\lists.md
2019-01-21T15:03:34.243Z - info: [23:03:34] Reload for file change: C:\repos\nus-te3201\te3201-2019-website\programming\toc\oop.md
2019-01-21T15:03:34.243Z - info: [23:03:34] Reload for file change: C:\repos\nus-te3201\te3201-2019-website\programming\toc\strings.md
2019-01-21T15:03:34.243Z - info: [23:03:34] Reload for file change: C:\repos\nus-te3201\te3201-2019-website\programming\toc\programs.md
2019-01-21T15:03:34.244Z - info: [23:03:34] Reload for file change: C:\repos\nus-te3201\te3201-2019-website\_markbind\navigation\se-book-adapted-sitenav.md
2019-01-21T15:03:34.244Z - info: [23:03:34] Reload for file change: C:\repos\nus-te3201\te3201-2019-website\programming\oop-inheritance\e-addFishClass.md
2019-01-21T15:03:34.244Z - info: [23:03:34] Reload for file change: C:\repos\nus-te3201\te3201-2019-website\programming\oop-inheritance\e-addFlightlessBirdClass.md
2019-01-21T15:03:34.245Z - info: [23:03:34] Reload for file change: C:\repos\nus-te3201\te3201-2019-website\programming\oop-inheritance\e-overrideStr.md
2019-01-21T15:03:34.246Z - info: [23:03:34] Reload for file change: C:\repos\nus-te3201\te3201-2019-website\programming\oop-inheritance\e-addSmartPhoneClass.md
2019-01-21T15:03:34.246Z - info: [23:03:34] Reload for file change: C:\repos\nus-te3201\te3201-2019-website\programming\functions-def\e-hooray.md
2019-01-21T15:03:34.246Z - info: [23:03:34] Reload for file change: C:\repos\nus-te3201\te3201-2019-website\programming\functions-parameters\e-grader-printScoreFunction.md
2019-01-21T15:03:34.246Z - info: [23:03:34] Reload for file change: C:\repos\nus-te3201\te3201-2019-website\programming\functions-return\e-grader-calculateGradeFunction.md
2019-01-21T15:03:34.246Z - info: [23:03:34] Reload for file change: C:\repos\nus-te3201\te3201-2019-website\programming\functions-scope\e-grader-analyzeInLoop.md
2019-01-21T15:03:34.246Z - info: [23:03:34] Reload for file change: C:\repos\nus-te3201\te3201-2019-website\programming\lists-intro\e-countries.md
2019-01-21T15:03:34.247Z - info: [23:03:34] Reload for file change: C:\repos\nus-te3201\te3201-2019-website\programming\lists-intro\e-getHeadTail.md
2019-01-21T15:03:34.247Z - info: [23:03:34] Reload for file change: C:\repos\nus-te3201\te3201-2019-website\programming\objectReferences\e-swapEnds.md
2019-01-21T15:03:34.247Z - info: [23:03:34] Reload for file change: C:\repos\nus-te3201\te3201-2019-website\programming\lists-workingWith\e-getBody.md
2019-01-21T15:03:34.247Z - info: [23:03:34] Reload for file change: C:\repos\nus-te3201\te3201-2019-website\programming\lists-workingWith\e-deleteHead.md
2019-01-21T15:03:34.247Z - info: [23:03:34] Reload for file change: C:\repos\nus-te3201\te3201-2019-website\programming\lists-workingWith\e-getMid.md
2019-01-21T15:03:34.247Z - info: [23:03:34] Reload for file change: C:\repos\nus-te3201\te3201-2019-website\programming\lists-workingWith\e-expandToFill.md
2019-01-21T15:03:34.247Z - info: [23:03:34] Reload for file change: C:\repos\nus-te3201\te3201-2019-website\programming\lists-workingWith\e-xor.md
2019-01-21T15:03:34.248Z - info: [23:03:34] Reload for file change: C:\repos\nus-te3201\te3201-2019-website\programming\lists-workingWith\e-printCardDeck.md
2019-01-21T15:03:34.248Z - info: [23:03:34] Reload for file change: C:\repos\nus-te3201\te3201-2019-website\programming\lists-workingWith\e-firstQuarter.md
2019-01-21T15:03:34.249Z - info: [23:03:34] Reload for file change: C:\repos\nus-te3201\te3201-2019-website\programming\methods\e-removeExtraSpaces.md
2019-01-21T15:03:34.249Z - info: [23:03:34] Reload for file change: C:\repos\nus-te3201\te3201-2019-website\programming\lists-methods\e-anagramChecker.md
2019-01-21T15:03:34.249Z - info: [23:03:34] Reload for file change: C:\repos\nus-te3201\te3201-2019-website\programming\lists-methods\e-wordGame.md
2019-01-21T15:03:34.249Z - info: [23:03:34] Reload for file change: C:\repos\nus-te3201\te3201-2019-website\programming\dictionaries-intro\e-getSubjectInfo.md
2019-01-21T15:03:34.249Z - info: [23:03:34] Reload for file change: C:\repos\nus-te3201\te3201-2019-website\programming\dictionaries-workingWith\e-getSetDeleteScore.md
2019-01-21T15:03:34.249Z - info: [23:03:34] Reload for file change: C:\repos\nus-te3201\te3201-2019-website\programming\dictionaries-workingWith\e-getScoreWithErrorHandling.md
2019-01-21T15:03:34.250Z - info: [23:03:34] Reload for file change: C:\repos\nus-te3201\te3201-2019-website\programming\dictionaries-workingWith\e-printScorecard.md
2019-01-21T15:03:34.250Z - info: [23:03:34] Reload for file change: C:\repos\nus-te3201\te3201-2019-website\programming\dictionaries-workingWith\e-addBonus.md
2019-01-21T15:03:34.250Z - info: [23:03:34] Reload for file change: C:\repos\nus-te3201\te3201-2019-website\programming\dictionaries-nested\e-inningScores.md
2019-01-21T15:03:34.251Z - info: [23:03:34] Reload for file change: C:\repos\nus-te3201\te3201-2019-website\programming\dictionaries-nested\e-playerStats.md
2019-01-21T15:03:34.251Z - info: [23:03:34] Reload for file change: C:\repos\nus-te3201\te3201-2019-website\programming\dictionaries-nested\e-gradeReport.md
2019-01-21T15:03:34.253Z - info: [23:03:34] Reload for file change: C:\repos\nus-te3201\te3201-2019-website\programming\errors-exceptions-handling\e-enterInteger.md
2019-01-21T15:03:34.253Z - info: [23:03:34] Reload for file change: C:\repos\nus-te3201\te3201-2019-website\programming\errors-exceptions-raising\e-isEvenIntegerInRange.md
2019-01-21T15:03:34.253Z - info: [23:03:34] Reload for file change: C:\repos\nus-te3201\te3201-2019-website\programming\errors-exceptions-raising\e-flexibleWordGame.md
2019-01-21T15:03:34.253Z - info: [23:03:34] Reload for file change: C:\repos\nus-te3201\te3201-2019-website\programming\strings-literals\e-escapeSequences.md
2019-01-21T15:03:34.253Z - info: [23:03:34] Reload for file change: C:\repos\nus-te3201\te3201-2019-website\programming\strings-literals\e-multiLineString.md
2019-01-21T15:03:34.253Z - info: [23:03:34] Reload for file change: C:\repos\nus-te3201\te3201-2019-website\programming\strings-workingWith\e-shortenString.md
2019-01-21T15:03:34.253Z - info: [23:03:34] Reload for file change: C:\repos\nus-te3201\te3201-2019-website\programming\strings-workingWith\e-hasAllCharacters.md
2019-01-21T15:03:34.254Z - info: [23:03:34] Reload for file change: C:\repos\nus-te3201\te3201-2019-website\programming\strings-methods\e-rectifyCase.md
2019-01-21T15:03:34.254Z - info: [23:03:34] Reload for file change: C:\repos\nus-te3201\te3201-2019-website\programming\strings-methods\e-isDoctor.md
2019-01-21T15:03:34.254Z - info: [23:03:34] Reload for file change: C:\repos\nus-te3201\te3201-2019-website\programming\strings-methods\e-removeFromWord.md
2019-01-21T15:03:34.254Z - info: [23:03:34] Reload for file change: C:\repos\nus-te3201\te3201-2019-website\programming\strings-methods\e-getPart.md
2019-01-21T15:03:34.254Z - info: [23:03:34] Reload for file change: C:\repos\nus-te3201\te3201-2019-website\programming\strings-methods\e-printFormattedItem.md
2019-01-21T15:03:34.254Z - info: [23:03:34] Reload for file change: C:\repos\nus-te3201\te3201-2019-website\programming\strings-methods\e-inventoryReport.md
2019-01-21T15:03:34.254Z - info: [23:03:34] Reload for file change: C:\repos\nus-te3201\te3201-2019-website\programming\files-paths\e-createDir.md
2019-01-21T15:03:34.254Z - info: [23:03:34] Reload for file change: C:\repos\nus-te3201\te3201-2019-website\programming\files-reading\e-fileStats.md
2019-01-21T15:03:34.255Z - info: [23:03:34] Reload for file change: C:\repos\nus-te3201\te3201-2019-website\programming\files-writing\e-addLineNumbers.md
2019-01-21T15:03:34.255Z - info: [23:03:34] Reload for file change: C:\repos\nus-te3201\te3201-2019-website\programming\files-csv\e-calculateGst.md
2019-01-21T15:03:34.255Z - info: [23:03:34] Reload for file change: C:\repos\nus-te3201\te3201-2019-website\programming\oop-classes\e-createStockItemClass.md
2019-01-21T15:03:34.255Z - info: [23:03:34] Reload for file change: C:\repos\nus-te3201\te3201-2019-website\programming\oop-classLevelMembers\e-addClassLevelMembersToSubjectClass.md
2019-01-21T15:03:34.255Z - info: [23:03:34] Reload for file change: C:\repos\nus-te3201\te3201-2019-website\programming\oop-visibility\e-changeVisibilityOfSchoolClassMembers.md
2019-01-21T15:03:34.255Z - info: [23:03:34] Reload for file change: C:\repos\nus-te3201\te3201-2019-website\programming\thirdparty\e-printErrorsInRed.md
2019-01-21T15:03:34.311Z - info: [23:03:34] Reload for file change: C:\repos\nus-te3201\te3201-2019-website\programming\toc\thirdparty.md
2019-01-21T15:03:34.401Z - info: [23:03:34] Reload for file change: C:\repos\nus-te3201\te3201-2019-website\programming\toc\unittesting.md
2019-01-21T15:04:12.728Z - info: Pages rebuilt
2019-01-21T15:04:12.757Z - info: Site data built
2019-01-21T15:04:12.937Z - verbose: Rebuild affected paths: C:\repos\nus-te3201\te3201-2019-website\schedule\summary.md,C:\repos\nus-te3201\te3201-2019-website\se-book-adapted\index.md,C:\repos\nus-te3201\te3201-2019-website\programming\index.md,C:\repos\nus-te3201\te3201-2019-website\programming\toc\errors.md,C:\repos\nus-te3201\te3201-2019-website\programming\oop-inheritance\text.md,C:\repos\nus-te3201\te3201-2019-website\programming\unittesting\text.md,C:\repos\nus-te3201\te3201-2019-website\programming\functions-def\text.md,C:\repos\nus-te3201\te3201-2019-website\programming\functions-parameters\text.md,C:\repos\nus-te3201\te3201-2019-website\programming\functions-return\text.md,C:\repos\nus-te3201\te3201-2019-website\programming\functions-scope\text.md,C:\repos\nus-te3201\te3201-2019-website\programming\lists-intro\text.md,C:\repos\nus-te3201\te3201-2019-website\programming\objectReferences\text.md,C:\repos\nus-te3201\te3201-2019-website\programming\lists-workingWith\text.md,C:\repos\nus-te3201\te3201-2019-website\programming\methods\text.md,C:\repos\nus-te3201\te3201-2019-website\programming\lists-methods\text.md,C:\repos\nus-te3201\te3201-2019-website\programming\dictionaries-intro\text.md,C:\repos\nus-te3201\te3201-2019-website\programming\dictionaries-workingWith\text.md,C:\repos\nus-te3201\te3201-2019-website\programming\dictionaries-nested\text.md,C:\repos\nus-te3201\te3201-2019-website\programming\errors-intro\text.md,C:\repos\nus-te3201\te3201-2019-website\programming\errors-syntax\text.md,C:\repos\nus-te3201\te3201-2019-website\programming\errors-exceptions-handling\text.md,C:\repos\nus-te3201\te3201-2019-website\programming\errors-exceptions-raising\text.md,C:\repos\nus-te3201\te3201-2019-website\programming\strings-literals\text.md,C:\repos\nus-te3201\te3201-2019-website\programming\strings-workingWith\text.md,C:\repos\nus-te3201\te3201-2019-website\programming\strings-methods\text.md,C:\repos\nus-te3201\te3201-2019-website\programming\files-paths\text.md,C:\repos\nus-te3201\te3201-2019-website\programming\files-reading\text.md,C:\repos\nus-te3201\te3201-2019-website\programming\files-writing\text.md,C:\repos\nus-te3201\te3201-2019-website\programming\files-csv\text.md,C:\repos\nus-te3201\te3201-2019-website\programming\oop-classes\text.md,C:\repos\nus-te3201\te3201-2019-website\programming\oop-classLevelMembers\text.md,C:\repos\nus-te3201\te3201-2019-website\programming\oop-visibility\text.md,C:\repos\nus-te3201\te3201-2019-website\programming\thirdparty\text.md,C:\repos\nus-te3201\te3201-2019-website\programming\toc\expressions-types-variables.md,C:\repos\nus-te3201\te3201-2019-website\programming\toc\flowcontrol.md,C:\repos\nus-te3201\te3201-2019-website\programming\toc\dictionaries.md,C:\repos\nus-te3201\te3201-2019-website\programming\toc\files.md,C:\repos\nus-te3201\te3201-2019-website\programming\toc\functions.md,C:\repos\nus-te3201\te3201-2019-website\programming\toc\lists.md,C:\repos\nus-te3201\te3201-2019-website\programming\toc\oop.md,C:\repos\nus-te3201\te3201-2019-website\programming\toc\strings.md,C:\repos\nus-te3201\te3201-2019-website\programming\toc\programs.md,C:\repos\nus-te3201\te3201-2019-website\_markbind\navigation\se-book-adapted-sitenav.md,C:\repos\nus-te3201\te3201-2019-website\programming\oop-inheritance\e-addFishClass.md,C:\repos\nus-te3201\te3201-2019-website\programming\oop-inheritance\e-addFlightlessBirdClass.md,C:\repos\nus-te3201\te3201-2019-website\programming\oop-inheritance\e-overrideStr.md,C:\repos\nus-te3201\te3201-2019-website\programming\oop-inheritance\e-addSmartPhoneClass.md,C:\repos\nus-te3201\te3201-2019-website\programming\functions-def\e-hooray.md,C:\repos\nus-te3201\te3201-2019-website\programming\functions-parameters\e-grader-printScoreFunction.md,C:\repos\nus-te3201\te3201-2019-website\programming\functions-return\e-grader-calculateGradeFunction.md,C:\repos\nus-te3201\te3201-2019-website\programming\functions-scope\e-grader-analyzeInLoop.md,C:\repos\nus-te3201\te3201-2019-website\programming\lists-intro\e-countries.md,C:\repos\nus-te3201\te3201-2019-website\programming\lists-intro\e-getHeadTail.md,C:\repos\nus-te3201\te3201-2019-website\programming\objectReferences\e-swapEnds.md,C:\repos\nus-te3201\te3201-2019-website\programming\lists-workingWith\e-getBody.md,C:\repos\nus-te3201\te3201-2019-website\programming\lists-workingWith\e-deleteHead.md,C:\repos\nus-te3201\te3201-2019-website\programming\lists-workingWith\e-getMid.md,C:\repos\nus-te3201\te3201-2019-website\programming\lists-workingWith\e-expandToFill.md,C:\repos\nus-te3201\te3201-2019-website\programming\lists-workingWith\e-xor.md,C:\repos\nus-te3201\te3201-2019-website\programming\lists-workingWith\e-printCardDeck.md,C:\repos\nus-te3201\te3201-2019-website\programming\lists-workingWith\e-firstQuarter.md,C:\repos\nus-te3201\te3201-2019-website\programming\methods\e-removeExtraSpaces.md,C:\repos\nus-te3201\te3201-2019-website\programming\lists-methods\e-anagramChecker.md,C:\repos\nus-te3201\te3201-2019-website\programming\lists-methods\e-wordGame.md,C:\repos\nus-te3201\te3201-2019-website\programming\dictionaries-intro\e-getSubjectInfo.md,C:\repos\nus-te3201\te3201-2019-website\programming\dictionaries-workingWith\e-getSetDeleteScore.md,C:\repos\nus-te3201\te3201-2019-website\programming\dictionaries-workingWith\e-getScoreWithErrorHandling.md,C:\repos\nus-te3201\te3201-2019-website\programming\dictionaries-workingWith\e-printScorecard.md,C:\repos\nus-te3201\te3201-2019-website\programming\dictionaries-workingWith\e-addBonus.md,C:\repos\nus-te3201\te3201-2019-website\programming\dictionaries-nested\e-inningScores.md,C:\repos\nus-te3201\te3201-2019-website\programming\dictionaries-nested\e-playerStats.md,C:\repos\nus-te3201\te3201-2019-website\programming\dictionaries-nested\e-gradeReport.md,C:\repos\nus-te3201\te3201-2019-website\programming\errors-exceptions-handling\e-enterInteger.md,C:\repos\nus-te3201\te3201-2019-website\programming\errors-exceptions-raising\e-isEvenIntegerInRange.md,C:\repos\nus-te3201\te3201-2019-website\programming\errors-exceptions-raising\e-flexibleWordGame.md,C:\repos\nus-te3201\te3201-2019-website\programming\strings-literals\e-escapeSequences.md,C:\repos\nus-te3201\te3201-2019-website\programming\strings-literals\e-multiLineString.md,C:\repos\nus-te3201\te3201-2019-website\programming\strings-workingWith\e-shortenString.md,C:\repos\nus-te3201\te3201-2019-website\programming\strings-workingWith\e-hasAllCharacters.md,C:\repos\nus-te3201\te3201-2019-website\programming\strings-methods\e-rectifyCase.md,C:\repos\nus-te3201\te3201-2019-website\programming\strings-methods\e-isDoctor.md,C:\repos\nus-te3201\te3201-2019-website\programming\strings-methods\e-removeFromWord.md,C:\repos\nus-te3201\te3201-2019-website\programming\strings-methods\e-getPart.md,C:\repos\nus-te3201\te3201-2019-website\programming\strings-methods\e-printFormattedItem.md,C:\repos\nus-te3201\te3201-2019-website\programming\strings-methods\e-inventoryReport.md,C:\repos\nus-te3201\te3201-2019-website\programming\files-paths\e-createDir.md,C:\repos\nus-te3201\te3201-2019-website\programming\files-reading\e-fileStats.md,C:\repos\nus-te3201\te3201-2019-website\programming\files-writing\e-addLineNumbers.md,C:\repos\nus-te3201\te3201-2019-website\programming\files-csv\e-calculateGst.md,C:\repos\nus-te3201\te3201-2019-website\programming\oop-classes\e-createStockItemClass.md,C:\repos\nus-te3201\te3201-2019-website\programming\oop-classLevelMembers\e-addClassLevelMembersToSubjectClass.md,C:\repos\nus-te3201\te3201-2019-website\programming\oop-visibility\e-changeVisibilityOfSchoolClassMembers.md,C:\repos\nus-te3201\te3201-2019-website\programming\thirdparty\e-printErrorsInRed.md,C:\repos\nus-te3201\te3201-2019-website\programming\toc\thirdparty.md,C:\repos\nus-te3201\te3201-2019-website\programming\toc\unittesting.md
2019-01-21T15:04:12.989Z - info: Rebuilding 58 pages
2019-01-21T15:05:01.615Z - info: Pages rebuilt
2019-01-21T15:05:01.636Z - info: Site data built
2019-01-21T15:05:42.762Z - info: [23:05:42] Reload for file change: C:\repos\nus-te3201\te3201-2019-website\programming\monty\monty.mbdf
2019-01-21T15:05:43.767Z - verbose: Rebuild affected paths: C:\repos\nus-te3201\te3201-2019-website\programming\monty\monty.mbdf
2019-01-21T15:05:43.774Z - info: Rebuilding 6 pages
2019-01-21T15:06:09.349Z - info: Pages rebuilt
2019-01-21T15:06:09.436Z - info: Site data built
2019-01-21T15:07:17.236Z - info: [23:07:17] Reload for file change: C:\repos\nus-te3201\te3201-2019-website\programming\toc\monty.md
2019-01-21T15:07:17.247Z - info: [23:07:17] Reload for file change: C:\repos\nus-te3201\te3201-2019-website\programming\monty\monty.mbdf
2019-01-21T15:07:18.242Z - verbose: Rebuild affected paths: C:\repos\nus-te3201\te3201-2019-website\programming\toc\monty.md,C:\repos\nus-te3201\te3201-2019-website\programming\monty\monty.mbdf
2019-01-21T15:07:18.253Z - info: Rebuilding 6 pages
2019-01-21T15:07:46.461Z - info: Pages rebuilt
2019-01-21T15:07:46.612Z - info: [23:07:46] Reload for file change: C:\repos\nus-te3201\te3201-2019-website\programming\monty\monty.mbdf
2019-01-21T15:07:46.697Z - info: Site data built
2019-01-21T15:07:47.628Z - verbose: Rebuild affected paths: C:\repos\nus-te3201\te3201-2019-website\programming\monty\monty.mbdf
2019-01-21T15:07:47.635Z - info: Rebuilding 6 pages
2019-01-21T15:08:16.444Z - info: Pages rebuilt
2019-01-21T15:08:16.456Z - info: Site data built
2019-01-21T15:10:48.648Z - info: Website generation started at 23:10:43
2019-01-21T15:10:52.135Z - info: Building assets...
2019-01-21T15:10:54.397Z - info: Assets built
2019-01-21T15:10:54.397Z - info: Generating pages...
2019-01-21T15:12:10.743Z - info: Pages built
2019-01-21T15:12:29.941Z - info: Website generation complete! Total build time: 106.236s
2019-01-21T15:12:29.941Z - info: Build success!
2019-01-21T15:12:29.941Z - info: Generate Site durationMs=106236
2019-01-21T15:12:29.977Z - info: Site data built
2019-01-21T15:13:37.932Z - info: Deployed!
2019-01-21T15:20:15.793Z - info: Website generation started at 23:20:11
2019-01-21T15:20:17.782Z - info: Building assets...
2019-01-21T15:20:20.957Z - info: Assets built
2019-01-21T15:20:20.957Z - info: Generating pages...
2019-01-21T15:21:41.775Z - info: Pages built
2019-01-21T15:22:01.063Z - info: Website generation complete! Total build time: 109.815s
2019-01-21T15:22:01.079Z - info: Generate Site durationMs=109831
2019-01-21T15:22:01.115Z - info: Serving "C:\repos\nus-te3201\te3201-2019-website\_site" at http://127.0.0.1:8080
2019-01-21T15:22:01.115Z - info: Press CTRL+C to stop ...
2019-01-21T15:22:01.170Z - info: Site data built
2019-01-21T15:30:49.014Z - info: Website generation started at 23:30:44
2019-01-21T15:30:53.151Z - info: Building assets...
