2019-01-06T04:15:30.118Z - info: Website generation started at 12:15:30
2019-01-06T04:15:31.720Z - info: Building assets...
2019-01-06T04:15:33.442Z - info: Assets built
2019-01-06T04:15:33.443Z - info: Generating pages...
2019-01-06T04:15:34.021Z - error:  Error: No such file: C:\repos\nus-te3201\te3201-2019-website\book-adapted\usage.md
Missing reference in C:\repos\nus-te3201\te3201-2019-website\admin\te3201-admin.md
    at Parser._preprocess (C:\Users\damithch\AppData\Roaming\npm\node_modules\markbind-cli\src\lib\markbind\src\parser.js:145:21)
    at element.children.element.children.map.e (C:\Users\damithch\AppData\Roaming\npm\node_modules\markbind-cli\src\lib\markbind\src\parser.js:264:57)
    at Array.map (<anonymous>)
    at Parser._preprocess (C:\Users\damithch\AppData\Roaming\npm\node_modules\markbind-cli\src\lib\markbind\src\parser.js:264:43)
    at element.children.element.children.map.e (C:\Users\damithch\AppData\Roaming\npm\node_modules\markbind-cli\src\lib\markbind\src\parser.js:264:57)
    at Array.map (<anonymous>)
    at Parser._preprocess (C:\Users\damithch\AppData\Roaming\npm\node_modules\markbind-cli\src\lib\markbind\src\parser.js:264:43)
    at dom.map (C:\Users\damithch\AppData\Roaming\npm\node_modules\markbind-cli\src\lib\markbind\src\parser.js:364:28)
    at Array.map (<anonymous>)
    at DomHandler.htmlparser.DomHandler [as _callback] (C:\Users\damithch\AppData\Roaming\npm\node_modules\markbind-cli\src\lib\markbind\src\parser.js:361:25)
    at DomHandler._handleCallback.DomHandler.onerror (C:\Users\damithch\AppData\Roaming\npm\node_modules\markbind-cli\node_modules\domhandler\index.js:52:8)
    at DomHandler.onend (C:\Users\damithch\AppData\Roaming\npm\node_modules\markbind-cli\node_modules\domhandler\index.js:46:7)
    at Parser.onend (C:\Users\damithch\AppData\Roaming\npm\node_modules\markbind-cli\node_modules\htmlparser2\lib\Parser.js:310:32)
    at Tokenizer._finish (C:\Users\damithch\AppData\Roaming\npm\node_modules\markbind-cli\node_modules\htmlparser2\lib\Tokenizer.js:853:12)
    at Tokenizer.end (C:\Users\damithch\AppData\Roaming\npm\node_modules\markbind-cli\node_modules\htmlparser2\lib\Tokenizer.js:844:25)
    at Parser.end (C:\Users\damithch\AppData\Roaming\npm\node_modules\markbind-cli\node_modules\htmlparser2\lib\Parser.js:338:18)
2019-01-06T04:17:15.107Z - info: Pages built
2019-01-06T04:17:15.191Z - info: Site data built
2019-01-06T04:17:15.192Z - info: Website generation complete! Total build time: 105.085s
2019-01-06T04:17:15.209Z - info: Generate Site durationMs=105101
2019-01-06T04:17:15.241Z - info: Serving "C:\repos\nus-te3201\te3201-2019-website\_site" at http://127.0.0.1:8080
2019-01-06T04:17:15.241Z - info: Press CTRL+C to stop ...
2019-01-06T04:19:19.819Z - info: [12:19:19] Reload for file change: C:\repos\nus-te3201\te3201-2019-website\te3201-2019-website.iml
2019-01-06T04:19:21.433Z - info: Assets built
2019-01-06T04:19:34.039Z - info: [12:19:34] Reload for file change: C:\repos\nus-te3201\te3201-2019-website\te3201-2019-website.iml
2019-01-06T04:19:35.057Z - info: Assets built
2019-01-06T04:21:13.884Z - info: [12:21:13] Reload for file change: C:\repos\nus-te3201\te3201-2019-website\admin\te3201-admin.md
2019-01-06T04:21:14.888Z - verbose: Rebuild affected paths: C:\repos\nus-te3201\te3201-2019-website\admin\te3201-admin.md
2019-01-06T04:21:14.893Z - info: Rebuilding 1 pages
2019-01-06T04:21:15.028Z - error:  Error: No such file: C:\repos\nus-te3201\te3201-2019-website\book-adapted\usage.md
Missing reference in C:\repos\nus-te3201\te3201-2019-website\admin\te3201-admin.md
    at Parser._preprocess (C:\Users\damithch\AppData\Roaming\npm\node_modules\markbind-cli\src\lib\markbind\src\parser.js:145:21)
    at element.children.element.children.map.e (C:\Users\damithch\AppData\Roaming\npm\node_modules\markbind-cli\src\lib\markbind\src\parser.js:264:57)
    at Array.map (<anonymous>)
    at Parser._preprocess (C:\Users\damithch\AppData\Roaming\npm\node_modules\markbind-cli\src\lib\markbind\src\parser.js:264:43)
    at element.children.element.children.map.e (C:\Users\damithch\AppData\Roaming\npm\node_modules\markbind-cli\src\lib\markbind\src\parser.js:264:57)
    at Array.map (<anonymous>)
    at Parser._preprocess (C:\Users\damithch\AppData\Roaming\npm\node_modules\markbind-cli\src\lib\markbind\src\parser.js:264:43)
    at dom.map (C:\Users\damithch\AppData\Roaming\npm\node_modules\markbind-cli\src\lib\markbind\src\parser.js:364:28)
    at Array.map (<anonymous>)
    at DomHandler.htmlparser.DomHandler [as _callback] (C:\Users\damithch\AppData\Roaming\npm\node_modules\markbind-cli\src\lib\markbind\src\parser.js:361:25)
    at DomHandler._handleCallback.DomHandler.onerror (C:\Users\damithch\AppData\Roaming\npm\node_modules\markbind-cli\node_modules\domhandler\index.js:52:8)
    at DomHandler.onend (C:\Users\damithch\AppData\Roaming\npm\node_modules\markbind-cli\node_modules\domhandler\index.js:46:7)
    at Parser.onend (C:\Users\damithch\AppData\Roaming\npm\node_modules\markbind-cli\node_modules\htmlparser2\lib\Parser.js:310:32)
    at Tokenizer._finish (C:\Users\damithch\AppData\Roaming\npm\node_modules\markbind-cli\node_modules\htmlparser2\lib\Tokenizer.js:853:12)
    at Tokenizer.end (C:\Users\damithch\AppData\Roaming\npm\node_modules\markbind-cli\node_modules\htmlparser2\lib\Tokenizer.js:844:25)
    at Parser.end (C:\Users\damithch\AppData\Roaming\npm\node_modules\markbind-cli\node_modules\htmlparser2\lib\Parser.js:338:18)
2019-01-06T04:21:15.478Z - info: Pages rebuilt
2019-01-06T04:21:15.487Z - info: Site data built
2019-01-06T04:32:05.074Z - info: [12:32:05] Reload for file change: C:\repos\nus-te3201\te3201-2019-website\admin\te3201-admin.md
2019-01-06T04:32:06.087Z - verbose: Rebuild affected paths: C:\repos\nus-te3201\te3201-2019-website\admin\te3201-admin.md
2019-01-06T04:32:06.087Z - info: Rebuilding 1 pages
2019-01-06T04:32:06.192Z - error:  Error: No such file: C:\repos\nus-te3201\te3201-2019-website\book-adapted\usage.md
Missing reference in C:\repos\nus-te3201\te3201-2019-website\admin\te3201-admin.md
    at Parser._preprocess (C:\Users\damithch\AppData\Roaming\npm\node_modules\markbind-cli\src\lib\markbind\src\parser.js:145:21)
    at element.children.element.children.map.e (C:\Users\damithch\AppData\Roaming\npm\node_modules\markbind-cli\src\lib\markbind\src\parser.js:264:57)
    at Array.map (<anonymous>)
    at Parser._preprocess (C:\Users\damithch\AppData\Roaming\npm\node_modules\markbind-cli\src\lib\markbind\src\parser.js:264:43)
    at element.children.element.children.map.e (C:\Users\damithch\AppData\Roaming\npm\node_modules\markbind-cli\src\lib\markbind\src\parser.js:264:57)
    at Array.map (<anonymous>)
    at Parser._preprocess (C:\Users\damithch\AppData\Roaming\npm\node_modules\markbind-cli\src\lib\markbind\src\parser.js:264:43)
    at dom.map (C:\Users\damithch\AppData\Roaming\npm\node_modules\markbind-cli\src\lib\markbind\src\parser.js:364:28)
    at Array.map (<anonymous>)
    at DomHandler.htmlparser.DomHandler [as _callback] (C:\Users\damithch\AppData\Roaming\npm\node_modules\markbind-cli\src\lib\markbind\src\parser.js:361:25)
    at DomHandler._handleCallback.DomHandler.onerror (C:\Users\damithch\AppData\Roaming\npm\node_modules\markbind-cli\node_modules\domhandler\index.js:52:8)
    at DomHandler.onend (C:\Users\damithch\AppData\Roaming\npm\node_modules\markbind-cli\node_modules\domhandler\index.js:46:7)
    at Parser.onend (C:\Users\damithch\AppData\Roaming\npm\node_modules\markbind-cli\node_modules\htmlparser2\lib\Parser.js:310:32)
    at Tokenizer._finish (C:\Users\damithch\AppData\Roaming\npm\node_modules\markbind-cli\node_modules\htmlparser2\lib\Tokenizer.js:853:12)
    at Tokenizer.end (C:\Users\damithch\AppData\Roaming\npm\node_modules\markbind-cli\node_modules\htmlparser2\lib\Tokenizer.js:844:25)
    at Parser.end (C:\Users\damithch\AppData\Roaming\npm\node_modules\markbind-cli\node_modules\htmlparser2\lib\Parser.js:338:18)
2019-01-06T04:32:06.577Z - info: Pages rebuilt
2019-01-06T04:32:06.581Z - info: Site data built
2019-01-06T04:32:31.068Z - info: [12:32:31] Reload for file change: C:\repos\nus-te3201\te3201-2019-website\admin\te3201-admin.md
2019-01-06T04:32:32.073Z - verbose: Rebuild affected paths: C:\repos\nus-te3201\te3201-2019-website\admin\te3201-admin.md
2019-01-06T04:32:32.076Z - info: Rebuilding 1 pages
2019-01-06T04:32:32.172Z - error:  Error: No such file: C:\repos\nus-te3201\te3201-2019-website\book-adapted\usage.md
Missing reference in C:\repos\nus-te3201\te3201-2019-website\admin\te3201-admin.md
    at Parser._preprocess (C:\Users\damithch\AppData\Roaming\npm\node_modules\markbind-cli\src\lib\markbind\src\parser.js:145:21)
    at element.children.element.children.map.e (C:\Users\damithch\AppData\Roaming\npm\node_modules\markbind-cli\src\lib\markbind\src\parser.js:264:57)
    at Array.map (<anonymous>)
    at Parser._preprocess (C:\Users\damithch\AppData\Roaming\npm\node_modules\markbind-cli\src\lib\markbind\src\parser.js:264:43)
    at element.children.element.children.map.e (C:\Users\damithch\AppData\Roaming\npm\node_modules\markbind-cli\src\lib\markbind\src\parser.js:264:57)
    at Array.map (<anonymous>)
    at Parser._preprocess (C:\Users\damithch\AppData\Roaming\npm\node_modules\markbind-cli\src\lib\markbind\src\parser.js:264:43)
    at dom.map (C:\Users\damithch\AppData\Roaming\npm\node_modules\markbind-cli\src\lib\markbind\src\parser.js:364:28)
    at Array.map (<anonymous>)
    at DomHandler.htmlparser.DomHandler [as _callback] (C:\Users\damithch\AppData\Roaming\npm\node_modules\markbind-cli\src\lib\markbind\src\parser.js:361:25)
    at DomHandler._handleCallback.DomHandler.onerror (C:\Users\damithch\AppData\Roaming\npm\node_modules\markbind-cli\node_modules\domhandler\index.js:52:8)
    at DomHandler.onend (C:\Users\damithch\AppData\Roaming\npm\node_modules\markbind-cli\node_modules\domhandler\index.js:46:7)
    at Parser.onend (C:\Users\damithch\AppData\Roaming\npm\node_modules\markbind-cli\node_modules\htmlparser2\lib\Parser.js:310:32)
    at Tokenizer._finish (C:\Users\damithch\AppData\Roaming\npm\node_modules\markbind-cli\node_modules\htmlparser2\lib\Tokenizer.js:853:12)
    at Tokenizer.end (C:\Users\damithch\AppData\Roaming\npm\node_modules\markbind-cli\node_modules\htmlparser2\lib\Tokenizer.js:844:25)
    at Parser.end (C:\Users\damithch\AppData\Roaming\npm\node_modules\markbind-cli\node_modules\htmlparser2\lib\Parser.js:338:18)
2019-01-06T04:32:32.471Z - info: Pages rebuilt
2019-01-06T04:32:32.474Z - info: Site data built
2019-01-06T04:32:49.059Z - info: [12:32:49] Reload for file change: C:\repos\nus-te3201\te3201-2019-website\admin\te3201-admin.md
2019-01-06T04:32:50.058Z - verbose: Rebuild affected paths: C:\repos\nus-te3201\te3201-2019-website\admin\te3201-admin.md
2019-01-06T04:32:50.058Z - info: Rebuilding 1 pages
2019-01-06T04:32:50.139Z - error:  Error: No such file: C:\repos\nus-te3201\te3201-2019-website\book-adapted\usage.md
Missing reference in C:\repos\nus-te3201\te3201-2019-website\admin\te3201-admin.md
    at Parser._preprocess (C:\Users\damithch\AppData\Roaming\npm\node_modules\markbind-cli\src\lib\markbind\src\parser.js:145:21)
    at element.children.element.children.map.e (C:\Users\damithch\AppData\Roaming\npm\node_modules\markbind-cli\src\lib\markbind\src\parser.js:264:57)
    at Array.map (<anonymous>)
    at Parser._preprocess (C:\Users\damithch\AppData\Roaming\npm\node_modules\markbind-cli\src\lib\markbind\src\parser.js:264:43)
    at element.children.element.children.map.e (C:\Users\damithch\AppData\Roaming\npm\node_modules\markbind-cli\src\lib\markbind\src\parser.js:264:57)
    at Array.map (<anonymous>)
    at Parser._preprocess (C:\Users\damithch\AppData\Roaming\npm\node_modules\markbind-cli\src\lib\markbind\src\parser.js:264:43)
    at dom.map (C:\Users\damithch\AppData\Roaming\npm\node_modules\markbind-cli\src\lib\markbind\src\parser.js:364:28)
    at Array.map (<anonymous>)
    at DomHandler.htmlparser.DomHandler [as _callback] (C:\Users\damithch\AppData\Roaming\npm\node_modules\markbind-cli\src\lib\markbind\src\parser.js:361:25)
    at DomHandler._handleCallback.DomHandler.onerror (C:\Users\damithch\AppData\Roaming\npm\node_modules\markbind-cli\node_modules\domhandler\index.js:52:8)
    at DomHandler.onend (C:\Users\damithch\AppData\Roaming\npm\node_modules\markbind-cli\node_modules\domhandler\index.js:46:7)
    at Parser.onend (C:\Users\damithch\AppData\Roaming\npm\node_modules\markbind-cli\node_modules\htmlparser2\lib\Parser.js:310:32)
    at Tokenizer._finish (C:\Users\damithch\AppData\Roaming\npm\node_modules\markbind-cli\node_modules\htmlparser2\lib\Tokenizer.js:853:12)
    at Tokenizer.end (C:\Users\damithch\AppData\Roaming\npm\node_modules\markbind-cli\node_modules\htmlparser2\lib\Tokenizer.js:844:25)
    at Parser.end (C:\Users\damithch\AppData\Roaming\npm\node_modules\markbind-cli\node_modules\htmlparser2\lib\Parser.js:338:18)
2019-01-06T04:32:50.467Z - info: Pages rebuilt
2019-01-06T04:32:50.474Z - info: Site data built
2019-01-06T04:34:52.741Z - info: [12:34:52] Reload for file change: C:\repos\nus-te3201\te3201-2019-website\admin\te3201-admin.md
2019-01-06T04:34:53.743Z - verbose: Rebuild affected paths: C:\repos\nus-te3201\te3201-2019-website\admin\te3201-admin.md
2019-01-06T04:34:53.750Z - info: Rebuilding 1 pages
2019-01-06T04:34:53.839Z - error:  Error: No such file: C:\repos\nus-te3201\te3201-2019-website\book-adapted\usage.md
Missing reference in C:\repos\nus-te3201\te3201-2019-website\admin\te3201-admin.md
    at Parser._preprocess (C:\Users\damithch\AppData\Roaming\npm\node_modules\markbind-cli\src\lib\markbind\src\parser.js:145:21)
    at element.children.element.children.map.e (C:\Users\damithch\AppData\Roaming\npm\node_modules\markbind-cli\src\lib\markbind\src\parser.js:264:57)
    at Array.map (<anonymous>)
    at Parser._preprocess (C:\Users\damithch\AppData\Roaming\npm\node_modules\markbind-cli\src\lib\markbind\src\parser.js:264:43)
    at element.children.element.children.map.e (C:\Users\damithch\AppData\Roaming\npm\node_modules\markbind-cli\src\lib\markbind\src\parser.js:264:57)
    at Array.map (<anonymous>)
    at Parser._preprocess (C:\Users\damithch\AppData\Roaming\npm\node_modules\markbind-cli\src\lib\markbind\src\parser.js:264:43)
    at dom.map (C:\Users\damithch\AppData\Roaming\npm\node_modules\markbind-cli\src\lib\markbind\src\parser.js:364:28)
    at Array.map (<anonymous>)
    at DomHandler.htmlparser.DomHandler [as _callback] (C:\Users\damithch\AppData\Roaming\npm\node_modules\markbind-cli\src\lib\markbind\src\parser.js:361:25)
    at DomHandler._handleCallback.DomHandler.onerror (C:\Users\damithch\AppData\Roaming\npm\node_modules\markbind-cli\node_modules\domhandler\index.js:52:8)
    at DomHandler.onend (C:\Users\damithch\AppData\Roaming\npm\node_modules\markbind-cli\node_modules\domhandler\index.js:46:7)
    at Parser.onend (C:\Users\damithch\AppData\Roaming\npm\node_modules\markbind-cli\node_modules\htmlparser2\lib\Parser.js:310:32)
    at Tokenizer._finish (C:\Users\damithch\AppData\Roaming\npm\node_modules\markbind-cli\node_modules\htmlparser2\lib\Tokenizer.js:853:12)
    at Tokenizer.end (C:\Users\damithch\AppData\Roaming\npm\node_modules\markbind-cli\node_modules\htmlparser2\lib\Tokenizer.js:844:25)
    at Parser.end (C:\Users\damithch\AppData\Roaming\npm\node_modules\markbind-cli\node_modules\htmlparser2\lib\Parser.js:338:18)
2019-01-06T04:34:54.226Z - info: Pages rebuilt
2019-01-06T04:34:54.230Z - info: Site data built
2019-01-06T04:35:17.624Z - info: [12:35:17] Reload for file change: C:\repos\nus-te3201\te3201-2019-website\admin\te3201-admin.md
2019-01-06T04:35:18.629Z - verbose: Rebuild affected paths: C:\repos\nus-te3201\te3201-2019-website\admin\te3201-admin.md
2019-01-06T04:35:18.633Z - info: Rebuilding 1 pages
2019-01-06T04:35:18.736Z - error:  Error: No such file: C:\repos\nus-te3201\te3201-2019-website\book-adapted\usage.md
Missing reference in C:\repos\nus-te3201\te3201-2019-website\admin\te3201-admin.md
    at Parser._preprocess (C:\Users\damithch\AppData\Roaming\npm\node_modules\markbind-cli\src\lib\markbind\src\parser.js:145:21)
    at element.children.element.children.map.e (C:\Users\damithch\AppData\Roaming\npm\node_modules\markbind-cli\src\lib\markbind\src\parser.js:264:57)
    at Array.map (<anonymous>)
    at Parser._preprocess (C:\Users\damithch\AppData\Roaming\npm\node_modules\markbind-cli\src\lib\markbind\src\parser.js:264:43)
    at element.children.element.children.map.e (C:\Users\damithch\AppData\Roaming\npm\node_modules\markbind-cli\src\lib\markbind\src\parser.js:264:57)
    at Array.map (<anonymous>)
    at Parser._preprocess (C:\Users\damithch\AppData\Roaming\npm\node_modules\markbind-cli\src\lib\markbind\src\parser.js:264:43)
    at dom.map (C:\Users\damithch\AppData\Roaming\npm\node_modules\markbind-cli\src\lib\markbind\src\parser.js:364:28)
    at Array.map (<anonymous>)
    at DomHandler.htmlparser.DomHandler [as _callback] (C:\Users\damithch\AppData\Roaming\npm\node_modules\markbind-cli\src\lib\markbind\src\parser.js:361:25)
    at DomHandler._handleCallback.DomHandler.onerror (C:\Users\damithch\AppData\Roaming\npm\node_modules\markbind-cli\node_modules\domhandler\index.js:52:8)
    at DomHandler.onend (C:\Users\damithch\AppData\Roaming\npm\node_modules\markbind-cli\node_modules\domhandler\index.js:46:7)
    at Parser.onend (C:\Users\damithch\AppData\Roaming\npm\node_modules\markbind-cli\node_modules\htmlparser2\lib\Parser.js:310:32)
    at Tokenizer._finish (C:\Users\damithch\AppData\Roaming\npm\node_modules\markbind-cli\node_modules\htmlparser2\lib\Tokenizer.js:853:12)
    at Tokenizer.end (C:\Users\damithch\AppData\Roaming\npm\node_modules\markbind-cli\node_modules\htmlparser2\lib\Tokenizer.js:844:25)
    at Parser.end (C:\Users\damithch\AppData\Roaming\npm\node_modules\markbind-cli\node_modules\htmlparser2\lib\Parser.js:338:18)
2019-01-06T04:35:19.095Z - info: Pages rebuilt
2019-01-06T04:35:19.104Z - info: Site data built
2019-01-06T04:40:41.202Z - info: [12:40:41] Reload for file change: C:\repos\nus-te3201\te3201-2019-website\admin\te3201-admin.md
2019-01-06T04:40:42.208Z - verbose: Rebuild affected paths: C:\repos\nus-te3201\te3201-2019-website\admin\te3201-admin.md
2019-01-06T04:40:42.215Z - info: Rebuilding 1 pages
2019-01-06T04:40:42.286Z - error:  Error: No such file: C:\repos\nus-te3201\te3201-2019-website\book-adapted\usage.md
Missing reference in C:\repos\nus-te3201\te3201-2019-website\admin\te3201-admin.md
    at Parser._preprocess (C:\Users\damithch\AppData\Roaming\npm\node_modules\markbind-cli\src\lib\markbind\src\parser.js:145:21)
    at element.children.element.children.map.e (C:\Users\damithch\AppData\Roaming\npm\node_modules\markbind-cli\src\lib\markbind\src\parser.js:264:57)
    at Array.map (<anonymous>)
    at Parser._preprocess (C:\Users\damithch\AppData\Roaming\npm\node_modules\markbind-cli\src\lib\markbind\src\parser.js:264:43)
    at element.children.element.children.map.e (C:\Users\damithch\AppData\Roaming\npm\node_modules\markbind-cli\src\lib\markbind\src\parser.js:264:57)
    at Array.map (<anonymous>)
    at Parser._preprocess (C:\Users\damithch\AppData\Roaming\npm\node_modules\markbind-cli\src\lib\markbind\src\parser.js:264:43)
    at dom.map (C:\Users\damithch\AppData\Roaming\npm\node_modules\markbind-cli\src\lib\markbind\src\parser.js:364:28)
    at Array.map (<anonymous>)
    at DomHandler.htmlparser.DomHandler [as _callback] (C:\Users\damithch\AppData\Roaming\npm\node_modules\markbind-cli\src\lib\markbind\src\parser.js:361:25)
    at DomHandler._handleCallback.DomHandler.onerror (C:\Users\damithch\AppData\Roaming\npm\node_modules\markbind-cli\node_modules\domhandler\index.js:52:8)
    at DomHandler.onend (C:\Users\damithch\AppData\Roaming\npm\node_modules\markbind-cli\node_modules\domhandler\index.js:46:7)
    at Parser.onend (C:\Users\damithch\AppData\Roaming\npm\node_modules\markbind-cli\node_modules\htmlparser2\lib\Parser.js:310:32)
    at Tokenizer._finish (C:\Users\damithch\AppData\Roaming\npm\node_modules\markbind-cli\node_modules\htmlparser2\lib\Tokenizer.js:853:12)
    at Tokenizer.end (C:\Users\damithch\AppData\Roaming\npm\node_modules\markbind-cli\node_modules\htmlparser2\lib\Tokenizer.js:844:25)
    at Parser.end (C:\Users\damithch\AppData\Roaming\npm\node_modules\markbind-cli\node_modules\htmlparser2\lib\Parser.js:338:18)
2019-01-06T04:40:42.704Z - info: Pages rebuilt
2019-01-06T04:40:42.712Z - info: Site data built
2019-01-06T04:40:56.620Z - info: [12:40:56] Reload for file change: C:\repos\nus-te3201\te3201-2019-website\admin\te3201-admin.md
2019-01-06T04:40:57.622Z - verbose: Rebuild affected paths: C:\repos\nus-te3201\te3201-2019-website\admin\te3201-admin.md
2019-01-06T04:40:57.627Z - info: Rebuilding 1 pages
2019-01-06T04:40:57.721Z - error:  Error: No such file: C:\repos\nus-te3201\te3201-2019-website\book-adapted\usage.md
Missing reference in C:\repos\nus-te3201\te3201-2019-website\admin\te3201-admin.md
    at Parser._preprocess (C:\Users\damithch\AppData\Roaming\npm\node_modules\markbind-cli\src\lib\markbind\src\parser.js:145:21)
    at element.children.element.children.map.e (C:\Users\damithch\AppData\Roaming\npm\node_modules\markbind-cli\src\lib\markbind\src\parser.js:264:57)
    at Array.map (<anonymous>)
    at Parser._preprocess (C:\Users\damithch\AppData\Roaming\npm\node_modules\markbind-cli\src\lib\markbind\src\parser.js:264:43)
    at element.children.element.children.map.e (C:\Users\damithch\AppData\Roaming\npm\node_modules\markbind-cli\src\lib\markbind\src\parser.js:264:57)
    at Array.map (<anonymous>)
    at Parser._preprocess (C:\Users\damithch\AppData\Roaming\npm\node_modules\markbind-cli\src\lib\markbind\src\parser.js:264:43)
    at dom.map (C:\Users\damithch\AppData\Roaming\npm\node_modules\markbind-cli\src\lib\markbind\src\parser.js:364:28)
    at Array.map (<anonymous>)
    at DomHandler.htmlparser.DomHandler [as _callback] (C:\Users\damithch\AppData\Roaming\npm\node_modules\markbind-cli\src\lib\markbind\src\parser.js:361:25)
    at DomHandler._handleCallback.DomHandler.onerror (C:\Users\damithch\AppData\Roaming\npm\node_modules\markbind-cli\node_modules\domhandler\index.js:52:8)
    at DomHandler.onend (C:\Users\damithch\AppData\Roaming\npm\node_modules\markbind-cli\node_modules\domhandler\index.js:46:7)
    at Parser.onend (C:\Users\damithch\AppData\Roaming\npm\node_modules\markbind-cli\node_modules\htmlparser2\lib\Parser.js:310:32)
    at Tokenizer._finish (C:\Users\damithch\AppData\Roaming\npm\node_modules\markbind-cli\node_modules\htmlparser2\lib\Tokenizer.js:853:12)
    at Tokenizer.end (C:\Users\damithch\AppData\Roaming\npm\node_modules\markbind-cli\node_modules\htmlparser2\lib\Tokenizer.js:844:25)
    at Parser.end (C:\Users\damithch\AppData\Roaming\npm\node_modules\markbind-cli\node_modules\htmlparser2\lib\Parser.js:338:18)
2019-01-06T04:40:58.015Z - info: Pages rebuilt
2019-01-06T04:40:58.019Z - info: Site data built
2019-01-06T04:41:19.252Z - info: [12:41:19] Reload for file change: C:\repos\nus-te3201\te3201-2019-website\admin\te3201-admin.md
2019-01-06T04:41:20.258Z - verbose: Rebuild affected paths: C:\repos\nus-te3201\te3201-2019-website\admin\te3201-admin.md
2019-01-06T04:41:20.259Z - info: Rebuilding 1 pages
2019-01-06T04:41:20.317Z - error:  Error: No such file: C:\repos\nus-te3201\te3201-2019-website\book-adapted\usage.md
Missing reference in C:\repos\nus-te3201\te3201-2019-website\admin\te3201-admin.md
    at Parser._preprocess (C:\Users\damithch\AppData\Roaming\npm\node_modules\markbind-cli\src\lib\markbind\src\parser.js:145:21)
    at element.children.element.children.map.e (C:\Users\damithch\AppData\Roaming\npm\node_modules\markbind-cli\src\lib\markbind\src\parser.js:264:57)
    at Array.map (<anonymous>)
    at Parser._preprocess (C:\Users\damithch\AppData\Roaming\npm\node_modules\markbind-cli\src\lib\markbind\src\parser.js:264:43)
    at element.children.element.children.map.e (C:\Users\damithch\AppData\Roaming\npm\node_modules\markbind-cli\src\lib\markbind\src\parser.js:264:57)
    at Array.map (<anonymous>)
    at Parser._preprocess (C:\Users\damithch\AppData\Roaming\npm\node_modules\markbind-cli\src\lib\markbind\src\parser.js:264:43)
    at dom.map (C:\Users\damithch\AppData\Roaming\npm\node_modules\markbind-cli\src\lib\markbind\src\parser.js:364:28)
    at Array.map (<anonymous>)
    at DomHandler.htmlparser.DomHandler [as _callback] (C:\Users\damithch\AppData\Roaming\npm\node_modules\markbind-cli\src\lib\markbind\src\parser.js:361:25)
    at DomHandler._handleCallback.DomHandler.onerror (C:\Users\damithch\AppData\Roaming\npm\node_modules\markbind-cli\node_modules\domhandler\index.js:52:8)
    at DomHandler.onend (C:\Users\damithch\AppData\Roaming\npm\node_modules\markbind-cli\node_modules\domhandler\index.js:46:7)
    at Parser.onend (C:\Users\damithch\AppData\Roaming\npm\node_modules\markbind-cli\node_modules\htmlparser2\lib\Parser.js:310:32)
    at Tokenizer._finish (C:\Users\damithch\AppData\Roaming\npm\node_modules\markbind-cli\node_modules\htmlparser2\lib\Tokenizer.js:853:12)
    at Tokenizer.end (C:\Users\damithch\AppData\Roaming\npm\node_modules\markbind-cli\node_modules\htmlparser2\lib\Tokenizer.js:844:25)
    at Parser.end (C:\Users\damithch\AppData\Roaming\npm\node_modules\markbind-cli\node_modules\htmlparser2\lib\Parser.js:338:18)
2019-01-06T04:41:20.584Z - info: Pages rebuilt
2019-01-06T04:41:20.587Z - info: Site data built
2019-01-06T04:42:17.432Z - info: [12:42:17] Reload for file change: C:\repos\nus-te3201\te3201-2019-website\admin\te3201-admin.md
2019-01-06T04:42:18.435Z - verbose: Rebuild affected paths: C:\repos\nus-te3201\te3201-2019-website\admin\te3201-admin.md
2019-01-06T04:42:18.436Z - info: Rebuilding 1 pages
2019-01-06T04:42:18.505Z - error:  Error: No such file: C:\repos\nus-te3201\te3201-2019-website\book-adapted\usage.md
Missing reference in C:\repos\nus-te3201\te3201-2019-website\admin\te3201-admin.md
    at Parser._preprocess (C:\Users\damithch\AppData\Roaming\npm\node_modules\markbind-cli\src\lib\markbind\src\parser.js:145:21)
    at element.children.element.children.map.e (C:\Users\damithch\AppData\Roaming\npm\node_modules\markbind-cli\src\lib\markbind\src\parser.js:264:57)
    at Array.map (<anonymous>)
    at Parser._preprocess (C:\Users\damithch\AppData\Roaming\npm\node_modules\markbind-cli\src\lib\markbind\src\parser.js:264:43)
    at element.children.element.children.map.e (C:\Users\damithch\AppData\Roaming\npm\node_modules\markbind-cli\src\lib\markbind\src\parser.js:264:57)
    at Array.map (<anonymous>)
    at Parser._preprocess (C:\Users\damithch\AppData\Roaming\npm\node_modules\markbind-cli\src\lib\markbind\src\parser.js:264:43)
    at dom.map (C:\Users\damithch\AppData\Roaming\npm\node_modules\markbind-cli\src\lib\markbind\src\parser.js:364:28)
    at Array.map (<anonymous>)
    at DomHandler.htmlparser.DomHandler [as _callback] (C:\Users\damithch\AppData\Roaming\npm\node_modules\markbind-cli\src\lib\markbind\src\parser.js:361:25)
    at DomHandler._handleCallback.DomHandler.onerror (C:\Users\damithch\AppData\Roaming\npm\node_modules\markbind-cli\node_modules\domhandler\index.js:52:8)
    at DomHandler.onend (C:\Users\damithch\AppData\Roaming\npm\node_modules\markbind-cli\node_modules\domhandler\index.js:46:7)
    at Parser.onend (C:\Users\damithch\AppData\Roaming\npm\node_modules\markbind-cli\node_modules\htmlparser2\lib\Parser.js:310:32)
    at Tokenizer._finish (C:\Users\damithch\AppData\Roaming\npm\node_modules\markbind-cli\node_modules\htmlparser2\lib\Tokenizer.js:853:12)
    at Tokenizer.end (C:\Users\damithch\AppData\Roaming\npm\node_modules\markbind-cli\node_modules\htmlparser2\lib\Tokenizer.js:844:25)
    at Parser.end (C:\Users\damithch\AppData\Roaming\npm\node_modules\markbind-cli\node_modules\htmlparser2\lib\Parser.js:338:18)
2019-01-06T04:42:18.904Z - info: Pages rebuilt
2019-01-06T04:42:18.917Z - info: Site data built
2019-01-06T04:42:42.159Z - info: [12:42:42] Reload for file change: C:\repos\nus-te3201\te3201-2019-website\admin\te3201-admin.md
2019-01-06T04:42:43.166Z - verbose: Rebuild affected paths: C:\repos\nus-te3201\te3201-2019-website\admin\te3201-admin.md
2019-01-06T04:42:43.168Z - info: Rebuilding 1 pages
2019-01-06T04:42:43.257Z - error:  Error: No such file: C:\repos\nus-te3201\te3201-2019-website\book-adapted\usage.md
Missing reference in C:\repos\nus-te3201\te3201-2019-website\admin\te3201-admin.md
    at Parser._preprocess (C:\Users\damithch\AppData\Roaming\npm\node_modules\markbind-cli\src\lib\markbind\src\parser.js:145:21)
    at element.children.element.children.map.e (C:\Users\damithch\AppData\Roaming\npm\node_modules\markbind-cli\src\lib\markbind\src\parser.js:264:57)
    at Array.map (<anonymous>)
    at Parser._preprocess (C:\Users\damithch\AppData\Roaming\npm\node_modules\markbind-cli\src\lib\markbind\src\parser.js:264:43)
    at element.children.element.children.map.e (C:\Users\damithch\AppData\Roaming\npm\node_modules\markbind-cli\src\lib\markbind\src\parser.js:264:57)
    at Array.map (<anonymous>)
    at Parser._preprocess (C:\Users\damithch\AppData\Roaming\npm\node_modules\markbind-cli\src\lib\markbind\src\parser.js:264:43)
    at dom.map (C:\Users\damithch\AppData\Roaming\npm\node_modules\markbind-cli\src\lib\markbind\src\parser.js:364:28)
    at Array.map (<anonymous>)
    at DomHandler.htmlparser.DomHandler [as _callback] (C:\Users\damithch\AppData\Roaming\npm\node_modules\markbind-cli\src\lib\markbind\src\parser.js:361:25)
    at DomHandler._handleCallback.DomHandler.onerror (C:\Users\damithch\AppData\Roaming\npm\node_modules\markbind-cli\node_modules\domhandler\index.js:52:8)
    at DomHandler.onend (C:\Users\damithch\AppData\Roaming\npm\node_modules\markbind-cli\node_modules\domhandler\index.js:46:7)
    at Parser.onend (C:\Users\damithch\AppData\Roaming\npm\node_modules\markbind-cli\node_modules\htmlparser2\lib\Parser.js:310:32)
    at Tokenizer._finish (C:\Users\damithch\AppData\Roaming\npm\node_modules\markbind-cli\node_modules\htmlparser2\lib\Tokenizer.js:853:12)
    at Tokenizer.end (C:\Users\damithch\AppData\Roaming\npm\node_modules\markbind-cli\node_modules\htmlparser2\lib\Tokenizer.js:844:25)
    at Parser.end (C:\Users\damithch\AppData\Roaming\npm\node_modules\markbind-cli\node_modules\htmlparser2\lib\Parser.js:338:18)
2019-01-06T04:42:43.692Z - info: Pages rebuilt
2019-01-06T04:42:43.699Z - info: Site data built
2019-01-06T04:43:32.803Z - info: [12:43:32] Reload for file change: C:\repos\nus-te3201\te3201-2019-website\admin\te3201-admin.md
2019-01-06T04:43:33.807Z - verbose: Rebuild affected paths: C:\repos\nus-te3201\te3201-2019-website\admin\te3201-admin.md
2019-01-06T04:43:33.811Z - info: Rebuilding 1 pages
2019-01-06T04:43:34.256Z - info: Pages rebuilt
2019-01-06T04:43:34.283Z - info: Site data built
2019-01-06T04:45:41.191Z - info: [12:45:41] Reload for file change: C:\repos\nus-te3201\te3201-2019-website\admin\te3201-admin.md
2019-01-06T04:45:42.197Z - verbose: Rebuild affected paths: C:\repos\nus-te3201\te3201-2019-website\admin\te3201-admin.md
2019-01-06T04:45:42.199Z - info: Rebuilding 1 pages
2019-01-06T04:45:42.635Z - info: Pages rebuilt
2019-01-06T04:45:42.643Z - info: Site data built
2019-01-06T04:46:19.251Z - info: [12:46:19] Reload for file change: C:\repos\nus-te3201\te3201-2019-website\admin\te3201-admin.md
2019-01-06T04:46:20.258Z - verbose: Rebuild affected paths: C:\repos\nus-te3201\te3201-2019-website\admin\te3201-admin.md
2019-01-06T04:46:20.263Z - info: Rebuilding 1 pages
2019-01-06T04:46:20.750Z - info: Pages rebuilt
2019-01-06T04:46:20.762Z - info: Site data built
2019-01-06T04:49:39.716Z - info: [12:49:39] Reload for file change: C:\repos\nus-te3201\te3201-2019-website\admin\te3201-admin.md
2019-01-06T04:49:40.718Z - verbose: Rebuild affected paths: C:\repos\nus-te3201\te3201-2019-website\admin\te3201-admin.md
2019-01-06T04:49:40.724Z - info: Rebuilding 1 pages
2019-01-06T04:49:41.180Z - info: Pages rebuilt
2019-01-06T04:49:41.188Z - info: Site data built
2019-01-06T04:51:45.163Z - info: [12:51:45] Reload for file change: C:\repos\nus-te3201\te3201-2019-website\admin\te3201-admin.md
2019-01-06T04:51:46.166Z - verbose: Rebuild affected paths: C:\repos\nus-te3201\te3201-2019-website\admin\te3201-admin.md
2019-01-06T04:51:46.171Z - info: Rebuilding 1 pages
2019-01-06T04:51:46.650Z - info: Pages rebuilt
2019-01-06T04:51:46.657Z - info: Site data built
2019-01-06T05:18:35.250Z - info: [13:18:35] Reload for file change: C:\repos\nus-te3201\te3201-2019-website\se-book-adapted\config.njk
2019-01-06T05:18:36.300Z - info: Assets built
2019-01-06T05:19:29.760Z - info: Website generation started at 13:19:25
2019-01-06T05:19:31.859Z - info: Building assets...
2019-01-06T05:19:33.730Z - info: Assets built
2019-01-06T05:19:33.731Z - info: Generating pages...
2019-01-06T05:19:34.532Z - info: Pages built
2019-01-06T05:19:34.598Z - info: Site data built
2019-01-06T05:19:34.598Z - info: Website generation complete! Total build time: 8.629s
2019-01-06T05:19:34.610Z - info: Generate Site durationMs=8641
2019-01-06T05:19:34.631Z - info: Serving "C:\repos\nus-te3201\te3201-2019-website\_site" at http://127.0.0.1:8080
2019-01-06T05:19:34.631Z - info: Press CTRL+C to stop ...
2019-01-06T05:20:06.828Z - info: Website generation started at 13:20:05
2019-01-06T05:20:08.526Z - info: Building assets...
2019-01-06T05:20:10.604Z - info: Assets built
2019-01-06T05:20:10.604Z - info: Generating pages...
2019-01-06T05:20:18.699Z - info: Pages built
2019-01-06T05:20:18.775Z - info: Site data built
2019-01-06T05:20:18.775Z - info: Website generation complete! Total build time: 13.7s
2019-01-06T05:20:18.801Z - info: Generate Site durationMs=13725
2019-01-06T05:20:18.819Z - info: Serving "C:\repos\nus-te3201\te3201-2019-website\_site" at http://127.0.0.1:8080
2019-01-06T05:20:18.819Z - info: Press CTRL+C to stop ...
2019-01-06T05:24:06.378Z - info: [13:24:06] Reload for file change: C:\repos\nus-te3201\te3201-2019-website\se-book-adapted\config.njk
2019-01-06T05:24:07.391Z - info: Assets built
2019-01-06T05:28:20.802Z - info: [13:28:20] Reload for file change: C:\repos\nus-te3201\te3201-2019-website\se-book-adapted\config.njk
2019-01-06T05:28:21.833Z - info: Assets built
2019-01-06T05:50:16.715Z - info: [13:50:16] Reload for file change: C:\repos\nus-te3201\te3201-2019-website\se-book-adapted\config.njk
2019-01-06T05:50:17.739Z - info: Assets built
2019-01-06T05:50:29.925Z - info: Website generation started at 13:50:27
2019-01-06T05:50:31.579Z - info: Building assets...
2019-01-06T05:50:33.247Z - info: Assets built
2019-01-06T05:50:33.248Z - info: Generating pages...
2019-01-06T05:50:36.892Z - info: Pages built
2019-01-06T05:50:36.991Z - info: Site data built
2019-01-06T05:50:36.992Z - info: Website generation complete! Total build time: 9.229s
2019-01-06T05:50:37.008Z - info: Generate Site durationMs=9245
2019-01-06T05:50:37.029Z - info: Serving "C:\repos\nus-te3201\te3201-2019-website\_site" at http://127.0.0.1:8080
2019-01-06T05:50:37.029Z - info: Press CTRL+C to stop ...
2019-01-06T06:04:48.593Z - info: [14:04:48] Reload for file change: C:\repos\nus-te3201\te3201-2019-website\se-book-adapted\config.njk
2019-01-06T06:04:49.671Z - info: Assets built
2019-01-06T06:05:02.490Z - info: Website generation started at 14:05:00
2019-01-06T06:05:04.443Z - info: Building assets...
2019-01-06T06:05:06.841Z - info: Assets built
2019-01-06T06:05:06.841Z - info: Generating pages...
2019-01-06T06:05:10.724Z - info: Pages built
2019-01-06T06:05:10.808Z - info: Site data built
2019-01-06T06:05:10.808Z - info: Website generation complete! Total build time: 10.781s
2019-01-06T06:05:10.824Z - info: Generate Site durationMs=10797
2019-01-06T06:05:10.844Z - info: Serving "C:\repos\nus-te3201\te3201-2019-website\_site" at http://127.0.0.1:8080
2019-01-06T06:05:10.844Z - info: Press CTRL+C to stop ...
2019-01-06T06:23:59.688Z - info: [14:23:59] Reload for file change: C:\repos\nus-te3201\te3201-2019-website\se-book-adapted\config.njk
2019-01-06T06:24:00.699Z - info: Assets built
2019-01-06T06:27:32.059Z - info: [14:27:32] Reload for file change: C:\repos\nus-te3201\te3201-2019-website\se-book-adapted\config.njk
2019-01-06T06:27:33.067Z - info: Assets built
2019-01-06T06:27:44.609Z - info: Website generation started at 14:27:42
2019-01-06T06:27:47.726Z - info: Building assets...
2019-01-06T06:27:50.294Z - info: Assets built
2019-01-06T06:27:50.298Z - info: Generating pages...
2019-01-06T06:27:54.321Z - info: Pages built
2019-01-06T06:27:54.377Z - info: Site data built
2019-01-06T06:27:54.377Z - info: Website generation complete! Total build time: 11.957s
2019-01-06T06:27:54.385Z - info: Generate Site durationMs=11965
2019-01-06T06:27:54.405Z - info: Serving "C:\repos\nus-te3201\te3201-2019-website\_site" at http://127.0.0.1:8080
2019-01-06T06:27:54.405Z - info: Press CTRL+C to stop ...
2019-01-06T06:53:44.941Z - info: [14:53:44] Reload for file change: C:\repos\nus-te3201\te3201-2019-website\se-book-adapted\config.njk
2019-01-06T06:53:59.368Z - info: Website generation started at 14:53:57
2019-01-06T06:54:01.282Z - info: Building assets...
2019-01-06T06:54:03.370Z - info: Assets built
2019-01-06T06:54:03.370Z - info: Generating pages...
2019-01-06T06:55:28.530Z - info: Pages built
2019-01-06T06:55:28.612Z - info: Site data built
2019-01-06T06:55:28.612Z - info: Website generation complete! Total build time: 91.334s
2019-01-06T06:55:28.631Z - info: Generate Site durationMs=91352
2019-01-06T06:55:28.652Z - info: Serving "C:\repos\nus-te3201\te3201-2019-website\_site" at http://127.0.0.1:8080
2019-01-06T06:55:28.652Z - info: Press CTRL+C to stop ...
2019-01-06T07:04:14.711Z - info: [15:04:14] Reload for file change: C:\repos\nus-te3201\te3201-2019-website\book\integration\approaches\lateVsEarly\text.md
2019-01-06T07:04:14.723Z - info: [15:04:14] Reload for file change: C:\repos\nus-te3201\te3201-2019-website\se-book-adapted\config.njk
2019-01-06T07:04:14.727Z - info: [15:04:14] Reload for file change: C:\repos\nus-te3201\te3201-2019-website\book\integration\approaches\lateVsEarly\index.md
2019-01-06T07:04:15.719Z - verbose: Rebuild affected paths: C:\repos\nus-te3201\te3201-2019-website\book\integration\approaches\lateVsEarly\text.md,C:\repos\nus-te3201\te3201-2019-website\book\integration\approaches\lateVsEarly\index.md
2019-01-06T07:04:15.775Z - info: Rebuilding 8 pages
2019-01-06T07:04:19.492Z - info: Assets built
2019-01-06T07:04:21.579Z - info: Pages rebuilt
2019-01-06T07:04:21.607Z - info: Site data built
2019-01-06T07:08:14.974Z - info: [15:08:14] Reload for file change: C:\repos\nus-te3201\te3201-2019-website\se-book-adapted\config.njk
2019-01-06T07:08:15.985Z - info: Assets built
2019-01-06T07:13:34.150Z - info: [15:13:34] Reload for file change: C:\repos\nus-te3201\te3201-2019-website\_markbind\navigation\se-book-adapted-sitenav.md
2019-01-06T07:13:34.166Z - info: [15:13:34] Reload for file change: C:\repos\nus-te3201\te3201-2019-website\se-book-adapted\config.njk
2019-01-06T07:13:34.170Z - info: [15:13:34] Reload for file change: C:\repos\nus-te3201\te3201-2019-website\se-book-adapted\index.md
2019-01-06T07:13:35.158Z - verbose: Rebuild affected paths: C:\repos\nus-te3201\te3201-2019-website\_markbind\navigation\se-book-adapted-sitenav.md,C:\repos\nus-te3201\te3201-2019-website\se-book-adapted\index.md
2019-01-06T07:13:35.182Z - info: Rebuilding 35 pages
2019-01-06T07:13:44.659Z - info: Assets built
2019-01-06T07:13:49.694Z - info: Pages rebuilt
2019-01-06T07:13:49.714Z - info: Site data built
2019-01-06T07:14:12.363Z - info: [15:14:12] Reload for file change: C:\repos\nus-te3201\te3201-2019-website\se-book-adapted\index.md
2019-01-06T07:14:13.367Z - verbose: Rebuild affected paths: C:\repos\nus-te3201\te3201-2019-website\se-book-adapted\index.md
2019-01-06T07:14:13.367Z - info: Rebuilding 1 pages
2019-01-06T07:14:13.539Z - info: Pages rebuilt
2019-01-06T07:14:13.543Z - info: Site data built
2019-01-06T07:14:29.942Z - info: Website generation started at 15:14:25
2019-01-06T07:14:31.687Z - info: Building assets...
2019-01-06T07:14:34.717Z - info: Assets built
2019-01-06T07:14:34.718Z - info: Generating pages...
2019-01-06T07:16:08.581Z - info: Pages built
2019-01-06T07:16:08.653Z - info: Site data built
2019-01-06T07:16:08.653Z - info: Website generation complete! Total build time: 103.332s
2019-01-06T07:16:08.669Z - info: Generate Site durationMs=103348
2019-01-06T07:16:08.697Z - info: Serving "C:\repos\nus-te3201\te3201-2019-website\_site" at http://127.0.0.1:8080
2019-01-06T07:16:08.697Z - info: Press CTRL+C to stop ...
2019-01-06T07:27:31.672Z - info: Website generation started at 15:27:27
2019-01-06T07:27:33.690Z - info: Building assets...
