2019-03-10T12:14:55.891Z - info: Website generation started at 8:14:52 PM
2019-03-10T12:14:57.899Z - info: Building assets...
2019-03-10T12:14:59.964Z - info: Assets built
2019-03-10T12:14:59.964Z - info: Generating pages...
2019-03-10T12:15:54.435Z - info: Pages built
2019-03-10T12:16:04.223Z - info: Website generation complete! Total build time: 71.831s
2019-03-10T12:16:04.235Z - info: Generate Site durationMs=71843
2019-03-10T12:16:04.559Z - info: Serving "C:\repos\nus-te3201\te3201-2019-website\_site" at http://127.0.0.1:8080
2019-03-10T12:16:04.559Z - info: Press CTRL+C to stop ...
2019-03-10T12:16:04.593Z - info: Site data built
2019-03-10T12:17:20.757Z - info: [8:17:20 PM] Reload for file change: C:\repos\nus-te3201\te3201-2019-website\site.json
2019-03-10T12:17:21.777Z - info: Assets built
2019-03-10T12:17:35.226Z - info: Website generation started at 8:17:32 PM
2019-03-10T12:17:37.174Z - info: Building assets...
2019-03-10T12:17:39.032Z - info: Assets built
2019-03-10T12:17:39.033Z - info: Generating pages...
2019-03-10T12:18:36.597Z - info: Pages built
2019-03-10T12:18:47.469Z - info: Website generation complete! Total build time: 75.252s
2019-03-10T12:18:47.499Z - info: Generate Site durationMs=75282
2019-03-10T12:18:47.851Z - info: Serving "C:\repos\nus-te3201\te3201-2019-website\_site" at http://127.0.0.1:8080
2019-03-10T12:18:47.851Z - info: Press CTRL+C to stop ...
2019-03-10T12:18:47.871Z - info: Site data built
2019-03-10T12:21:23.395Z - info: Website generation started at 8:21:19 PM
2019-03-10T12:21:25.575Z - info: Building assets...
2019-03-10T12:21:27.869Z - info: Assets built
2019-03-10T12:21:27.869Z - info: Generating pages...
2019-03-10T12:22:25.126Z - info: Pages built
2019-03-10T12:22:36.058Z - info: Website generation complete! Total build time: 76.289s
2019-03-10T12:22:36.070Z - info: Generate Site durationMs=76302
2019-03-10T12:22:36.425Z - info: Serving "C:\repos\nus-te3201\te3201-2019-website\_site" at http://127.0.0.1:8080
2019-03-10T12:22:36.425Z - info: Press CTRL+C to stop ...
2019-03-10T12:22:36.441Z - info: Site data built
2019-03-10T12:23:35.203Z - info: [8:23:35 PM] Reload for file change: C:\repos\nus-te3201\te3201-2019-website\site.json
2019-03-10T12:23:36.224Z - info: Assets built
2019-03-10T12:23:51.972Z - info: Website generation started at 8:23:48 PM
2019-03-10T12:23:54.278Z - info: Building assets...
2019-03-10T12:23:56.414Z - info: Assets built
2019-03-10T12:23:56.414Z - info: Generating pages...
2019-03-10T12:24:53.627Z - info: Pages built
2019-03-10T12:25:04.095Z - info: Website generation complete! Total build time: 75.626s
2019-03-10T12:25:04.109Z - info: Generate Site durationMs=75641
2019-03-10T12:25:04.447Z - info: Serving "C:\repos\nus-te3201\te3201-2019-website\_site" at http://127.0.0.1:8080
2019-03-10T12:25:04.448Z - info: Press CTRL+C to stop ...
2019-03-10T12:25:04.464Z - info: Site data built
2019-03-10T12:25:45.743Z - info: [8:25:45 PM] Reload for file change: C:\repos\nus-te3201\te3201-2019-website\site.json
2019-03-10T12:25:46.753Z - info: Assets built
2019-03-10T12:26:03.555Z - info: Website generation started at 8:25:59 PM
2019-03-10T12:26:05.790Z - info: Building assets...
2019-03-10T12:26:07.892Z - info: Assets built
2019-03-10T12:26:07.893Z - info: Generating pages...
2019-03-10T12:27:05.161Z - info: Pages built
2019-03-10T12:27:17.715Z - info: Website generation complete! Total build time: 77.815s
2019-03-10T12:27:17.730Z - info: Generate Site durationMs=77830
2019-03-10T12:27:18.099Z - info: Serving "C:\repos\nus-te3201\te3201-2019-website\_site" at http://127.0.0.1:8080
2019-03-10T12:27:18.099Z - info: Press CTRL+C to stop ...
2019-03-10T12:27:18.120Z - info: Site data built
2019-03-10T12:28:35.687Z - info: [8:28:35 PM] Reload for file change: C:\repos\nus-te3201\te3201-2019-website\site.json
2019-03-10T12:28:36.705Z - info: Assets built
